#
# There is insufficient memory for the Java Runtime Environment to continue.
# Native memory allocation (malloc) failed to allocate 32744 bytes. Error detail: Chunk::new
# Possible reasons:
#   The system is out of physical RAM or swap space
#   This process is running with CompressedOops enabled, and the Java Heap may be blocking the growth of the native heap
# Possible solutions:
#   Reduce memory load on the system
#   Increase physical memory or swap space
#   Check if swap backing store is full
#   Decrease Java heap size (-Xmx/-Xms)
#   Decrease number of Java threads
#   Decrease Java thread stack sizes (-Xss)
#   Set larger code cache with -XX:ReservedCodeCacheSize=
#   JVM is running with Zero Based Compressed Oops mode in which the Java heap is
#     placed in the first 32GB address space. The Java Heap base address is the
#     maximum limit for the native heap growth. Please use -XX:HeapBaseMinAddress
#     to set the Java Heap base and to place the Java Heap above 32GB virtual address.
# This output file may be truncated or incomplete.
#
#  Out of Memory Error (arena.cpp:168), pid=10924, tid=20412
#
# JRE version: OpenJDK Runtime Environment Temurin-21.0.10+7 (21.0.10+7) (build 21.0.10+7-LTS)
# Java VM: OpenJDK 64-Bit Server VM Temurin-21.0.10+7 (21.0.10+7-LTS, mixed mode, sharing, tiered, compressed oops, compressed class ptrs, g1 gc, windows-amd64)
# No core dump will be written. Minidumps are not enabled by default on client versions of Windows
#

---------------  S U M M A R Y ------------

Command Line: --add-opens=java.base/java.lang=ALL-UNNAMED --add-opens=java.base/java.lang.invoke=ALL-UNNAMED --add-opens=java.base/java.util=ALL-UNNAMED --add-opens=java.prefs/java.util.prefs=ALL-UNNAMED --add-exports=jdk.compiler/com.sun.tools.javac.api=ALL-UNNAMED --add-exports=jdk.compiler/com.sun.tools.javac.util=ALL-UNNAMED --add-opens=java.base/java.util=ALL-UNNAMED --add-opens=java.prefs/java.util.prefs=ALL-UNNAMED --add-opens=java.base/java.nio.charset=ALL-UNNAMED --add-opens=java.base/java.net=ALL-UNNAMED --add-opens=java.base/java.util.concurrent.atomic=ALL-UNNAMED --add-opens=java.xml/javax.xml.namespace=ALL-UNNAMED -XX:MaxMetaspaceSize=4G -XX:ReservedCodeCacheSize=512m -XX:+HeapDumpOnOutOfMemoryError -Xmx8G -Dfile.encoding=UTF-8 -Duser.country=IN -Duser.language=en -Duser.variant -javaagent:C:\Users\admin\.gradle\wrapper\dists\gradle-8.14-all\c2qonpi39x1mddn7hk5gh9iqj\gradle-8.14\lib\agents\gradle-instrumentation-agent-8.14.jar org.gradle.launcher.daemon.bootstrap.GradleDaemon 8.14

Host: Intel(R) Core(TM) i5-1035G1 CPU @ 1.00GHz, 8 cores, 7G,  Windows 10 , 64 bit Build 19041 (10.0.19041.5915)
Time: Mon May 25 17:58:28 2026 India Standard Time elapsed time: 81.639663 seconds (0d 0h 1m 21s)

---------------  T H R E A D  ---------------

Current thread (0x000001fcff9b88b0):  JavaThread "C2 CompilerThread0" daemon [_thread_in_native, id=20412, stack(0x0000002863000000,0x0000002863100000) (1024K)]


Current CompileTask:
C2:81640 16384       4       org.gradle.internal.execution.impl.DefaultOutputSnapshotter::snapshotOutputs (25 bytes)

Stack: [0x0000002863000000,0x0000002863100000]
Native frames: (J=compiled Java code, j=interpreted, Vv=VM code, C=native code)
V  [jvm.dll+0x6d7a39]
V  [jvm.dll+0x8b4b26]
V  [jvm.dll+0x8b70de]
V  [jvm.dll+0x8b77c3]
V  [jvm.dll+0x284346]
V  [jvm.dll+0xc66ed]
V  [jvm.dll+0xc6c31]
V  [jvm.dll+0x3c46ad]
V  [jvm.dll+0x3c3cc1]
V  [jvm.dll+0x3c3d04]
V  [jvm.dll+0x5dedd6]
V  [jvm.dll+0x5df4fc]
V  [jvm.dll+0x38b191]
V  [jvm.dll+0x38a5aa]
V  [jvm.dll+0x24c560]
V  [jvm.dll+0x24bb40]
V  [jvm.dll+0x1cb34e]
V  [jvm.dll+0x25b85d]
V  [jvm.dll+0x259dea]
V  [jvm.dll+0x3f857e]
V  [jvm.dll+0x85f59d]
V  [jvm.dll+0x6d626d]
C  [ucrtbase.dll+0x21bb2]
C  [KERNEL32.DLL+0x17374]
C  [ntdll.dll+0x4cc91]


---------------  P R O C E S S  ---------------

Threads class SMR info:
_java_thread_list=0x000001fccdd16b50, length=135, elements={
0x000001fcd1d347e0, 0x000001fcff9ac3a0, 0x000001fcff9ad0f0, 0x000001fcff9aed50,
0x000001fcff9afb20, 0x000001fcff9b1290, 0x000001fcff9b19f0, 0x000001fcff9b88b0,
0x000001fcff9c6580, 0x000001fcc7287050, 0x000001fcc72e2f50, 0x000001fcc898bd60,
0x000001fcc8bbbec0, 0x000001fcc8d5a5d0, 0x000001fcc8c118b0, 0x000001fcc8c04470,
0x000001fcc8cc6740, 0x000001fcc8cfb0b0, 0x000001fcc8cfb740, 0x000001fcc8cfcaf0,
0x000001fcc8cfd180, 0x000001fcc8cfbdd0, 0x000001fcc8cfc460, 0x000001fcc8cfdea0,
0x000001fcc8cfd810, 0x000001fcc994fbf0, 0x000001fcc9953070, 0x000001fcc994d490,
0x000001fcc994e1b0, 0x000001fcc994e840, 0x000001fcc9951630, 0x000001fcc9953700,
0x000001fcc9950280, 0x000001fcc9950910, 0x000001fcc994f560, 0x000001fcc9954ab0,
0x000001fcc9950fa0, 0x000001fcc994eed0, 0x000001fcc9953d90, 0x000001fcc99529e0,
0x000001fcc999da60, 0x000001fcc9998510, 0x000001fcc999c020, 0x000001fcc99977f0,
0x000001fcc999c6b0, 0x000001fcc9997e80, 0x000001fcc999a5e0, 0x000001fcc9999f50,
0x000001fcc999ac70, 0x000001fcc999cd40, 0x000001fcc99998c0, 0x000001fcc999b300,
0x000001fcc9996ad0, 0x000001fcc999b990, 0x000001fcc999e0f0, 0x000001fcc9997160,
0x000001fcca88f770, 0x000001fcca88c2f0, 0x000001fcca891ed0, 0x000001fcca891840,
0x000001fcca88ea50, 0x000001fcca890490, 0x000001fcca88d6a0, 0x000001fcca8911b0,
0x000001fcca88dd30, 0x000001fcca890b20, 0x000001fcc8e04580, 0x000001fcc8e03860,
0x000001fcc8e052a0, 0x000001fcc8e01e20, 0x000001fcc8e024b0, 0x000001fcc8e031d0,
0x000001fcc8e03ef0, 0x000001fcc8e04c10, 0x000001fcc8e02b40, 0x000001fccbb231b0,
0x000001fccbb23840, 0x000001fccbb22490, 0x000001fccbb210e0, 0x000001fccbb21e00,
0x000001fccbb1f6a0, 0x000001fccbb23ed0, 0x000001fccbb24560, 0x000001fccbb24bf0,
0x000001fccbb25280, 0x000001fccbb1fd30, 0x000001fccbb25910, 0x000001fccbb25fa0,
0x000001fccbb22b20, 0x000001fccbb26630, 0x000001fccbb26cc0, 0x000001fccbb203c0,
0x000001fccbb20a50, 0x000001fccbb21770, 0x000001fcc718b6e0, 0x000001fcc718bd70,
0x000001fcc7189610, 0x000001fcc71888f0, 0x000001fcc718b050, 0x000001fcc7186190,
0x000001fcc7184de0, 0x000001fcc718c400, 0x000001fcc7186eb0, 0x000001fcc7185470,
0x000001fcc718a330, 0x000001fcc7188f80, 0x000001fcc7189ca0, 0x000001fcc7187540,
0x000001fcc718a9c0, 0x000001fcc7185b00, 0x000001fcc7186820, 0x000001fcc7187bd0,
0x000001fcc7188260, 0x000001fccba5ae10, 0x000001fccba5f640, 0x000001fccba5bb30,
0x000001fccba5a780, 0x000001fccba5b4a0, 0x000001fccba5dc00, 0x000001fccbe25820,
0x000001fccbe2ad70, 0x000001fccbe2ba90, 0x000001fccbe28ca0, 0x000001fccbe26bd0,
0x000001fccbe25eb0, 0x000001fccbe27f80, 0x000001fccc516a10, 0x000001fccc5142b0,
0x000001fccc516380, 0x000001fccc510110, 0x000001fccc5170a0, 0x000001fccc513590,
0x000001fccc513c20, 0x000001fccc5121e0, 0x000001fccc514fd0
}

Java Threads: ( => current thread )
  0x000001fcd1d347e0 JavaThread "main"                              [_thread_blocked, id=13724, stack(0x0000002862200000,0x0000002862300000) (1024K)]
  0x000001fcff9ac3a0 JavaThread "Reference Handler"          daemon [_thread_blocked, id=8788, stack(0x0000002862a00000,0x0000002862b00000) (1024K)]
  0x000001fcff9ad0f0 JavaThread "Finalizer"                  daemon [_thread_blocked, id=13168, stack(0x0000002862b00000,0x0000002862c00000) (1024K)]
  0x000001fcff9aed50 JavaThread "Signal Dispatcher"          daemon [_thread_blocked, id=14088, stack(0x0000002862c00000,0x0000002862d00000) (1024K)]
  0x000001fcff9afb20 JavaThread "Attach Listener"            daemon [_thread_blocked, id=4040, stack(0x0000002862d00000,0x0000002862e00000) (1024K)]
  0x000001fcff9b1290 JavaThread "Service Thread"             daemon [_thread_blocked, id=2904, stack(0x0000002862e00000,0x0000002862f00000) (1024K)]
  0x000001fcff9b19f0 JavaThread "Monitor Deflation Thread"   daemon [_thread_blocked, id=9660, stack(0x0000002862f00000,0x0000002863000000) (1024K)]
=>0x000001fcff9b88b0 JavaThread "C2 CompilerThread0"         daemon [_thread_in_native, id=20412, stack(0x0000002863000000,0x0000002863100000) (1024K)]
  0x000001fcff9c6580 JavaThread "C1 CompilerThread0"         daemon [_thread_blocked, id=12252, stack(0x0000002863100000,0x0000002863200000) (1024K)]
  0x000001fcc7287050 JavaThread "Common-Cleaner"             daemon [_thread_blocked, id=11540, stack(0x0000002863200000,0x0000002863300000) (1024K)]
  0x000001fcc72e2f50 JavaThread "Notification Thread"        daemon [_thread_blocked, id=20628, stack(0x0000002863300000,0x0000002863400000) (1024K)]
  0x000001fcc898bd60 JavaThread "Daemon health stats"               [_thread_blocked, id=12476, stack(0x0000002863900000,0x0000002863a00000) (1024K)]
  0x000001fcc8bbbec0 JavaThread "Incoming local TCP Connector on port 62648"        [_thread_in_native, id=12180, stack(0x0000002863d00000,0x0000002863e00000) (1024K)]
  0x000001fcc8d5a5d0 JavaThread "Daemon periodic checks"            [_thread_blocked, id=5164, stack(0x0000002863e00000,0x0000002863f00000) (1024K)]
  0x000001fcc8c118b0 JavaThread "Daemon"                            [_thread_blocked, id=15156, stack(0x0000002863f00000,0x0000002864000000) (1024K)]
  0x000001fcc8c04470 JavaThread "Handler for socket connection from /127.0.0.1:62648 to /127.0.0.1:62649"        [_thread_in_native, id=19332, stack(0x0000002864000000,0x0000002864100000) (1024K)]
  0x000001fcc8cc6740 JavaThread "Cancel handler"                    [_thread_blocked, id=16440, stack(0x0000002864100000,0x0000002864200000) (1024K)]
  0x000001fcc8cfb0b0 JavaThread "Daemon worker"                     [_thread_in_native, id=20572, stack(0x0000002864200000,0x0000002864300000) (1024K)]
  0x000001fcc8cfb740 JavaThread "Asynchronous log dispatcher for DefaultDaemonConnection: socket connection from /127.0.0.1:62648 to /127.0.0.1:62649"        [_thread_blocked, id=20236, stack(0x0000002864300000,0x0000002864400000) (1024K)]
  0x000001fcc8cfcaf0 JavaThread "Stdin handler"                     [_thread_blocked, id=10744, stack(0x0000002864400000,0x0000002864500000) (1024K)]
  0x000001fcc8cfd180 JavaThread "Daemon client event forwarder"        [_thread_in_native, id=7796, stack(0x0000002864500000,0x0000002864600000) (1024K)]
  0x000001fcc8cfbdd0 JavaThread "Cache worker for journal cache (C:\Users\admin\.gradle\caches\journal-1)"        [_thread_blocked, id=9016, stack(0x0000002864600000,0x0000002864700000) (1024K)]
  0x000001fcc8cfc460 JavaThread "File lock request listener"        [_thread_in_native, id=17456, stack(0x0000002864700000,0x0000002864800000) (1024K)]
  0x000001fcc8cfdea0 JavaThread "Cache worker for file hash cache (C:\Users\admin\.gradle\caches\8.14\fileHashes)"        [_thread_blocked, id=11684, stack(0x0000002864800000,0x0000002864900000) (1024K)]
  0x000001fcc8cfd810 JavaThread "Cache worker for file hash cache (C:\dev\New folder\android\.gradle\8.14\fileHashes)"        [_thread_blocked, id=14212, stack(0x0000002864a00000,0x0000002864b00000) (1024K)]
  0x000001fcc994fbf0 JavaThread "Cache worker for Build Output Cleanup Cache (C:\dev\New folder\android\.gradle\buildOutputCleanup)"        [_thread_blocked, id=10576, stack(0x0000002864b00000,0x0000002864c00000) (1024K)]
  0x000001fcc9953070 JavaThread "File watcher server"        daemon [_thread_in_native, id=3948, stack(0x0000002864c00000,0x0000002864d00000) (1024K)]
  0x000001fcc994d490 JavaThread "File watcher consumer"      daemon [_thread_blocked, id=16932, stack(0x0000002864d00000,0x0000002864e00000) (1024K)]
  0x000001fcc994e1b0 JavaThread "jar transforms"                    [_thread_blocked, id=3092, stack(0x0000002864e00000,0x0000002864f00000) (1024K)]
  0x000001fcc994e840 JavaThread "jar transforms Thread 2"           [_thread_blocked, id=13044, stack(0x0000002864f00000,0x0000002865000000) (1024K)]
  0x000001fcc9951630 JavaThread "jar transforms Thread 3"           [_thread_blocked, id=13408, stack(0x0000002865000000,0x0000002865100000) (1024K)]
  0x000001fcc9953700 JavaThread "File lock release action executor"        [_thread_blocked, id=9300, stack(0x0000002865100000,0x0000002865200000) (1024K)]
  0x000001fcc9950280 JavaThread "jar transforms Thread 4"           [_thread_blocked, id=16856, stack(0x0000002863400000,0x0000002863500000) (1024K)]
  0x000001fcc9950910 JavaThread "jar transforms Thread 5"           [_thread_blocked, id=11160, stack(0x0000002865200000,0x0000002865300000) (1024K)]
  0x000001fcc994f560 JavaThread "Cache worker for checksums cache (C:\dev\New folder\android\.gradle\8.14\checksums)"        [_thread_blocked, id=16212, stack(0x0000002865500000,0x0000002865600000) (1024K)]
  0x000001fcc9954ab0 JavaThread "Cache worker for file content cache (C:\Users\admin\.gradle\caches\8.14\fileContent)"        [_thread_blocked, id=7404, stack(0x0000002865600000,0x0000002865700000) (1024K)]
  0x000001fcc9950fa0 JavaThread "jar transforms Thread 6"           [_thread_blocked, id=20004, stack(0x0000002865700000,0x0000002865800000) (1024K)]
  0x000001fcc994eed0 JavaThread "jar transforms Thread 7"           [_thread_blocked, id=20316, stack(0x0000002865800000,0x0000002865900000) (1024K)]
  0x000001fcc9953d90 JavaThread "jar transforms Thread 8"           [_thread_blocked, id=9664, stack(0x0000002865900000,0x0000002865a00000) (1024K)]
  0x000001fcc99529e0 JavaThread "Cache worker for cache directory md-supplier (C:\Users\admin\.gradle\caches\8.14\md-supplier)"        [_thread_blocked, id=18528, stack(0x0000002865300000,0x0000002865400000) (1024K)]
  0x000001fcc999da60 JavaThread "Cache worker for cache directory md-rule (C:\Users\admin\.gradle\caches\8.14\md-rule)"        [_thread_blocked, id=13472, stack(0x0000002865400000,0x0000002865500000) (1024K)]
  0x000001fcc9998510 JavaThread "Cache worker for Build Output Cleanup Cache (C:\Users\admin\flutter\packages\flutter_tools\gradle\.gradle\buildOutputCleanup)"        [_thread_blocked, id=11668, stack(0x0000002865a00000,0x0000002865b00000) (1024K)]
  0x000001fcc999c020 JavaThread "Unconstrained build operations"        [_thread_blocked, id=13484, stack(0x0000002865b00000,0x0000002865c00000) (1024K)]
  0x000001fcc99977f0 JavaThread "Unconstrained build operations Thread 2"        [_thread_blocked, id=4528, stack(0x0000002865c00000,0x0000002865d00000) (1024K)]
  0x000001fcc999c6b0 JavaThread "Unconstrained build operations Thread 3"        [_thread_blocked, id=8688, stack(0x0000002865d00000,0x0000002865e00000) (1024K)]
  0x000001fcc9997e80 JavaThread "Unconstrained build operations Thread 4"        [_thread_blocked, id=11140, stack(0x0000002865e00000,0x0000002865f00000) (1024K)]
  0x000001fcc999a5e0 JavaThread "Unconstrained build operations Thread 5"        [_thread_blocked, id=8004, stack(0x0000002865f00000,0x0000002866000000) (1024K)]
  0x000001fcc9999f50 JavaThread "Unconstrained build operations Thread 6"        [_thread_blocked, id=11648, stack(0x0000002866000000,0x0000002866100000) (1024K)]
  0x000001fcc999ac70 JavaThread "Unconstrained build operations Thread 7"        [_thread_blocked, id=9336, stack(0x0000002866100000,0x0000002866200000) (1024K)]
  0x000001fcc999cd40 JavaThread "Unconstrained build operations Thread 8"        [_thread_blocked, id=8908, stack(0x0000002866200000,0x0000002866300000) (1024K)]
  0x000001fcc99998c0 JavaThread "Unconstrained build operations Thread 9"        [_thread_blocked, id=17720, stack(0x0000002866300000,0x0000002866400000) (1024K)]
  0x000001fcc999b300 JavaThread "Unconstrained build operations Thread 10"        [_thread_blocked, id=18724, stack(0x0000002866400000,0x0000002866500000) (1024K)]
  0x000001fcc9996ad0 JavaThread "Unconstrained build operations Thread 11"        [_thread_blocked, id=17632, stack(0x0000002866500000,0x0000002866600000) (1024K)]
  0x000001fcc999b990 JavaThread "Unconstrained build operations Thread 12"        [_thread_blocked, id=18964, stack(0x0000002866600000,0x0000002866700000) (1024K)]
  0x000001fcc999e0f0 JavaThread "Unconstrained build operations Thread 13"        [_thread_blocked, id=17968, stack(0x0000002866700000,0x0000002866800000) (1024K)]
  0x000001fcc9997160 JavaThread "Unconstrained build operations Thread 14"        [_thread_blocked, id=17500, stack(0x0000002866800000,0x0000002866900000) (1024K)]
  0x000001fcca88f770 JavaThread "Unconstrained build operations Thread 15"        [_thread_blocked, id=7160, stack(0x0000002866a00000,0x0000002866b00000) (1024K)]
  0x000001fcca88c2f0 JavaThread "Unconstrained build operations Thread 16"        [_thread_blocked, id=19448, stack(0x0000002866b00000,0x0000002866c00000) (1024K)]
  0x000001fcca891ed0 JavaThread "Unconstrained build operations Thread 17"        [_thread_blocked, id=14164, stack(0x0000002866c00000,0x0000002866d00000) (1024K)]
  0x000001fcca891840 JavaThread "Unconstrained build operations Thread 18"        [_thread_blocked, id=6240, stack(0x0000002866d00000,0x0000002866e00000) (1024K)]
  0x000001fcca88ea50 JavaThread "Unconstrained build operations Thread 19"        [_thread_blocked, id=7344, stack(0x0000002866e00000,0x0000002866f00000) (1024K)]
  0x000001fcca890490 JavaThread "Unconstrained build operations Thread 20"        [_thread_blocked, id=17568, stack(0x0000002866f00000,0x0000002867000000) (1024K)]
  0x000001fcca88d6a0 JavaThread "Unconstrained build operations Thread 21"        [_thread_blocked, id=11440, stack(0x0000002867000000,0x0000002867100000) (1024K)]
  0x000001fcca8911b0 JavaThread "Memory manager"                    [_thread_blocked, id=20300, stack(0x0000002867100000,0x0000002867200000) (1024K)]
  0x000001fcca88dd30 JavaThread "build event listener"              [_thread_blocked, id=19676, stack(0x0000002866900000,0x0000002866a00000) (1024K)]
  0x000001fcca890b20 JavaThread "included builds"                   [_thread_blocked, id=13288, stack(0x0000002867300000,0x0000002867400000) (1024K)]
  0x000001fcc8e04580 JavaThread "Execution worker"                  [_thread_blocked, id=14964, stack(0x0000002867400000,0x0000002867500000) (1024K)]
  0x000001fcc8e03860 JavaThread "Execution worker Thread 2"         [_thread_blocked, id=19484, stack(0x0000002867500000,0x0000002867600000) (1024K)]
  0x000001fcc8e052a0 JavaThread "Execution worker Thread 3"         [_thread_blocked, id=6152, stack(0x0000002867600000,0x0000002867700000) (1024K)]
  0x000001fcc8e01e20 JavaThread "Execution worker Thread 4"         [_thread_blocked, id=19440, stack(0x0000002867700000,0x0000002867800000) (1024K)]
  0x000001fcc8e024b0 JavaThread "Execution worker Thread 5"         [_thread_blocked, id=12148, stack(0x0000002867800000,0x0000002867900000) (1024K)]
  0x000001fcc8e031d0 JavaThread "Execution worker Thread 6"         [_thread_blocked, id=14508, stack(0x0000002867900000,0x0000002867a00000) (1024K)]
  0x000001fcc8e03ef0 JavaThread "Execution worker Thread 7"         [_thread_blocked, id=13612, stack(0x0000002867a00000,0x0000002867b00000) (1024K)]
  0x000001fcc8e04c10 JavaThread "Cache worker for execution history cache (C:\Users\admin\flutter\packages\flutter_tools\gradle\.gradle\8.14\executionHistory)"        [_thread_blocked, id=12480, stack(0x0000002867b00000,0x0000002867c00000) (1024K)]
  0x000001fcc8e02b40 JavaThread "Unconstrained build operations Thread 22"        [_thread_blocked, id=11828, stack(0x0000002867c00000,0x0000002867d00000) (1024K)]
  0x000001fccbb231b0 JavaThread "Unconstrained build operations Thread 23"        [_thread_blocked, id=11316, stack(0x0000002867d00000,0x0000002867e00000) (1024K)]
  0x000001fccbb23840 JavaThread "Unconstrained build operations Thread 24"        [_thread_blocked, id=3660, stack(0x0000002867e00000,0x0000002867f00000) (1024K)]
  0x000001fccbb22490 JavaThread "Unconstrained build operations Thread 25"        [_thread_blocked, id=11356, stack(0x0000002867f00000,0x0000002868000000) (1024K)]
  0x000001fccbb210e0 JavaThread "Unconstrained build operations Thread 26"        [_thread_blocked, id=18348, stack(0x0000002868000000,0x0000002868100000) (1024K)]
  0x000001fccbb21e00 JavaThread "Unconstrained build operations Thread 27"        [_thread_blocked, id=4932, stack(0x0000002868100000,0x0000002868200000) (1024K)]
  0x000001fccbb1f6a0 JavaThread "Unconstrained build operations Thread 28"        [_thread_blocked, id=2480, stack(0x0000002868200000,0x0000002868300000) (1024K)]
  0x000001fccbb23ed0 JavaThread "Unconstrained build operations Thread 29"        [_thread_blocked, id=7448, stack(0x0000002867200000,0x0000002867300000) (1024K)]
  0x000001fccbb24560 JavaThread "Unconstrained build operations Thread 30"        [_thread_blocked, id=16984, stack(0x0000002868300000,0x0000002868400000) (1024K)]
  0x000001fccbb24bf0 JavaThread "Unconstrained build operations Thread 31"        [_thread_blocked, id=4552, stack(0x0000002868400000,0x0000002868500000) (1024K)]
  0x000001fccbb25280 JavaThread "Unconstrained build operations Thread 32"        [_thread_blocked, id=10472, stack(0x0000002868500000,0x0000002868600000) (1024K)]
  0x000001fccbb1fd30 JavaThread "Unconstrained build operations Thread 33"        [_thread_blocked, id=11496, stack(0x0000002868600000,0x0000002868700000) (1024K)]
  0x000001fccbb25910 JavaThread "Unconstrained build operations Thread 34"        [_thread_blocked, id=20068, stack(0x0000002868700000,0x0000002868800000) (1024K)]
  0x000001fccbb25fa0 JavaThread "Unconstrained build operations Thread 35"        [_thread_blocked, id=15908, stack(0x0000002868800000,0x0000002868900000) (1024K)]
  0x000001fccbb22b20 JavaThread "Unconstrained build operations Thread 36"        [_thread_blocked, id=16556, stack(0x0000002868900000,0x0000002868a00000) (1024K)]
  0x000001fccbb26630 JavaThread "Unconstrained build operations Thread 37"        [_thread_blocked, id=16640, stack(0x0000002868a00000,0x0000002868b00000) (1024K)]
  0x000001fccbb26cc0 JavaThread "Unconstrained build operations Thread 38"        [_thread_blocked, id=6584, stack(0x0000002868b00000,0x0000002868c00000) (1024K)]
  0x000001fccbb203c0 JavaThread "Unconstrained build operations Thread 39"        [_thread_blocked, id=14468, stack(0x0000002868c00000,0x0000002868d00000) (1024K)]
  0x000001fccbb20a50 JavaThread "Unconstrained build operations Thread 40"        [_thread_blocked, id=17548, stack(0x0000002868d00000,0x0000002868e00000) (1024K)]
  0x000001fccbb21770 JavaThread "Unconstrained build operations Thread 41"        [_thread_blocked, id=10120, stack(0x0000002868e00000,0x0000002868f00000) (1024K)]
  0x000001fcc718b6e0 JavaThread "Unconstrained build operations Thread 42"        [_thread_blocked, id=5064, stack(0x0000002868f00000,0x0000002869000000) (1024K)]
  0x000001fcc718bd70 JavaThread "Unconstrained build operations Thread 43"        [_thread_blocked, id=18656, stack(0x0000002869100000,0x0000002869200000) (1024K)]
  0x000001fcc7189610 JavaThread "Unconstrained build operations Thread 44"        [_thread_blocked, id=12864, stack(0x0000002869200000,0x0000002869300000) (1024K)]
  0x000001fcc71888f0 JavaThread "Unconstrained build operations Thread 45"        [_thread_blocked, id=21080, stack(0x0000002869300000,0x0000002869400000) (1024K)]
  0x000001fcc718b050 JavaThread "Unconstrained build operations Thread 46"        [_thread_blocked, id=18956, stack(0x0000002869400000,0x0000002869500000) (1024K)]
  0x000001fcc7186190 JavaThread "Unconstrained build operations Thread 47"        [_thread_blocked, id=8032, stack(0x0000002869500000,0x0000002869600000) (1024K)]
  0x000001fcc7184de0 JavaThread "Unconstrained build operations Thread 48"        [_thread_blocked, id=14224, stack(0x0000002869600000,0x0000002869700000) (1024K)]
  0x000001fcc718c400 JavaThread "Unconstrained build operations Thread 49"        [_thread_blocked, id=4032, stack(0x0000002869700000,0x0000002869800000) (1024K)]
  0x000001fcc7186eb0 JavaThread "Unconstrained build operations Thread 50"        [_thread_blocked, id=8812, stack(0x0000002869800000,0x0000002869900000) (1024K)]
  0x000001fcc7185470 JavaThread "Unconstrained build operations Thread 51"        [_thread_blocked, id=16784, stack(0x0000002869900000,0x0000002869a00000) (1024K)]
  0x000001fcc718a330 JavaThread "Unconstrained build operations Thread 52"        [_thread_blocked, id=5656, stack(0x0000002869a00000,0x0000002869b00000) (1024K)]
  0x000001fcc7188f80 JavaThread "Unconstrained build operations Thread 53"        [_thread_blocked, id=8848, stack(0x0000002869b00000,0x0000002869c00000) (1024K)]
  0x000001fcc7189ca0 JavaThread "Unconstrained build operations Thread 54"        [_thread_blocked, id=21416, stack(0x0000002869c00000,0x0000002869d00000) (1024K)]
  0x000001fcc7187540 JavaThread "Unconstrained build operations Thread 55"        [_thread_blocked, id=15632, stack(0x0000002869d00000,0x0000002869e00000) (1024K)]
  0x000001fcc718a9c0 JavaThread "Unconstrained build operations Thread 56"        [_thread_blocked, id=18164, stack(0x0000002869e00000,0x0000002869f00000) (1024K)]
  0x000001fcc7185b00 JavaThread "Unconstrained build operations Thread 57"        [_thread_blocked, id=19752, stack(0x0000002869f00000,0x000000286a000000) (1024K)]
  0x000001fcc7186820 JavaThread "Unconstrained build operations Thread 58"        [_thread_blocked, id=15516, stack(0x000000286a000000,0x000000286a100000) (1024K)]
  0x000001fcc7187bd0 JavaThread "Unconstrained build operations Thread 59"        [_thread_blocked, id=8748, stack(0x000000286a100000,0x000000286a200000) (1024K)]
  0x000001fcc7188260 JavaThread "Unconstrained build operations Thread 60"        [_thread_blocked, id=2516, stack(0x000000286a200000,0x000000286a300000) (1024K)]
  0x000001fccba5ae10 JavaThread "Unconstrained build operations Thread 61"        [_thread_blocked, id=14956, stack(0x000000286a300000,0x000000286a400000) (1024K)]
  0x000001fccba5f640 JavaThread "Unconstrained build operations Thread 62"        [_thread_blocked, id=6972, stack(0x000000286a400000,0x000000286a500000) (1024K)]
  0x000001fccba5bb30 JavaThread "Unconstrained build operations Thread 63"        [_thread_blocked, id=19836, stack(0x000000286a500000,0x000000286a600000) (1024K)]
  0x000001fccba5a780 JavaThread "Unconstrained build operations Thread 64"        [_thread_blocked, id=14580, stack(0x000000286a600000,0x000000286a700000) (1024K)]
  0x000001fccba5b4a0 JavaThread "Unconstrained build operations Thread 65"        [_thread_blocked, id=7792, stack(0x000000286a700000,0x000000286a800000) (1024K)]
  0x000001fccba5dc00 JavaThread "build event listener"              [_thread_blocked, id=19008, stack(0x0000002869000000,0x0000002869100000) (1024K)]
  0x000001fccbe25820 JavaThread "Unconstrained build operations Thread 66"        [_thread_blocked, id=9840, stack(0x000000286aa00000,0x000000286ab00000) (1024K)]
  0x000001fccbe2ad70 JavaThread "Unconstrained build operations Thread 67"        [_thread_blocked, id=8568, stack(0x000000286ab00000,0x000000286ac00000) (1024K)]
  0x000001fccbe2ba90 JavaThread "Unconstrained build operations Thread 68"        [_thread_blocked, id=3400, stack(0x000000286ac00000,0x000000286ad00000) (1024K)]
  0x000001fccbe28ca0 JavaThread "Unconstrained build operations Thread 69"        [_thread_blocked, id=16912, stack(0x000000286ad00000,0x000000286ae00000) (1024K)]
  0x000001fccbe26bd0 JavaThread "Unconstrained build operations Thread 70"        [_thread_in_native, id=14616, stack(0x000000286ae00000,0x000000286af00000) (1024K)]
  0x000001fccbe25eb0 JavaThread "Unconstrained build operations Thread 71"        [_thread_in_native, id=14728, stack(0x000000286af00000,0x000000286b000000) (1024K)]
  0x000001fccbe27f80 JavaThread "Unconstrained build operations Thread 72"        [_thread_blocked, id=13976, stack(0x000000286b000000,0x000000286b100000) (1024K)]
  0x000001fccc516a10 JavaThread "Unconstrained build operations Thread 73"        [_thread_in_native, id=6468, stack(0x000000286b100000,0x000000286b200000) (1024K)]
  0x000001fccc5142b0 JavaThread "Unconstrained build operations Thread 74"        [_thread_blocked, id=3524, stack(0x000000286b200000,0x000000286b300000) (1024K)]
  0x000001fccc516380 JavaThread "Unconstrained build operations Thread 75"        [_thread_in_native, id=4724, stack(0x000000286b300000,0x000000286b400000) (1024K)]
  0x000001fccc510110 JavaThread "Unconstrained build operations Thread 76"        [_thread_in_native, id=4628, stack(0x000000286b400000,0x000000286b500000) (1024K)]
  0x000001fccc5170a0 JavaThread "Unconstrained build operations Thread 77"        [_thread_in_native, id=16692, stack(0x000000286b500000,0x000000286b600000) (1024K)]
  0x000001fccc513590 JavaThread "Unconstrained build operations Thread 78"        [_thread_blocked, id=12964, stack(0x000000286b600000,0x000000286b700000) (1024K)]
  0x000001fccc513c20 JavaThread "Problems report writer"            [_thread_blocked, id=7848, stack(0x000000286a800000,0x000000286a900000) (1024K)]
  0x000001fccc5121e0 JavaThread "Unconstrained build operations Thread 79"        [_thread_blocked, id=5452, stack(0x000000286b700000,0x000000286b800000) (1024K)]
  0x000001fccc514fd0 JavaThread "Unconstrained build operations Thread 80"        [_thread_in_native, id=4572, stack(0x000000286b800000,0x000000286b900000) (1024K)]
Total: 135

Other Threads:
  0x000001fcff98ed90 VMThread "VM Thread"                           [id=9848, stack(0x0000002862900000,0x0000002862a00000) (1024K)]
  0x000001fcff97c0d0 WatcherThread "VM Periodic Task Thread"        [id=14096, stack(0x0000002862800000,0x0000002862900000) (1024K)]
  0x000001fcd1dd9ea0 WorkerThread "GC Thread#0"                     [id=19116, stack(0x0000002862300000,0x0000002862400000) (1024K)]
  0x000001fcff98f140 WorkerThread "GC Thread#1"                     [id=2888, stack(0x0000002863500000,0x0000002863600000) (1024K)]
  0x000001fcff98f4f0 WorkerThread "GC Thread#2"                     [id=9536, stack(0x0000002863600000,0x0000002863700000) (1024K)]
  0x000001fcff98e630 WorkerThread "GC Thread#3"                     [id=9208, stack(0x0000002863700000,0x0000002863800000) (1024K)]
  0x000001fcff98e9e0 WorkerThread "GC Thread#4"                     [id=7844, stack(0x0000002863800000,0x0000002863900000) (1024K)]
  0x000001fcc81957a0 WorkerThread "GC Thread#5"                     [id=16960, stack(0x0000002863a00000,0x0000002863b00000) (1024K)]
  0x000001fcc8192f10 WorkerThread "GC Thread#6"                     [id=13368, stack(0x0000002863b00000,0x0000002863c00000) (1024K)]
  0x000001fcc8194530 WorkerThread "GC Thread#7"                     [id=6496, stack(0x0000002863c00000,0x0000002863d00000) (1024K)]
  0x000001fcd1debef0 ConcurrentGCThread "G1 Main Marker"            [id=18128, stack(0x0000002862400000,0x0000002862500000) (1024K)]
  0x000001fcd1ded040 WorkerThread "G1 Conc#0"                       [id=2100, stack(0x0000002862500000,0x0000002862600000) (1024K)]
  0x000001fcc8193dd0 WorkerThread "G1 Conc#1"                       [id=6708, stack(0x0000002864900000,0x0000002864a00000) (1024K)]
  0x000001fcff84ba20 ConcurrentGCThread "G1 Refine#0"               [id=3444, stack(0x0000002862600000,0x0000002862700000) (1024K)]
  0x000001fcff84c440 ConcurrentGCThread "G1 Service"                [id=18968, stack(0x0000002862700000,0x0000002862800000) (1024K)]
Total: 15

Threads with active compile tasks:
C2 CompilerThread0  81700 16384       4       org.gradle.internal.execution.impl.DefaultOutputSnapshotter::snapshotOutputs (25 bytes)
Total: 1

VM state: not at safepoint (normal execution)

VM Mutex/Monitor currently owned by a thread: None

Heap address: 0x0000000600000000, size: 8192 MB, Compressed Oops mode: Zero based, Oop shift amount: 3

CDS archive(s) mapped at: [0x000001fc82000000-0x000001fc82ba0000-0x000001fc82ba0000), size 12189696, SharedBaseAddress: 0x000001fc82000000, ArchiveRelocationMode: 1.
Compressed class space mapped at: 0x000001fc83000000-0x000001fcc3000000, reserved size: 1073741824
Narrow klass base: 0x000001fc82000000, Narrow klass shift: 0, Narrow klass range: 0x100000000

GC Precious Log:
 CardTable entry size: 512
 Card Set container configuration: InlinePtr #cards 4 size 8 Array Of Cards #cards 32 size 80 Howl #buckets 8 coarsen threshold 7372 Howl Bitmap #cards 1024 size 144 coarsen threshold 921 Card regions per heap region 1 cards per card region 8192
 CPUs: 8 total, 8 available
 Memory: 7934M
 Large Page Support: Disabled
 NUMA Support: Disabled
 Compressed Oops: Enabled (Zero based)
 Heap Region Size: 4M
 Heap Min Capacity: 8M
 Heap Initial Capacity: 124M
 Heap Max Capacity: 8G
 Pre-touch: Disabled
 Parallel Workers: 8
 Concurrent Workers: 2
 Concurrent Refinement Workers: 8
 Periodic GC: Disabled

Heap:
 garbage-first heap   total 356352K, used 283700K [0x0000000600000000, 0x0000000800000000)
  region size 4096K, 22 young (90112K), 3 survivors (12288K)
 Metaspace       used 110736K, committed 113472K, reserved 1179648K
  class space    used 15780K, committed 17088K, reserved 1048576K

Heap Regions: E=young(eden), S=young(survivor), O=old, HS=humongous(starts), HC=humongous(continues), CS=collection set, F=free, TAMS=top-at-mark-start, PB=parsable bottom
|   0|0x0000000600000000, 0x0000000600400000, 0x0000000600400000|100%|HS|  |TAMS 0x0000000600000000| PB 0x0000000600000000| Complete 
|   1|0x0000000600400000, 0x0000000600800000, 0x0000000600800000|100%| O|  |TAMS 0x0000000600400000| PB 0x0000000600400000| Untracked 
|   2|0x0000000600800000, 0x0000000600c00000, 0x0000000600c00000|100%| O|  |TAMS 0x0000000600800000| PB 0x0000000600800000| Untracked 
|   3|0x0000000600c00000, 0x0000000601000000, 0x0000000601000000|100%| O|  |TAMS 0x0000000600c00000| PB 0x0000000600c00000| Untracked 
|   4|0x0000000601000000, 0x0000000601400000, 0x0000000601400000|100%| O|  |TAMS 0x0000000601000000| PB 0x0000000601000000| Untracked 
|   5|0x0000000601400000, 0x0000000601800000, 0x0000000601800000|100%|HS|  |TAMS 0x0000000601400000| PB 0x0000000601400000| Complete 
|   6|0x0000000601800000, 0x0000000601c00000, 0x0000000601c00000|100%| O|  |TAMS 0x0000000601800000| PB 0x0000000601800000| Untracked 
|   7|0x0000000601c00000, 0x0000000602000000, 0x0000000602000000|100%| O|  |TAMS 0x0000000601c00000| PB 0x0000000601c00000| Untracked 
|   8|0x0000000602000000, 0x0000000602400000, 0x0000000602400000|100%| O|  |TAMS 0x0000000602000000| PB 0x0000000602000000| Untracked 
|   9|0x0000000602400000, 0x0000000602800000, 0x0000000602800000|100%| O|  |TAMS 0x0000000602400000| PB 0x0000000602400000| Untracked 
|  10|0x0000000602800000, 0x0000000602c00000, 0x0000000602c00000|100%| O|  |TAMS 0x0000000602800000| PB 0x0000000602800000| Untracked 
|  11|0x0000000602c00000, 0x0000000603000000, 0x0000000603000000|100%|HS|  |TAMS 0x0000000602c00000| PB 0x0000000602c00000| Complete 
|  12|0x0000000603000000, 0x0000000603400000, 0x0000000603400000|100%|HS|  |TAMS 0x0000000603000000| PB 0x0000000603000000| Complete 
|  13|0x0000000603400000, 0x0000000603800000, 0x0000000603800000|100%| O|  |TAMS 0x0000000603400000| PB 0x0000000603400000| Untracked 
|  14|0x0000000603800000, 0x0000000603c00000, 0x0000000603c00000|100%| O|Cm|TAMS 0x0000000603800000| PB 0x0000000603800000| Complete 
|  15|0x0000000603c00000, 0x0000000604000000, 0x0000000604000000|100%| O|  |TAMS 0x0000000603c00000| PB 0x0000000603c00000| Untracked 
|  16|0x0000000604000000, 0x0000000604400000, 0x0000000604400000|100%| O|  |TAMS 0x0000000604000000| PB 0x0000000604000000| Untracked 
|  17|0x0000000604400000, 0x0000000604800000, 0x0000000604800000|100%| O|  |TAMS 0x0000000604400000| PB 0x0000000604400000| Untracked 
|  18|0x0000000604800000, 0x0000000604c00000, 0x0000000604c00000|100%| O|  |TAMS 0x0000000604800000| PB 0x0000000604800000| Untracked 
|  19|0x0000000604c00000, 0x0000000605000000, 0x0000000605000000|100%| O|  |TAMS 0x0000000604c00000| PB 0x0000000604c00000| Untracked 
|  20|0x0000000605000000, 0x0000000605400000, 0x0000000605400000|100%| O|  |TAMS 0x0000000605000000| PB 0x0000000605000000| Untracked 
|  21|0x0000000605400000, 0x0000000605800000, 0x0000000605800000|100%| O|  |TAMS 0x0000000605400000| PB 0x0000000605400000| Untracked 
|  22|0x0000000605800000, 0x0000000605c00000, 0x0000000605c00000|100%| O|  |TAMS 0x0000000605800000| PB 0x0000000605800000| Untracked 
|  23|0x0000000605c00000, 0x0000000606000000, 0x0000000606000000|100%| O|  |TAMS 0x0000000605c00000| PB 0x0000000605c00000| Untracked 
|  24|0x0000000606000000, 0x0000000606400000, 0x0000000606400000|100%| O|  |TAMS 0x0000000606000000| PB 0x0000000606000000| Untracked 
|  25|0x0000000606400000, 0x0000000606800000, 0x0000000606800000|100%| O|  |TAMS 0x0000000606400000| PB 0x0000000606400000| Untracked 
|  26|0x0000000606800000, 0x0000000606c00000, 0x0000000606c00000|100%| O|  |TAMS 0x0000000606800000| PB 0x0000000606800000| Untracked 
|  27|0x0000000606c00000, 0x0000000607000000, 0x0000000607000000|100%| O|  |TAMS 0x0000000606c00000| PB 0x0000000606c00000| Untracked 
|  28|0x0000000607000000, 0x0000000607400000, 0x0000000607400000|100%| O|  |TAMS 0x0000000607000000| PB 0x0000000607000000| Untracked 
|  29|0x0000000607400000, 0x0000000607800000, 0x0000000607800000|100%| O|  |TAMS 0x0000000607400000| PB 0x0000000607400000| Untracked 
|  30|0x0000000607800000, 0x0000000607c00000, 0x0000000607c00000|100%| O|  |TAMS 0x0000000607800000| PB 0x0000000607800000| Untracked 
|  31|0x0000000607c00000, 0x0000000608000000, 0x0000000608000000|100%| O|  |TAMS 0x0000000607c00000| PB 0x0000000607c00000| Untracked 
|  32|0x0000000608000000, 0x0000000608400000, 0x0000000608400000|100%| O|  |TAMS 0x0000000608000000| PB 0x0000000608000000| Untracked 
|  33|0x0000000608400000, 0x0000000608800000, 0x0000000608800000|100%| O|  |TAMS 0x0000000608400000| PB 0x0000000608400000| Untracked 
|  34|0x0000000608800000, 0x0000000608c00000, 0x0000000608c00000|100%| O|  |TAMS 0x0000000608800000| PB 0x0000000608800000| Untracked 
|  35|0x0000000608c00000, 0x0000000609000000, 0x0000000609000000|100%| O|  |TAMS 0x0000000608c00000| PB 0x0000000608c00000| Untracked 
|  36|0x0000000609000000, 0x0000000609400000, 0x0000000609400000|100%| O|  |TAMS 0x0000000609000000| PB 0x0000000609000000| Untracked 
|  37|0x0000000609400000, 0x0000000609800000, 0x0000000609800000|100%| O|  |TAMS 0x0000000609400000| PB 0x0000000609400000| Untracked 
|  38|0x0000000609800000, 0x0000000609c00000, 0x0000000609c00000|100%| O|Cm|TAMS 0x0000000609800000| PB 0x0000000609800000| Complete 
|  39|0x0000000609c00000, 0x000000060a000000, 0x000000060a000000|100%| O|  |TAMS 0x0000000609c00000| PB 0x0000000609c00000| Untracked 
|  40|0x000000060a000000, 0x000000060a400000, 0x000000060a400000|100%| O|  |TAMS 0x000000060a000000| PB 0x000000060a000000| Untracked 
|  41|0x000000060a400000, 0x000000060a800000, 0x000000060a800000|100%| O|  |TAMS 0x000000060a400000| PB 0x000000060a400000| Untracked 
|  42|0x000000060a800000, 0x000000060ac00000, 0x000000060ac00000|100%| O|  |TAMS 0x000000060a800000| PB 0x000000060a800000| Untracked 
|  43|0x000000060ac00000, 0x000000060b000000, 0x000000060b000000|100%| O|  |TAMS 0x000000060ac00000| PB 0x000000060ac00000| Untracked 
|  44|0x000000060b000000, 0x000000060b400000, 0x000000060b400000|100%| O|  |TAMS 0x000000060b000000| PB 0x000000060b000000| Untracked 
|  45|0x000000060b400000, 0x000000060b800000, 0x000000060b800000|100%| O|  |TAMS 0x000000060b400000| PB 0x000000060b400000| Untracked 
|  46|0x000000060b800000, 0x000000060bc00000, 0x000000060bc00000|100%| O|  |TAMS 0x000000060b800000| PB 0x000000060b800000| Untracked 
|  47|0x000000060bc00000, 0x000000060c000000, 0x000000060c000000|100%| O|  |TAMS 0x000000060bc00000| PB 0x000000060bc00000| Untracked 
|  48|0x000000060c000000, 0x000000060c3a3318, 0x000000060c400000| 90%| O|  |TAMS 0x000000060c000000| PB 0x000000060c000000| Untracked 
|  49|0x000000060c400000, 0x000000060c400000, 0x000000060c800000|  0%| F|  |TAMS 0x000000060c400000| PB 0x000000060c400000| Untracked 
|  50|0x000000060c800000, 0x000000060c800000, 0x000000060cc00000|  0%| F|  |TAMS 0x000000060c800000| PB 0x000000060c800000| Untracked 
|  51|0x000000060cc00000, 0x000000060cc00000, 0x000000060d000000|  0%| F|  |TAMS 0x000000060cc00000| PB 0x000000060cc00000| Untracked 
|  52|0x000000060d000000, 0x000000060d000000, 0x000000060d400000|  0%| F|  |TAMS 0x000000060d000000| PB 0x000000060d000000| Untracked 
|  53|0x000000060d400000, 0x000000060d400000, 0x000000060d800000|  0%| F|  |TAMS 0x000000060d400000| PB 0x000000060d400000| Untracked 
|  54|0x000000060d800000, 0x000000060d800000, 0x000000060dc00000|  0%| F|  |TAMS 0x000000060d800000| PB 0x000000060d800000| Untracked 
|  55|0x000000060dc00000, 0x000000060dc00000, 0x000000060e000000|  0%| F|  |TAMS 0x000000060dc00000| PB 0x000000060dc00000| Untracked 
|  56|0x000000060e000000, 0x000000060e000000, 0x000000060e400000|  0%| F|  |TAMS 0x000000060e000000| PB 0x000000060e000000| Untracked 
|  57|0x000000060e400000, 0x000000060e400000, 0x000000060e800000|  0%| F|  |TAMS 0x000000060e400000| PB 0x000000060e400000| Untracked 
|  58|0x000000060e800000, 0x000000060e800000, 0x000000060ec00000|  0%| F|  |TAMS 0x000000060e800000| PB 0x000000060e800000| Untracked 
|  59|0x000000060ec00000, 0x000000060ec00000, 0x000000060f000000|  0%| F|  |TAMS 0x000000060ec00000| PB 0x000000060ec00000| Untracked 
|  60|0x000000060f000000, 0x000000060f000000, 0x000000060f400000|  0%| F|  |TAMS 0x000000060f000000| PB 0x000000060f000000| Untracked 
|  61|0x000000060f400000, 0x000000060f400000, 0x000000060f800000|  0%| F|  |TAMS 0x000000060f400000| PB 0x000000060f400000| Untracked 
|  62|0x000000060f800000, 0x000000060f800000, 0x000000060fc00000|  0%| F|  |TAMS 0x000000060f800000| PB 0x000000060f800000| Untracked 
|  63|0x000000060fc00000, 0x000000060fd69e18, 0x0000000610000000| 35%| S|CS|TAMS 0x000000060fc00000| PB 0x000000060fc00000| Complete 
|  64|0x0000000610000000, 0x0000000610400000, 0x0000000610400000|100%| S|CS|TAMS 0x0000000610000000| PB 0x0000000610000000| Complete 
|  65|0x0000000610400000, 0x0000000610800000, 0x0000000610800000|100%| S|CS|TAMS 0x0000000610400000| PB 0x0000000610400000| Complete 
|  66|0x0000000610800000, 0x0000000610800000, 0x0000000610c00000|  0%| F|  |TAMS 0x0000000610800000| PB 0x0000000610800000| Untracked 
|  67|0x0000000610c00000, 0x0000000610e4dd50, 0x0000000611000000| 57%| E|  |TAMS 0x0000000610c00000| PB 0x0000000610c00000| Complete 
|  68|0x0000000611000000, 0x0000000611400000, 0x0000000611400000|100%| E|CS|TAMS 0x0000000611000000| PB 0x0000000611000000| Complete 
|  69|0x0000000611400000, 0x0000000611800000, 0x0000000611800000|100%| E|CS|TAMS 0x0000000611400000| PB 0x0000000611400000| Complete 
|  70|0x0000000611800000, 0x0000000611c00000, 0x0000000611c00000|100%| E|CS|TAMS 0x0000000611800000| PB 0x0000000611800000| Complete 
|  71|0x0000000611c00000, 0x0000000612000000, 0x0000000612000000|100%| E|CS|TAMS 0x0000000611c00000| PB 0x0000000611c00000| Complete 
|  72|0x0000000612000000, 0x0000000612400000, 0x0000000612400000|100%| E|  |TAMS 0x0000000612000000| PB 0x0000000612000000| Complete 
|  73|0x0000000612400000, 0x0000000612800000, 0x0000000612800000|100%| E|CS|TAMS 0x0000000612400000| PB 0x0000000612400000| Complete 
|  74|0x0000000612800000, 0x0000000612c00000, 0x0000000612c00000|100%| E|CS|TAMS 0x0000000612800000| PB 0x0000000612800000| Complete 
|  75|0x0000000612c00000, 0x0000000613000000, 0x0000000613000000|100%| E|CS|TAMS 0x0000000612c00000| PB 0x0000000612c00000| Complete 
|  76|0x0000000613000000, 0x0000000613400000, 0x0000000613400000|100%| E|CS|TAMS 0x0000000613000000| PB 0x0000000613000000| Complete 
|  77|0x0000000613400000, 0x0000000613800000, 0x0000000613800000|100%| E|CS|TAMS 0x0000000613400000| PB 0x0000000613400000| Complete 
|  78|0x0000000613800000, 0x0000000613c00000, 0x0000000613c00000|100%| E|CS|TAMS 0x0000000613800000| PB 0x0000000613800000| Complete 
|  79|0x0000000613c00000, 0x0000000614000000, 0x0000000614000000|100%| E|CS|TAMS 0x0000000613c00000| PB 0x0000000613c00000| Complete 
|  80|0x0000000614000000, 0x0000000614400000, 0x0000000614400000|100%| E|CS|TAMS 0x0000000614000000| PB 0x0000000614000000| Complete 
|  81|0x0000000614400000, 0x0000000614800000, 0x0000000614800000|100%| E|CS|TAMS 0x0000000614400000| PB 0x0000000614400000| Complete 
|  82|0x0000000614800000, 0x0000000614c00000, 0x0000000614c00000|100%| E|CS|TAMS 0x0000000614800000| PB 0x0000000614800000| Complete 
|  83|0x0000000614c00000, 0x0000000615000000, 0x0000000615000000|100%| E|CS|TAMS 0x0000000614c00000| PB 0x0000000614c00000| Complete 
|  84|0x0000000615000000, 0x0000000615400000, 0x0000000615400000|100%| E|CS|TAMS 0x0000000615000000| PB 0x0000000615000000| Complete 
|2046|0x00000007ff800000, 0x00000007ffc00000, 0x00000007ffc00000|100%| O|  |TAMS 0x00000007ff800000| PB 0x00000007ff800000| Untracked 
|2047|0x00000007ffc00000, 0x0000000800000000, 0x0000000800000000|100%| E|CS|TAMS 0x00000007ffc00000| PB 0x00000007ffc00000| Complete 

Card table byte_map: [0x000001fcf64a0000,0x000001fcf74a0000] _byte_map_base: 0x000001fcf34a0000

Marking Bits: (CMBitMap*) 0x000001fcd1ddb460
 Bits: [0x000001fcf74a0000, 0x000001fcff4a0000)

Polling page: 0x000001fccfc20000

Metaspace:

Usage:
  Non-class:     92.73 MB used.
      Class:     15.41 MB used.
       Both:    108.14 MB used.

Virtual space:
  Non-class space:      128.00 MB reserved,      94.12 MB ( 74%) committed,  2 nodes.
      Class space:        1.00 GB reserved,      16.69 MB (  2%) committed,  1 nodes.
             Both:        1.12 GB reserved,     110.81 MB ( 10%) committed. 

Chunk freelists:
   Non-Class:  1.93 MB
       Class:  15.36 MB
        Both:  17.30 MB

MaxMetaspaceSize: 4.00 GB
CompressedClassSpaceSize: 1.00 GB
Initial GC threshold: 21.00 MB
Current GC threshold: 184.31 MB
CDS: on
 - commit_granule_bytes: 65536.
 - commit_granule_words: 8192.
 - virtual_space_node_default_size: 8388608.
 - enlarge_chunks_in_place: 1.
 - use_allocation_guard: 0.


Internal statistics:

num_allocs_failed_limit: 9.
num_arena_births: 4616.
num_arena_deaths: 0.
num_vsnodes_births: 3.
num_vsnodes_deaths: 0.
num_space_committed: 1773.
num_space_uncommitted: 0.
num_chunks_returned_to_freelist: 9.
num_chunks_taken_from_freelist: 10113.
num_chunk_merges: 3.
num_chunk_splits: 6519.
num_chunks_enlarged: 4015.
num_inconsistent_stats: 0.

CodeHeap 'non-profiled nmethods': size=259264Kb used=10426Kb max_used=10426Kb free=248837Kb
 bounds [0x000001fce5210000, 0x000001fce5c40000, 0x000001fcf4f40000]
CodeHeap 'profiled nmethods': size=259264Kb used=25715Kb max_used=25715Kb free=233548Kb
 bounds [0x000001fcd4f40000, 0x000001fcd6860000, 0x000001fce4c70000]
CodeHeap 'non-nmethods': size=5760Kb used=3029Kb max_used=3078Kb free=2730Kb
 bounds [0x000001fce4c70000, 0x000001fce4f90000, 0x000001fce5210000]
CodeCache: size=524288Kb, used=39170Kb, max_used=39219Kb, free=485115Kb
 total_blobs=14444, nmethods=13418, adapters=929, full_count=0
Compilation: enabled, stopped_count=0, restarted_count=0

Compilation events (20 events):
Event: 81.263 Thread 0x000001fcff9b88b0 nmethod 16374 0x000001fce5c38c90 code [0x000001fce5c38e60, 0x000001fce5c39740]
Event: 81.297 Thread 0x000001fcff9b88b0 16375       4       java.io.ObjectOutputStream::writeByte (9 bytes)
Event: 81.297 Thread 0x000001fcff9c6580 16376       3       java.lang.invoke.DirectMethodHandle$Holder::invokeSpecial (14 bytes)
Event: 81.297 Thread 0x000001fcff9c6580 nmethod 16376 0x000001fcd685f690 code [0x000001fcd685f860, 0x000001fcd685fd70]
Event: 81.298 Thread 0x000001fcff9b88b0 nmethod 16375 0x000001fce5c39990 code [0x000001fce5c39b20, 0x000001fce5c39c48]
Event: 81.433 Thread 0x000001fcff9b88b0 16377       4       java.io.BufferedReader::<init> (62 bytes)
Event: 81.446 Thread 0x000001fcff9b88b0 nmethod 16377 0x000001fce5c39d90 code [0x000001fce5c39f60, 0x000001fce5c3a7b0]
Event: 81.446 Thread 0x000001fcff9b88b0 16378       4       java.io.Reader::<init> (52 bytes)
Event: 81.453 Thread 0x000001fcff9b88b0 nmethod 16378 0x000001fce5c3aa10 code [0x000001fce5c3abe0, 0x000001fce5c3b130]
Event: 81.453 Thread 0x000001fcff9b88b0 16379       4       java.util.Collections$2::characteristics (33 bytes)
Event: 81.454 Thread 0x000001fcff9b88b0 nmethod 16379 0x000001fce5c3b310 code [0x000001fce5c3b4a0, 0x000001fce5c3b548]
Event: 81.491 Thread 0x000001fcff9b88b0 16380       4       sun.nio.ch.FileChannelImpl::<init> (132 bytes)
Event: 81.514 Thread 0x000001fcff9b88b0 nmethod 16380 0x000001fce5c3b610 code [0x000001fce5c3b800, 0x000001fce5c3c590]
Event: 81.514 Thread 0x000001fcff9b88b0 16381       4       sun.nio.ch.FileChannelImpl::open (16 bytes)
Event: 81.516 Thread 0x000001fcff9b88b0 nmethod 16381 0x000001fce5c3c890 code [0x000001fce5c3ca20, 0x000001fce5c3cb70]
Event: 81.540 Thread 0x000001fcff9b88b0 16382   !   4       sun.nio.cs.StreamDecoder::close (63 bytes)
Event: 81.550 Thread 0x000001fcff9b88b0 nmethod 16382 0x000001fce5c3cc90 code [0x000001fce5c3cea0, 0x000001fce5c3d4a0]
Event: 81.550 Thread 0x000001fcff9b88b0 16383       4       org.gradle.internal.execution.steps.IdentityCacheStep$$Lambda/0x000001fc83882468::get (24 bytes)
Event: 81.562 Thread 0x000001fcff9b88b0 nmethod 16383 0x000001fce5c3d990 code [0x000001fce5c3dbc0, 0x000001fce5c3e228]
Event: 81.564 Thread 0x000001fcff9b88b0 16384       4       org.gradle.internal.execution.impl.DefaultOutputSnapshotter::snapshotOutputs (25 bytes)

GC Heap History (20 events):
Event: 63.012 GC heap before
{Heap before GC invocations=59 (full 0):
 garbage-first heap   total 286720K, used 246008K [0x0000000600000000, 0x0000000800000000)
  region size 4096K, 27 young (110592K), 3 survivors (12288K)
 Metaspace       used 108242K, committed 110784K, reserved 1179648K
  class space    used 15483K, committed 16704K, reserved 1048576K
}
Event: 63.021 GC heap after
{Heap after GC invocations=60 (full 0):
 garbage-first heap   total 286720K, used 157081K [0x0000000600000000, 0x0000000800000000)
  region size 4096K, 2 young (8192K), 2 survivors (8192K)
 Metaspace       used 108242K, committed 110784K, reserved 1179648K
  class space    used 15483K, committed 16704K, reserved 1048576K
}
Event: 65.471 GC heap before
{Heap before GC invocations=60 (full 0):
 garbage-first heap   total 286720K, used 251289K [0x0000000600000000, 0x0000000800000000)
  region size 4096K, 26 young (106496K), 2 survivors (8192K)
 Metaspace       used 108493K, committed 111104K, reserved 1179648K
  class space    used 15505K, committed 16768K, reserved 1048576K
}
Event: 65.483 GC heap after
{Heap after GC invocations=61 (full 0):
 garbage-first heap   total 286720K, used 162061K [0x0000000600000000, 0x0000000800000000)
  region size 4096K, 3 young (12288K), 3 survivors (12288K)
 Metaspace       used 108493K, committed 111104K, reserved 1179648K
  class space    used 15505K, committed 16768K, reserved 1048576K
}
Event: 67.487 GC heap before
{Heap before GC invocations=61 (full 0):
 garbage-first heap   total 286720K, used 252173K [0x0000000600000000, 0x0000000800000000)
  region size 4096K, 26 young (106496K), 3 survivors (12288K)
 Metaspace       used 108496K, committed 111104K, reserved 1179648K
  class space    used 15505K, committed 16768K, reserved 1048576K
}
Event: 67.496 GC heap after
{Heap after GC invocations=62 (full 0):
 garbage-first heap   total 286720K, used 164789K [0x0000000600000000, 0x0000000800000000)
  region size 4096K, 3 young (12288K), 3 survivors (12288K)
 Metaspace       used 108496K, committed 111104K, reserved 1179648K
  class space    used 15505K, committed 16768K, reserved 1048576K
}
Event: 69.487 GC heap before
{Heap before GC invocations=63 (full 0):
 garbage-first heap   total 286720K, used 258997K [0x0000000600000000, 0x0000000800000000)
  region size 4096K, 26 young (106496K), 3 survivors (12288K)
 Metaspace       used 109869K, committed 112448K, reserved 1179648K
  class space    used 15687K, committed 16960K, reserved 1048576K
}
Event: 69.501 GC heap after
{Heap after GC invocations=64 (full 0):
 garbage-first heap   total 290816K, used 183794K [0x0000000600000000, 0x0000000800000000)
  region size 4096K, 4 young (16384K), 4 survivors (16384K)
 Metaspace       used 109869K, committed 112448K, reserved 1179648K
  class space    used 15687K, committed 16960K, reserved 1048576K
}
Event: 70.945 GC heap before
{Heap before GC invocations=64 (full 0):
 garbage-first heap   total 290816K, used 253426K [0x0000000600000000, 0x0000000800000000)
  region size 4096K, 22 young (90112K), 4 survivors (16384K)
 Metaspace       used 109869K, committed 112448K, reserved 1179648K
  class space    used 15687K, committed 16960K, reserved 1048576K
}
Event: 70.960 GC heap after
{Heap after GC invocations=65 (full 0):
 garbage-first heap   total 290816K, used 183322K [0x0000000600000000, 0x0000000800000000)
  region size 4096K, 1 young (4096K), 1 survivors (4096K)
 Metaspace       used 109869K, committed 112448K, reserved 1179648K
  class space    used 15687K, committed 16960K, reserved 1048576K
}
Event: 72.671 GC heap before
{Heap before GC invocations=65 (full 0):
 garbage-first heap   total 290816K, used 261146K [0x0000000600000000, 0x0000000800000000)
  region size 4096K, 20 young (81920K), 1 survivors (4096K)
 Metaspace       used 110027K, committed 112576K, reserved 1179648K
  class space    used 15703K, committed 16960K, reserved 1048576K
}
Event: 72.679 GC heap after
{Heap after GC invocations=66 (full 0):
 garbage-first heap   total 290816K, used 188208K [0x0000000600000000, 0x0000000800000000)
  region size 4096K, 3 young (12288K), 3 survivors (12288K)
 Metaspace       used 110027K, committed 112576K, reserved 1179648K
  class space    used 15703K, committed 16960K, reserved 1048576K
}
Event: 74.043 GC heap before
{Heap before GC invocations=67 (full 0):
 garbage-first heap   total 323584K, used 257840K [0x0000000600000000, 0x0000000800000000)
  region size 4096K, 21 young (86016K), 3 survivors (12288K)
 Metaspace       used 110034K, committed 112576K, reserved 1179648K
  class space    used 15703K, committed 16960K, reserved 1048576K
}
Event: 74.050 GC heap after
{Heap after GC invocations=68 (full 0):
 garbage-first heap   total 323584K, used 189895K [0x0000000600000000, 0x0000000800000000)
  region size 4096K, 1 young (4096K), 1 survivors (4096K)
 Metaspace       used 110034K, committed 112576K, reserved 1179648K
  class space    used 15703K, committed 16960K, reserved 1048576K
}
Event: 75.962 GC heap before
{Heap before GC invocations=68 (full 0):
 garbage-first heap   total 323584K, used 296391K [0x0000000600000000, 0x0000000800000000)
  region size 4096K, 27 young (110592K), 1 survivors (4096K)
 Metaspace       used 110222K, committed 112832K, reserved 1179648K
  class space    used 15730K, committed 17024K, reserved 1048576K
}
Event: 75.976 GC heap after
{Heap after GC invocations=69 (full 0):
 garbage-first heap   total 323584K, used 196564K [0x0000000600000000, 0x0000000800000000)
  region size 4096K, 3 young (12288K), 3 survivors (12288K)
 Metaspace       used 110222K, committed 112832K, reserved 1179648K
  class space    used 15730K, committed 17024K, reserved 1048576K
}
Event: 78.458 GC heap before
{Heap before GC invocations=69 (full 0):
 garbage-first heap   total 323584K, used 290772K [0x0000000600000000, 0x0000000800000000)
  region size 4096K, 27 young (110592K), 3 survivors (12288K)
 Metaspace       used 110512K, committed 113152K, reserved 1179648K
  class space    used 15760K, committed 17024K, reserved 1048576K
}
Event: 78.474 GC heap after
{Heap after GC invocations=70 (full 0):
 garbage-first heap   total 323584K, used 207804K [0x0000000600000000, 0x0000000800000000)
  region size 4096K, 4 young (16384K), 4 survivors (16384K)
 Metaspace       used 110512K, committed 113152K, reserved 1179648K
  class space    used 15760K, committed 17024K, reserved 1048576K
}
Event: 80.619 GC heap before
{Heap before GC invocations=71 (full 0):
 garbage-first heap   total 356352K, used 285628K [0x0000000600000000, 0x0000000800000000)
  region size 4096K, 24 young (98304K), 4 survivors (16384K)
 Metaspace       used 110735K, committed 113472K, reserved 1179648K
  class space    used 15780K, committed 17088K, reserved 1048576K
}
Event: 80.633 GC heap after
{Heap after GC invocations=72 (full 0):
 garbage-first heap   total 356352K, used 214068K [0x0000000600000000, 0x0000000800000000)
  region size 4096K, 3 young (12288K), 3 survivors (12288K)
 Metaspace       used 110735K, committed 113472K, reserved 1179648K
  class space    used 15780K, committed 17088K, reserved 1048576K
}

Dll operation events (14 events):
Event: 0.010 Loaded shared library C:\Users\admin\.vscode\extensions\redhat.java-1.54.0-win32-x64\jre\21.0.10-win32-x86_64\bin\java.dll
Event: 0.106 Loaded shared library C:\Users\admin\.vscode\extensions\redhat.java-1.54.0-win32-x64\jre\21.0.10-win32-x86_64\bin\zip.dll
Event: 0.140 Loaded shared library C:\Users\admin\.vscode\extensions\redhat.java-1.54.0-win32-x64\jre\21.0.10-win32-x86_64\bin\instrument.dll
Event: 0.148 Loaded shared library C:\Users\admin\.vscode\extensions\redhat.java-1.54.0-win32-x64\jre\21.0.10-win32-x86_64\bin\net.dll
Event: 0.150 Loaded shared library C:\Users\admin\.vscode\extensions\redhat.java-1.54.0-win32-x64\jre\21.0.10-win32-x86_64\bin\nio.dll
Event: 0.157 Loaded shared library C:\Users\admin\.vscode\extensions\redhat.java-1.54.0-win32-x64\jre\21.0.10-win32-x86_64\bin\zip.dll
Event: 0.677 Loaded shared library C:\Users\admin\.vscode\extensions\redhat.java-1.54.0-win32-x64\jre\21.0.10-win32-x86_64\bin\jimage.dll
Event: 1.001 Loaded shared library C:\Users\admin\.vscode\extensions\redhat.java-1.54.0-win32-x64\jre\21.0.10-win32-x86_64\bin\verify.dll
Event: 1.180 Loaded shared library C:\Users\admin\.gradle\native\1def1411415f61bf3af743bc5b6707747c0891f09f0c88961ee8f79bc544acac\windows-amd64\native-platform.dll
Event: 1.206 Loaded shared library C:\Users\admin\.gradle\native\0.2.7\x86_64-windows-gnu\gradle-fileevents.dll
Event: 3.986 Loaded shared library C:\Users\admin\.vscode\extensions\redhat.java-1.54.0-win32-x64\jre\21.0.10-win32-x86_64\bin\management.dll
Event: 3.993 Loaded shared library C:\Users\admin\.vscode\extensions\redhat.java-1.54.0-win32-x64\jre\21.0.10-win32-x86_64\bin\management_ext.dll
Event: 4.410 Loaded shared library C:\Users\admin\.vscode\extensions\redhat.java-1.54.0-win32-x64\jre\21.0.10-win32-x86_64\bin\extnet.dll
Event: 4.968 Loaded shared library C:\Users\admin\.vscode\extensions\redhat.java-1.54.0-win32-x64\jre\21.0.10-win32-x86_64\bin\sunmscapi.dll

Deoptimization events (20 events):
Event: 74.569 Thread 0x000001fcc8cfb0b0 DEOPT PACKING pc=0x000001fce5baefe0 sp=0x00000028642f7e70
Event: 74.569 Thread 0x000001fcc8cfb0b0 DEOPT UNPACKING pc=0x000001fce4cc7ba2 sp=0x00000028642f7d90 mode 2
Event: 74.572 Thread 0x000001fcc8cfb0b0 Uncommon trap: trap_request=0xffffff45 fr.pc=0x000001fce5baec5c relative=0x00000000000000bc
Event: 74.572 Thread 0x000001fcc8cfb0b0 Uncommon trap: reason=unstable_if action=reinterpret pc=0x000001fce5baec5c method=com.esotericsoftware.kryo.io.Output.writeBoolean(Z)V @ 8 c2
Event: 74.572 Thread 0x000001fcc8cfb0b0 DEOPT PACKING pc=0x000001fce5baec5c sp=0x00000028642f7b20
Event: 74.572 Thread 0x000001fcc8cfb0b0 DEOPT UNPACKING pc=0x000001fce4cc7ba2 sp=0x00000028642f7aa8 mode 2
Event: 74.858 Thread 0x000001fccbb25fa0 Uncommon trap: trap_request=0xffffff45 fr.pc=0x000001fce58a6600 relative=0x0000000000001700
Event: 74.858 Thread 0x000001fccbb25fa0 Uncommon trap: reason=unstable_if action=reinterpret pc=0x000001fce58a6600 method=java.util.concurrent.ConcurrentHashMap.computeIfAbsent(Ljava/lang/Object;Ljava/util/function/Function;)Ljava/lang/Object; @ 104 c2
Event: 74.858 Thread 0x000001fccbb25fa0 DEOPT PACKING pc=0x000001fce58a6600 sp=0x00000028688fe860
Event: 74.858 Thread 0x000001fccbb25fa0 DEOPT UNPACKING pc=0x000001fce4cc7ba2 sp=0x00000028688fe7e8 mode 2
Event: 78.219 Thread 0x000001fcc8cfb0b0 Uncommon trap: trap_request=0xffffffc6 fr.pc=0x000001fce597d604 relative=0x0000000000000404
Event: 78.219 Thread 0x000001fcc8cfb0b0 Uncommon trap: reason=bimorphic_or_optimized_type_check action=maybe_recompile pc=0x000001fce597d604 method=org.codehaus.groovy.util.SingleKeyHashMap.get(Ljava/lang/Object;)Ljava/lang/Object; @ 1 c2
Event: 78.219 Thread 0x000001fcc8cfb0b0 DEOPT PACKING pc=0x000001fce597d604 sp=0x00000028642f75c0
Event: 78.219 Thread 0x000001fcc8cfb0b0 DEOPT UNPACKING pc=0x000001fce4cc7ba2 sp=0x00000028642f7550 mode 2
Event: 78.491 Thread 0x000001fcc8cfb0b0 DEOPT PACKING pc=0x000001fcd572990d sp=0x00000028642f6fe0
Event: 78.491 Thread 0x000001fcc8cfb0b0 DEOPT UNPACKING pc=0x000001fce4cc86e2 sp=0x00000028642f64d0 mode 0
Event: 78.896 Thread 0x000001fcc7185b00 Uncommon trap: trap_request=0xffffff45 fr.pc=0x000001fce5b39b84 relative=0x0000000000000ee4
Event: 78.896 Thread 0x000001fcc7185b00 Uncommon trap: reason=unstable_if action=reinterpret pc=0x000001fce5b39b84 method=java.util.concurrent.ConcurrentHashMap.putVal(Ljava/lang/Object;Ljava/lang/Object;Z)Ljava/lang/Object; @ 197 c2
Event: 78.896 Thread 0x000001fcc7185b00 DEOPT PACKING pc=0x000001fce5b39b84 sp=0x0000002869ffe6b0
Event: 78.896 Thread 0x000001fcc7185b00 DEOPT UNPACKING pc=0x000001fce4cc7ba2 sp=0x0000002869ffe630 mode 2

Classes loaded (20 events):
Event: 55.716 Loading class java/beans/IntrospectionException
Event: 55.716 Loading class java/beans/IntrospectionException done
Event: 59.868 Loading class java/util/ArrayListBeanInfo
Event: 59.868 Loading class java/util/ArrayListBeanInfo done
Event: 59.868 Loading class java/util/ArrayListBeanInfo
Event: 59.868 Loading class java/util/ArrayListBeanInfo done
Event: 59.868 Loading class java/util/AbstractListBeanInfo
Event: 59.868 Loading class java/util/AbstractListBeanInfo done
Event: 59.868 Loading class java/util/AbstractListBeanInfo
Event: 59.868 Loading class java/util/AbstractListBeanInfo done
Event: 59.868 Loading class java/util/AbstractListCustomizer
Event: 59.868 Loading class java/util/AbstractListCustomizer done
Event: 59.868 Loading class java/util/AbstractListCustomizer
Event: 59.868 Loading class java/util/AbstractListCustomizer done
Event: 59.869 Loading class java/util/ArrayListCustomizer
Event: 59.869 Loading class java/util/ArrayListCustomizer done
Event: 59.870 Loading class java/util/ArrayListCustomizer
Event: 59.870 Loading class java/util/ArrayListCustomizer done
Event: 68.397 Loading class java/beans/ParameterDescriptor
Event: 68.397 Loading class java/beans/ParameterDescriptor done

Classes unloaded (0 events):
No events

Classes redefined (0 events):
No events

Internal exceptions (20 events):
Event: 69.108 Thread 0x000001fcc8cfb0b0 Exception <a 'java/lang/ClassNotFoundException'{0x000000060c963548}: build_62lu6cuu4jtj2k300m0xp3jnjBeanInfo> (0x000000060c963548) 
thrown [s\src\hotspot\share\classfile\systemDictionary.cpp, line 312]
Event: 69.109 Thread 0x000001fcc8cfb0b0 Exception <a 'java/lang/ClassNotFoundException'{0x000000060c96ab30}: build_62lu6cuu4jtj2k300m0xp3jnjCustomizer> (0x000000060c96ab30) 
thrown [s\src\hotspot\share\classfile\systemDictionary.cpp, line 312]
Event: 71.391 Thread 0x000001fcc8cfb0b0 Exception <a 'java/lang/ClassNotFoundException'{0x00000006103885a0}: build_62lu6cuu4jtj2k300m0xp3jnjBeanInfo> (0x00000006103885a0) 
thrown [s\src\hotspot\share\classfile\systemDictionary.cpp, line 312]
Event: 71.392 Thread 0x000001fcc8cfb0b0 Exception <a 'java/lang/ClassNotFoundException'{0x0000000610390080}: build_62lu6cuu4jtj2k300m0xp3jnjCustomizer> (0x0000000610390080) 
thrown [s\src\hotspot\share\classfile\systemDictionary.cpp, line 312]
Event: 74.401 Thread 0x000001fcc8cfb0b0 Exception <a 'java/lang/ClassNotFoundException'{0x00000006111909a8}: build_dnoizgir2dwzqi6tjl9vv3irmBeanInfo> (0x00000006111909a8) 
thrown [s\src\hotspot\share\classfile\systemDictionary.cpp, line 312]
Event: 74.401 Thread 0x000001fcc8cfb0b0 Exception <a 'java/lang/ClassNotFoundException'{0x0000000611197f90}: build_dnoizgir2dwzqi6tjl9vv3irmCustomizer> (0x0000000611197f90) 
thrown [s\src\hotspot\share\classfile\systemDictionary.cpp, line 312]
Event: 77.347 Thread 0x000001fcc8cfb0b0 Exception <a 'java/lang/ClassNotFoundException'{0x000000060fc26d30}: build_dnoizgir2dwzqi6tjl9vv3irmBeanInfo> (0x000000060fc26d30) 
thrown [s\src\hotspot\share\classfile\systemDictionary.cpp, line 312]
Event: 77.348 Thread 0x000001fcc8cfb0b0 Exception <a 'java/lang/ClassNotFoundException'{0x000000060fc2e810}: build_dnoizgir2dwzqi6tjl9vv3irmCustomizer> (0x000000060fc2e810) 
thrown [s\src\hotspot\share\classfile\systemDictionary.cpp, line 312]
Event: 77.555 Thread 0x000001fcc8cfb0b0 Exception <a 'java/lang/ClassNotFoundException'{0x000000060f623b68}: org/gradle/api/internal/tasks/DefaultRealizableTaskCollection_DecoratedBeanInfo> (0x000000060f623b68) 
thrown [s\src\hotspot\share\classfile\systemDictionary.cpp, line 312]
Event: 77.558 Thread 0x000001fcc8cfb0b0 Exception <a 'java/lang/ClassNotFoundException'{0x000000060f638208}: org/gradle/api/internal/tasks/DefaultRealizableTaskCollectionBeanInfo> (0x000000060f638208) 
thrown [s\src\hotspot\share\classfile\systemDictionary.cpp, line 312]
Event: 77.560 Thread 0x000001fcc8cfb0b0 Exception <a 'java/lang/ClassNotFoundException'{0x000000060f64ccc0}: org/gradle/api/internal/DelegatingNamedDomainObjectSetBeanInfo> (0x000000060f64ccc0) 
thrown [s\src\hotspot\share\classfile\systemDictionary.cpp, line 312]
Event: 77.562 Thread 0x000001fcc8cfb0b0 Exception <a 'java/lang/ClassNotFoundException'{0x000000060f662298}: org/gradle/api/internal/DelegatingDomainObjectSetBeanInfo> (0x000000060f662298) 
thrown [s\src\hotspot\share\classfile\systemDictionary.cpp, line 312]
Event: 77.564 Thread 0x000001fcc8cfb0b0 Exception <a 'java/lang/ClassNotFoundException'{0x000000060f676d60}: org/gradle/api/internal/DelegatingDomainObjectSetCustomizer> (0x000000060f676d60) 
thrown [s\src\hotspot\share\classfile\systemDictionary.cpp, line 312]
Event: 77.568 Thread 0x000001fcc8cfb0b0 Exception <a 'java/lang/ClassNotFoundException'{0x000000060f6fae18}: org/gradle/api/internal/DelegatingNamedDomainObjectSetCustomizer> (0x000000060f6fae18) 
thrown [s\src\hotspot\share\classfile\systemDictionary.cpp, line 312]
Event: 77.573 Thread 0x000001fcc8cfb0b0 Exception <a 'java/lang/ClassNotFoundException'{0x000000060f79b300}: org/gradle/api/internal/tasks/DefaultRealizableTaskCollectionCustomizer> (0x000000060f79b300) 
thrown [s\src\hotspot\share\classfile\systemDictionary.cpp, line 312]
Event: 77.583 Thread 0x000001fcc8cfb0b0 Exception <a 'java/lang/ClassNotFoundException'{0x000000060f04bf38}: org/gradle/api/internal/tasks/DefaultRealizableTaskCollection_DecoratedCustomizer> (0x000000060f04bf38) 
thrown [s\src\hotspot\share\classfile\systemDictionary.cpp, line 312]
Event: 78.114 Thread 0x000001fcc8cfb0b0 Exception <a 'java/lang/ClassNotFoundException'{0x000000060e0886c8}: build_3xghzl77a2ldtras9qn510jriBeanInfo> (0x000000060e0886c8) 
thrown [s\src\hotspot\share\classfile\systemDictionary.cpp, line 312]
Event: 78.115 Thread 0x000001fcc8cfb0b0 Exception <a 'java/lang/ClassNotFoundException'{0x000000060e08fcb0}: build_3xghzl77a2ldtras9qn510jriCustomizer> (0x000000060e08fcb0) 
thrown [s\src\hotspot\share\classfile\systemDictionary.cpp, line 312]
Event: 78.327 Thread 0x000001fcc8cfb0b0 Exception <a 'java/lang/ClassNotFoundException'{0x000000060db0aa08}: build_3xghzl77a2ldtras9qn510jriBeanInfo> (0x000000060db0aa08) 
thrown [s\src\hotspot\share\classfile\systemDictionary.cpp, line 312]
Event: 78.327 Thread 0x000001fcc8cfb0b0 Exception <a 'java/lang/ClassNotFoundException'{0x000000060db124e8}: build_3xghzl77a2ldtras9qn510jriCustomizer> (0x000000060db124e8) 
thrown [s\src\hotspot\share\classfile\systemDictionary.cpp, line 312]

ZGC Phase Switch (0 events):
No events

VM Operations (20 events):
Event: 74.042 Executing safepoint VM operation: G1CollectForAllocation (G1 Evacuation Pause)
Event: 74.051 Executing safepoint VM operation: G1CollectForAllocation (G1 Evacuation Pause) done
Event: 75.057 Executing safepoint VM operation: Cleanup
Event: 75.058 Executing safepoint VM operation: Cleanup done
Event: 75.962 Executing safepoint VM operation: G1CollectForAllocation (G1 Evacuation Pause)
Event: 75.976 Executing safepoint VM operation: G1CollectForAllocation (G1 Evacuation Pause) done
Event: 76.982 Executing safepoint VM operation: Cleanup
Event: 76.983 Executing safepoint VM operation: Cleanup done
Event: 77.988 Executing safepoint VM operation: Cleanup
Event: 77.988 Executing safepoint VM operation: Cleanup done
Event: 78.457 Executing safepoint VM operation: G1CollectForAllocation (G1 Evacuation Pause)
Event: 78.475 Executing safepoint VM operation: G1CollectForAllocation (G1 Evacuation Pause) done
Event: 78.689 Executing safepoint VM operation: G1PauseRemark
Event: 78.698 Executing safepoint VM operation: G1PauseRemark done
Event: 78.794 Executing safepoint VM operation: G1PauseCleanup
Event: 78.794 Executing safepoint VM operation: G1PauseCleanup done
Event: 79.802 Executing safepoint VM operation: Cleanup
Event: 79.803 Executing safepoint VM operation: Cleanup done
Event: 80.609 Executing safepoint VM operation: G1CollectForAllocation (G1 Evacuation Pause)
Event: 80.633 Executing safepoint VM operation: G1CollectForAllocation (G1 Evacuation Pause) done

Memory protections (0 events):
No events

Nmethod flushes (20 events):
Event: 78.696 Thread 0x000001fcff98ed90 flushing  nmethod 0x000001fcd6040790
Event: 78.696 Thread 0x000001fcff98ed90 flushing  nmethod 0x000001fcd4fee610
Event: 78.696 Thread 0x000001fcff98ed90 flushing  nmethod 0x000001fcd4ff4890
Event: 78.696 Thread 0x000001fcff98ed90 flushing  nmethod 0x000001fcd513ab90
Event: 78.696 Thread 0x000001fcff98ed90 flushing  nmethod 0x000001fcd515f290
Event: 78.696 Thread 0x000001fcff98ed90 flushing  nmethod 0x000001fcd5160690
Event: 78.696 Thread 0x000001fcff98ed90 flushing  nmethod 0x000001fcd5276310
Event: 78.696 Thread 0x000001fcff98ed90 flushing  nmethod 0x000001fcd5365f10
Event: 78.696 Thread 0x000001fcff98ed90 flushing  nmethod 0x000001fcd5381e10
Event: 78.696 Thread 0x000001fcff98ed90 flushing  nmethod 0x000001fcd5469b90
Event: 78.696 Thread 0x000001fcff98ed90 flushing  nmethod 0x000001fcd546f590
Event: 78.696 Thread 0x000001fcff98ed90 flushing  nmethod 0x000001fcd54e0d10
Event: 78.696 Thread 0x000001fcff98ed90 flushing  nmethod 0x000001fcd564ca90
Event: 78.696 Thread 0x000001fcff98ed90 flushing  nmethod 0x000001fcd57c9810
Event: 78.696 Thread 0x000001fcff98ed90 flushing  nmethod 0x000001fcd5c23d10
Event: 78.696 Thread 0x000001fcff98ed90 flushing  nmethod 0x000001fcd5de8490
Event: 78.696 Thread 0x000001fcff98ed90 flushing  nmethod 0x000001fcd5de8f90
Event: 78.696 Thread 0x000001fcff98ed90 flushing  nmethod 0x000001fcd6068e10
Event: 78.696 Thread 0x000001fcff98ed90 flushing  nmethod 0x000001fcd6069f10
Event: 78.696 Thread 0x000001fcff98ed90 flushing  nmethod 0x000001fcd606b110

Events (20 events):
Event: 53.714 Thread 0x000001fccdd66f80 Thread exited: 0x000001fccdd66f80
Event: 54.355 Thread 0x000001fcff9b88b0 Thread added: 0x000001fccaf76d80
Event: 54.478 Thread 0x000001fccaf76d80 Thread exited: 0x000001fccaf76d80
Event: 55.324 Thread 0x000001fcc8cfb0b0 Thread added: 0x000001fccc513c20
Event: 56.428 Thread 0x000001fcff9c6580 Thread added: 0x000001fccaf78f90
Event: 56.568 Thread 0x000001fcc8cfb0b0 Thread added: 0x000001fccc5121e0
Event: 56.569 Thread 0x000001fcc8cfb0b0 Thread added: 0x000001fccc514fd0
Event: 56.877 Thread 0x000001fccaf78f90 Thread exited: 0x000001fccaf78f90
Event: 59.636 Thread 0x000001fcff9c6580 Thread added: 0x000001fccaf77450
Event: 59.766 Thread 0x000001fccaf77450 Thread exited: 0x000001fccaf77450
Event: 59.977 Thread 0x000001fcff9c6580 Thread added: 0x000001fccaf77450
Event: 60.175 Thread 0x000001fccaf77450 Thread exited: 0x000001fccaf77450
Event: 60.292 Thread 0x000001fcff9c6580 Thread added: 0x000001fccaf77450
Event: 62.148 Thread 0x000001fccaf77450 Thread exited: 0x000001fccaf77450
Event: 63.924 Thread 0x000001fcff9b88b0 Thread added: 0x000001fccaf78f90
Event: 67.026 Thread 0x000001fccaf78f90 Thread exited: 0x000001fccaf78f90
Event: 69.252 Thread 0x000001fcff9c6580 Thread added: 0x000001fccaf77b20
Event: 70.783 Thread 0x000001fccaf77b20 Thread exited: 0x000001fccaf77b20
Event: 71.693 Thread 0x000001fcff9c6580 Thread added: 0x000001fccaf77b20
Event: 71.843 Thread 0x000001fccaf77b20 Thread exited: 0x000001fccaf77b20


Dynamic libraries:
0x00007ff6c1d50000 - 0x00007ff6c1d5e000 	C:\Users\admin\.vscode\extensions\redhat.java-1.54.0-win32-x64\jre\21.0.10-win32-x86_64\bin\java.exe
0x00007ffb300f0000 - 0x00007ffb302e8000 	C:\WINDOWS\SYSTEM32\ntdll.dll
0x00007ffb2f1e0000 - 0x00007ffb2f2a2000 	C:\WINDOWS\System32\KERNEL32.DLL
0x00007ffb2d8d0000 - 0x00007ffb2dbc6000 	C:\WINDOWS\System32\KERNELBASE.dll
0x00007ffb2de00000 - 0x00007ffb2df00000 	C:\WINDOWS\System32\ucrtbase.dll
0x00007ffb053f0000 - 0x00007ffb05408000 	C:\Users\admin\.vscode\extensions\redhat.java-1.54.0-win32-x64\jre\21.0.10-win32-x86_64\bin\jli.dll
0x00007ffaf9a70000 - 0x00007ffaf9a8e000 	C:\Users\admin\.vscode\extensions\redhat.java-1.54.0-win32-x64\jre\21.0.10-win32-x86_64\bin\VCRUNTIME140.dll
0x00007ffb2e4d0000 - 0x00007ffb2e671000 	C:\WINDOWS\System32\USER32.dll
0x00007ffb2d8a0000 - 0x00007ffb2d8c2000 	C:\WINDOWS\System32\win32u.dll
0x00007ffb19c70000 - 0x00007ffb19f0b000 	C:\WINDOWS\WinSxS\amd64_microsoft.windows.common-controls_6595b64144ccf1df_6.0.19041.6456_none_60b8a6cb71f64256\COMCTL32.dll
0x00007ffb2ff10000 - 0x00007ffb2ff3b000 	C:\WINDOWS\System32\GDI32.dll
0x00007ffb30010000 - 0x00007ffb300ae000 	C:\WINDOWS\System32\msvcrt.dll
0x00007ffb2dbd0000 - 0x00007ffb2dce9000 	C:\WINDOWS\System32\gdi32full.dll
0x00007ffb2d780000 - 0x00007ffb2d81d000 	C:\WINDOWS\System32\msvcp_win.dll
0x00007ffb2fa20000 - 0x00007ffb2fa4f000 	C:\WINDOWS\System32\IMM32.DLL
0x00007ffb053e0000 - 0x00007ffb053ec000 	C:\Users\admin\.vscode\extensions\redhat.java-1.54.0-win32-x64\jre\21.0.10-win32-x86_64\bin\vcruntime140_1.dll
0x00007ffaf99e0000 - 0x00007ffaf9a6d000 	C:\Users\admin\.vscode\extensions\redhat.java-1.54.0-win32-x64\jre\21.0.10-win32-x86_64\bin\msvcp140.dll
0x00007ffa8e290000 - 0x00007ffa8f031000 	C:\Users\admin\.vscode\extensions\redhat.java-1.54.0-win32-x64\jre\21.0.10-win32-x86_64\bin\server\jvm.dll
0x00007ffb2f120000 - 0x00007ffb2f1d1000 	C:\WINDOWS\System32\ADVAPI32.dll
0x00007ffb2f080000 - 0x00007ffb2f11f000 	C:\WINDOWS\System32\sechost.dll
0x00007ffb2e830000 - 0x00007ffb2e950000 	C:\WINDOWS\System32\RPCRT4.dll
0x00007ffb2dd40000 - 0x00007ffb2dd67000 	C:\WINDOWS\System32\bcrypt.dll
0x00007ffb2fb30000 - 0x00007ffb2fb9b000 	C:\WINDOWS\System32\WS2_32.dll
0x00007ffb2d5e0000 - 0x00007ffb2d62b000 	C:\WINDOWS\SYSTEM32\POWRPROF.dll
0x00007ffb19fd0000 - 0x00007ffb19ff7000 	C:\WINDOWS\SYSTEM32\WINMM.dll
0x00007ffb26900000 - 0x00007ffb2690a000 	C:\WINDOWS\SYSTEM32\VERSION.dll
0x00007ffb2d5c0000 - 0x00007ffb2d5d2000 	C:\WINDOWS\SYSTEM32\UMPDC.dll
0x00007ffb2bf90000 - 0x00007ffb2bfa2000 	C:\WINDOWS\SYSTEM32\kernel.appcore.dll
0x00007ffb04640000 - 0x00007ffb0464a000 	C:\Users\admin\.vscode\extensions\redhat.java-1.54.0-win32-x64\jre\21.0.10-win32-x86_64\bin\jimage.dll
0x00007ffb2b380000 - 0x00007ffb2b581000 	C:\WINDOWS\SYSTEM32\DBGHELP.DLL
0x00007ffb0be80000 - 0x00007ffb0beb4000 	C:\WINDOWS\SYSTEM32\dbgcore.DLL
0x00007ffb2dd70000 - 0x00007ffb2ddf2000 	C:\WINDOWS\System32\bcryptPrimitives.dll
0x00007ffb00f30000 - 0x00007ffb00f3f000 	C:\Users\admin\.vscode\extensions\redhat.java-1.54.0-win32-x64\jre\21.0.10-win32-x86_64\bin\instrument.dll
0x00007ffaf99c0000 - 0x00007ffaf99e0000 	C:\Users\admin\.vscode\extensions\redhat.java-1.54.0-win32-x64\jre\21.0.10-win32-x86_64\bin\java.dll
0x00007ffb2f2b0000 - 0x00007ffb2fa20000 	C:\WINDOWS\System32\SHELL32.dll
0x00007ffb2b7d0000 - 0x00007ffb2bf75000 	C:\WINDOWS\SYSTEM32\windows.storage.dll
0x00007ffb2e170000 - 0x00007ffb2e4c4000 	C:\WINDOWS\System32\combase.dll
0x00007ffb2d0d0000 - 0x00007ffb2d0fb000 	C:\WINDOWS\SYSTEM32\Wldp.dll
0x00007ffb2ff40000 - 0x00007ffb3000d000 	C:\WINDOWS\System32\OLEAUT32.dll
0x00007ffb2efc0000 - 0x00007ffb2f06d000 	C:\WINDOWS\System32\SHCORE.dll
0x00007ffb2ee70000 - 0x00007ffb2eecb000 	C:\WINDOWS\System32\shlwapi.dll
0x00007ffb2d6b0000 - 0x00007ffb2d6d4000 	C:\WINDOWS\SYSTEM32\profapi.dll
0x00007ffaf99a0000 - 0x00007ffaf99b8000 	C:\Users\admin\.vscode\extensions\redhat.java-1.54.0-win32-x64\jre\21.0.10-win32-x86_64\bin\zip.dll
0x00007ffb03870000 - 0x00007ffb03880000 	C:\Users\admin\.vscode\extensions\redhat.java-1.54.0-win32-x64\jre\21.0.10-win32-x86_64\bin\net.dll
0x00007ffb25870000 - 0x00007ffb2597a000 	C:\WINDOWS\SYSTEM32\WINHTTP.dll
0x00007ffb2ce30000 - 0x00007ffb2ce9a000 	C:\WINDOWS\system32\mswsock.dll
0x00007ffaf8c90000 - 0x00007ffaf8ca6000 	C:\Users\admin\.vscode\extensions\redhat.java-1.54.0-win32-x64\jre\21.0.10-win32-x86_64\bin\nio.dll
0x00007ffafdd10000 - 0x00007ffafdd20000 	C:\Users\admin\.vscode\extensions\redhat.java-1.54.0-win32-x64\jre\21.0.10-win32-x86_64\bin\verify.dll
0x00007ffad5e30000 - 0x00007ffad5e57000 	C:\Users\admin\.gradle\native\1def1411415f61bf3af743bc5b6707747c0891f09f0c88961ee8f79bc544acac\windows-amd64\native-platform.dll
0x00007ffad57e0000 - 0x00007ffad5858000 	C:\Users\admin\.gradle\native\0.2.7\x86_64-windows-gnu\gradle-fileevents.dll
0x00007ffb05830000 - 0x00007ffb0583a000 	C:\Users\admin\.vscode\extensions\redhat.java-1.54.0-win32-x64\jre\21.0.10-win32-x86_64\bin\management.dll
0x00007ffb05270000 - 0x00007ffb0527c000 	C:\Users\admin\.vscode\extensions\redhat.java-1.54.0-win32-x64\jre\21.0.10-win32-x86_64\bin\management_ext.dll
0x00007ffb2f070000 - 0x00007ffb2f078000 	C:\WINDOWS\System32\PSAPI.DLL
0x00007ffb2cb10000 - 0x00007ffb2cb4b000 	C:\WINDOWS\SYSTEM32\IPHLPAPI.DLL
0x00007ffb2fcc0000 - 0x00007ffb2fcc8000 	C:\WINDOWS\System32\NSI.dll
0x00007ffb09d60000 - 0x00007ffb09d69000 	C:\Users\admin\.vscode\extensions\redhat.java-1.54.0-win32-x64\jre\21.0.10-win32-x86_64\bin\extnet.dll
0x00007ffb2d020000 - 0x00007ffb2d038000 	C:\WINDOWS\SYSTEM32\CRYPTSP.dll
0x00007ffb2c750000 - 0x00007ffb2c788000 	C:\WINDOWS\system32\rsaenh.dll
0x00007ffb2d670000 - 0x00007ffb2d69e000 	C:\WINDOWS\SYSTEM32\USERENV.dll
0x00007ffb2d040000 - 0x00007ffb2d04c000 	C:\WINDOWS\SYSTEM32\CRYPTBASE.dll
0x00007ffb09da0000 - 0x00007ffb09dae000 	C:\Users\admin\.vscode\extensions\redhat.java-1.54.0-win32-x64\jre\21.0.10-win32-x86_64\bin\sunmscapi.dll
0x00007ffb2df00000 - 0x00007ffb2e05d000 	C:\WINDOWS\System32\CRYPT32.dll
0x00007ffb2d140000 - 0x00007ffb2d167000 	C:\WINDOWS\SYSTEM32\ncrypt.dll
0x00007ffb2d100000 - 0x00007ffb2d13b000 	C:\WINDOWS\SYSTEM32\NTASN1.dll
0x00007ffb09d90000 - 0x00007ffb09d97000 	C:\WINDOWS\system32\wshunix.dll
0x00007ffb27d00000 - 0x00007ffb27d17000 	C:\WINDOWS\system32\napinsp.dll
0x00007ffb0e250000 - 0x00007ffb0e26b000 	C:\WINDOWS\system32\pnrpnsp.dll
0x00007ffb28080000 - 0x00007ffb2809d000 	C:\WINDOWS\system32\wshbth.dll
0x00007ffb28b30000 - 0x00007ffb28b4d000 	C:\WINDOWS\system32\NLAapi.dll
0x00007ffb2cb50000 - 0x00007ffb2cc1a000 	C:\WINDOWS\SYSTEM32\DNSAPI.dll
0x00007ffb0e050000 - 0x00007ffb0e062000 	C:\WINDOWS\System32\winrnr.dll
0x00007ffb1c170000 - 0x00007ffb1c17a000 	C:\Windows\System32\rasadhlp.dll
0x00007ffb1c1a0000 - 0x00007ffb1c220000 	C:\WINDOWS\System32\fwpuclnt.dll

JVMTI agents:
C:\Users\admin\.gradle\wrapper\dists\gradle-8.14-all\c2qonpi39x1mddn7hk5gh9iqj\gradle-8.14\lib\agents\gradle-instrumentation-agent-8.14.jar path:C:\Users\admin\.vscode\extensions\redhat.java-1.54.0-win32-x64\jre\21.0.10-win32-x86_64\bin\instrument.dll, loaded, initialized, instrumentlib options:none

dbghelp: loaded successfully - version: 4.0.5 - missing functions: none
symbol engine: initialized successfully - sym options: 0x614 - pdb path: .;C:\Users\admin\.vscode\extensions\redhat.java-1.54.0-win32-x64\jre\21.0.10-win32-x86_64\bin;C:\WINDOWS\SYSTEM32;C:\WINDOWS\WinSxS\amd64_microsoft.windows.common-controls_6595b64144ccf1df_6.0.19041.6456_none_60b8a6cb71f64256;C:\Users\admin\.vscode\extensions\redhat.java-1.54.0-win32-x64\jre\21.0.10-win32-x86_64\bin\server;C:\Users\admin\.gradle\native\1def1411415f61bf3af743bc5b6707747c0891f09f0c88961ee8f79bc544acac\windows-amd64;C:\Users\admin\.gradle\native\0.2.7\x86_64-windows-gnu

VM Arguments:
jvm_args: --add-opens=java.base/java.lang=ALL-UNNAMED --add-opens=java.base/java.lang.invoke=ALL-UNNAMED --add-opens=java.base/java.util=ALL-UNNAMED --add-opens=java.prefs/java.util.prefs=ALL-UNNAMED --add-exports=jdk.compiler/com.sun.tools.javac.api=ALL-UNNAMED --add-exports=jdk.compiler/com.sun.tools.javac.util=ALL-UNNAMED --add-opens=java.base/java.util=ALL-UNNAMED --add-opens=java.prefs/java.util.prefs=ALL-UNNAMED --add-opens=java.base/java.nio.charset=ALL-UNNAMED --add-opens=java.base/java.net=ALL-UNNAMED --add-opens=java.base/java.util.concurrent.atomic=ALL-UNNAMED --add-opens=java.xml/javax.xml.namespace=ALL-UNNAMED -XX:MaxMetaspaceSize=4G -XX:ReservedCodeCacheSize=512m -XX:+HeapDumpOnOutOfMemoryError -Xmx8G -Dfile.encoding=UTF-8 -Duser.country=IN -Duser.language=en -Duser.variant -javaagent:C:\Users\admin\.gradle\wrapper\dists\gradle-8.14-all\c2qonpi39x1mddn7hk5gh9iqj\gradle-8.14\lib\agents\gradle-instrumentation-agent-8.14.jar 
java_command: org.gradle.launcher.daemon.bootstrap.GradleDaemon 8.14
java_class_path (initial): C:\Users\admin\.gradle\wrapper\dists\gradle-8.14-all\c2qonpi39x1mddn7hk5gh9iqj\gradle-8.14\lib\gradle-daemon-main-8.14.jar
Launcher Type: SUN_STANDARD

[Global flags]
     intx CICompilerCount                          = 4                                         {product} {ergonomic}
     uint ConcGCThreads                            = 2                                         {product} {ergonomic}
     uint G1ConcRefinementThreads                  = 8                                         {product} {ergonomic}
   size_t G1HeapRegionSize                         = 4194304                                   {product} {ergonomic}
    uintx GCDrainStackTargetSize                   = 64                                        {product} {ergonomic}
     bool HeapDumpOnOutOfMemoryError               = true                                   {manageable} {command line}
   size_t InitialHeapSize                          = 130023424                                 {product} {ergonomic}
   size_t MarkStackSize                            = 4194304                                   {product} {ergonomic}
   size_t MaxHeapSize                              = 8589934592                                {product} {command line}
   size_t MaxMetaspaceSize                         = 4294967296                                {product} {command line}
   size_t MaxNewSize                               = 5150605312                                {product} {ergonomic}
   size_t MinHeapDeltaBytes                        = 4194304                                   {product} {ergonomic}
   size_t MinHeapSize                              = 8388608                                   {product} {ergonomic}
    uintx NonNMethodCodeHeapSize                   = 5839372                                {pd product} {ergonomic}
    uintx NonProfiledCodeHeapSize                  = 265515770                              {pd product} {ergonomic}
    uintx ProfiledCodeHeapSize                     = 265515770                              {pd product} {ergonomic}
    uintx ReservedCodeCacheSize                    = 536870912                              {pd product} {command line}
     bool SegmentedCodeCache                       = true                                      {product} {ergonomic}
   size_t SoftMaxHeapSize                          = 8589934592                             {manageable} {ergonomic}
     bool UseCompressedOops                        = true                           {product lp64_product} {ergonomic}
     bool UseG1GC                                  = true                                      {product} {ergonomic}
     bool UseLargePagesIndividualAllocation        = false                                  {pd product} {ergonomic}

Logging:
Log output configuration:
 #0: stdout all=warning uptime,level,tags foldmultilines=false
 #1: stderr all=off uptime,level,tags foldmultilines=false

Release file:
JAVA_VERSION="21.0.10" 
MODULES="java.base java.compiler java.datatransfer java.xml java.prefs java.desktop java.instrument java.logging java.management java.security.sasl java.naming java.rmi java.management.rmi java.net.http java.scripting java.security.jgss java.transaction.xa java.sql java.sql.rowset java.xml.crypto java.se java.smartcardio jdk.accessibility jdk.internal.jvmstat jdk.attach jdk.charsets jdk.internal.opt jdk.zipfs jdk.compiler jdk.crypto.ec jdk.crypto.cryptoki jdk.crypto.mscapi jdk.dynalink jdk.internal.ed jdk.editpad jdk.hotspot.agent jdk.httpserver jdk.internal.le jdk.internal.vm.ci jdk.internal.vm.compiler jdk.internal.vm.compiler.management jdk.jartool jdk.javadoc jdk.jcmd jdk.management jdk.management.agent jdk.jconsole jdk.jdeps jdk.jdwp.agent jdk.jdi jdk.jfr jdk.jshell jdk.jsobject jdk.jstatd jdk.localedata jdk.management.jfr jdk.naming.dns jdk.naming.rmi jdk.net jdk.nio.mapmode jdk.random jdk.sctp jdk.security.auth jdk.security.jgss jdk.unsupported jdk.unsupported.desktop jdk.xml.dom" 

Environment Variables:
JAVA_HOME=C:\Program Files\Eclipse Adoptium\jdk-25.0.2.10-hotspot
PATH=C:\Users\admin\AppData\Local\Programs\Python\Python313\Scripts\;C:\Users\admin\AppData\Local\Programs\Python\Python313\;C:\WINDOWS\system32;C:\WINDOWS;C:\WINDOWS\System32\Wbem;C:\WINDOWS\System32\WindowsPowerShell\v1.0\;C:\WINDOWS\System32\OpenSSH\;C:\ProgramData\chocolatey\bin;C:\Program Files\Git\cmd;C:\src\flutter\bin;C:\Android\cmdline-tools\latest\bin;C:\Android\platform-tools;C:\Program Files\Eclipse Adoptium\jdk-25.0.2.10-hotspot\bin;C:\Program Files\nodejs\;C:\Program Files\dotnet\;C:\Users\admin\AppData\Local\Programs\Python\Launcher\;C:\Users\admin\AppData\Local\Microsoft\WindowsApps;C:\Users\admin\AppData\Local\Programs\Microsoft VS Code\bin;C:\Users\admin\AppData\Roaming\npm;C:\Program Files\Antigravity\bin;C:\Users\admin\.dotnet\tools
USERNAME=admin
OS=Windows_NT
PROCESSOR_IDENTIFIER=Intel64 Family 6 Model 126 Stepping 5, GenuineIntel
TMP=C:\Users\admin\AppData\Local\Temp
TEMP=C:\Users\admin\AppData\Local\Temp




Periodic native trim disabled

---------------  S Y S T E M  ---------------

OS:
 Windows 10 , 64 bit Build 19041 (10.0.19041.5915)
OS uptime: 19 days 2:42 hours

CPU: total 8 (initial active 8) (4 cores per cpu, 2 threads per core) family 6 model 126 stepping 5 microcode 0xa0, cx8, cmov, fxsr, ht, mmx, 3dnowpref, sse, sse2, sse3, ssse3, sse4.1, sse4.2, popcnt, lzcnt, tsc, tscinvbit, avx, avx2, aes, erms, clmul, bmi1, bmi2, adx, avx512f, avx512dq, avx512cd, avx512bw, avx512vl, sha, fma, vzeroupper, avx512_vpopcntdq, avx512_vpclmulqdq, avx512_vaes, avx512_vnni, clflush, clflushopt, avx512_vbmi2, avx512_vbmi, rdtscp, rdpid, fsrm, gfni, avx512_bitalg, f16c, pku, avx512_ifma
Processor Information for the first 8 processors :
  Max Mhz: 1190, Current Mhz: 991, Mhz Limit: 987

Memory: 4k page, system-wide physical 7934M (400M free)
TotalPageFile size 16126M (AvailPageFile size 2M)
current process WorkingSet (physical memory assigned to process): 607M, peak: 614M
current process commit charge ("private bytes"): 708M, peak: 713M

vm_info: OpenJDK 64-Bit Server VM (21.0.10+7-LTS) for windows-amd64 JRE (21.0.10+7-LTS), built on 2026-01-20T00:00:00Z by "admin" with MS VC++ 17.12 (VS2022)

END.
