#
# There is insufficient memory for the Java Runtime Environment to continue.
# Native memory allocation (malloc) failed to allocate 819296 bytes. Error detail: Chunk::new
# Possible reasons:
#   The system is out of physical RAM or swap space
#   This process is running with CompressedOops enabled, and the Java Heap may be blocking the growth of the native heap
# Possible solutions:
#   Reduce memory load on the system
#   Increase physical memory or swap space
#   Check if swap backing store is full
#   Decrease Java heap size (-Xmx/-Xms)
#   Decrease number of Java threads
#   Decrease Java thread stack sizes (-Xss)
#   Set larger code cache with -XX:ReservedCodeCacheSize=
#   JVM is running with Unscaled Compressed Oops mode in which the Java heap is
#     placed in the first 4GB address space. The Java Heap base address is the
#     maximum limit for the native heap growth. Please use -XX:HeapBaseMinAddress
#     to set the Java Heap base and to place the Java Heap above 4GB virtual address.
# This output file may be truncated or incomplete.
#
#  Out of Memory Error (arena.cpp:168), pid=12392, tid=20668
#
# JRE version: OpenJDK Runtime Environment Temurin-21.0.10+7 (21.0.10+7) (build 21.0.10+7-LTS)
# Java VM: OpenJDK 64-Bit Server VM Temurin-21.0.10+7 (21.0.10+7-LTS, mixed mode, sharing, tiered, compressed oops, compressed class ptrs, g1 gc, windows-amd64)
# No core dump will be written. Minidumps are not enabled by default on client versions of Windows
#

---------------  S U M M A R Y ------------

Command Line: org.jetbrains.kotlin.cli.jvm.K2JVMCompiler @C:\Users\admin\flutter\packages\flutter_tools\gradle\build\20260525_13210843864912431119.compiler.options

Host: Intel(R) Core(TM) i5-1035G1 CPU @ 1.00GHz, 8 cores, 7G,  Windows 10 , 64 bit Build 19041 (10.0.19041.5915)
Time: Mon May 25 18:08:35 2026 India Standard Time elapsed time: 18.111161 seconds (0d 0h 0m 18s)

---------------  T H R E A D  ---------------

Current thread (0x0000018ef411d7b0):  JavaThread "C2 CompilerThread0" daemon [_thread_in_native, id=20668, stack(0x0000006127600000,0x0000006127700000) (1024K)]


Current CompileTask:
C2:18111 10926       4       org.jetbrains.kotlin.resolve.calls.inference.CapturedTypeConstructorKt::wrapWithCapturingSubstitution (214 bytes)

Stack: [0x0000006127600000,0x0000006127700000]
Native frames: (J=compiled Java code, j=interpreted, Vv=VM code, C=native code)
V  [jvm.dll+0x6d7a39]
V  [jvm.dll+0x8b4b26]
V  [jvm.dll+0x8b70de]
V  [jvm.dll+0x8b77c3]
V  [jvm.dll+0x284346]
V  [jvm.dll+0xc66ed]
V  [jvm.dll+0xc6c31]
V  [jvm.dll+0x3bec3b]
V  [jvm.dll+0x38b162]
V  [jvm.dll+0x38a5aa]
V  [jvm.dll+0x24c560]
V  [jvm.dll+0x24bb40]
V  [jvm.dll+0x1cb34e]
V  [jvm.dll+0x25b85d]
V  [jvm.dll+0x259dea]
V  [jvm.dll+0x3f857e]
V  [jvm.dll+0x85f59d]
V  [jvm.dll+0x6d626d]
C  [ucrtbase.dll+0x21bb2]
C  [KERNEL32.DLL+0x17374]
C  [ntdll.dll+0x4cc91]


---------------  P R O C E S S  ---------------

Threads class SMR info:
_java_thread_list=0x0000018ef426df40, length=11, elements={
0x0000018edcb03820, 0x0000018ef41112a0, 0x0000018ef4116790, 0x0000018ef41196e0,
0x0000018ef411b150, 0x0000018ef411bfc0, 0x0000018ef411ca20, 0x0000018ef411d7b0,
0x0000018ef4129d70, 0x0000018ef426c0e0, 0x0000018ef426d0e0
}

Java Threads: ( => current thread )
  0x0000018edcb03820 JavaThread "main"                              [_thread_in_Java, id=19316, stack(0x0000006126800000,0x0000006126900000) (1024K)]
  0x0000018ef41112a0 JavaThread "Reference Handler"          daemon [_thread_blocked, id=6152, stack(0x0000006127000000,0x0000006127100000) (1024K)]
  0x0000018ef4116790 JavaThread "Finalizer"                  daemon [_thread_blocked, id=16660, stack(0x0000006127100000,0x0000006127200000) (1024K)]
  0x0000018ef41196e0 JavaThread "Signal Dispatcher"          daemon [_thread_blocked, id=18896, stack(0x0000006127200000,0x0000006127300000) (1024K)]
  0x0000018ef411b150 JavaThread "Attach Listener"            daemon [_thread_blocked, id=20644, stack(0x0000006127300000,0x0000006127400000) (1024K)]
  0x0000018ef411bfc0 JavaThread "Service Thread"             daemon [_thread_blocked, id=12248, stack(0x0000006127400000,0x0000006127500000) (1024K)]
  0x0000018ef411ca20 JavaThread "Monitor Deflation Thread"   daemon [_thread_blocked, id=10640, stack(0x0000006127500000,0x0000006127600000) (1024K)]
=>0x0000018ef411d7b0 JavaThread "C2 CompilerThread0"         daemon [_thread_in_native, id=20668, stack(0x0000006127600000,0x0000006127700000) (1024K)]
  0x0000018ef4129d70 JavaThread "C1 CompilerThread0"         daemon [_thread_in_native, id=19552, stack(0x0000006127700000,0x0000006127800000) (1024K)]
  0x0000018ef426c0e0 JavaThread "Notification Thread"        daemon [_thread_blocked, id=6544, stack(0x0000006127800000,0x0000006127900000) (1024K)]
  0x0000018ef426d0e0 JavaThread "Common-Cleaner"             daemon [_thread_blocked, id=5180, stack(0x0000006127900000,0x0000006127a00000) (1024K)]
Total: 11

Other Threads:
  0x0000018ef40f53d0 VMThread "VM Thread"                           [id=9692, stack(0x0000006126f00000,0x0000006127000000) (1024K)]
  0x0000018ef40e61e0 WatcherThread "VM Periodic Task Thread"        [id=18600, stack(0x0000006126e00000,0x0000006126f00000) (1024K)]
  0x0000018edcb554f0 WorkerThread "GC Thread#0"                     [id=20184, stack(0x0000006126900000,0x0000006126a00000) (1024K)]
  0x0000018ef4909f10 WorkerThread "GC Thread#1"                     [id=13720, stack(0x0000006127a00000,0x0000006127b00000) (1024K)]
  0x0000018ef48e4100 WorkerThread "GC Thread#2"                     [id=4340, stack(0x0000006127b00000,0x0000006127c00000) (1024K)]
  0x0000018ef48e44b0 WorkerThread "GC Thread#3"                     [id=18740, stack(0x0000006127c00000,0x0000006127d00000) (1024K)]
  0x0000018ef48e4860 WorkerThread "GC Thread#4"                     [id=6708, stack(0x0000006127d00000,0x0000006127e00000) (1024K)]
  0x0000018ef48e4c10 WorkerThread "GC Thread#5"                     [id=2224, stack(0x0000006127e00000,0x0000006127f00000) (1024K)]
  0x0000018ef905af40 WorkerThread "GC Thread#6"                     [id=20956, stack(0x0000006127f00000,0x0000006128000000) (1024K)]
  0x0000018ef905b6a0 WorkerThread "GC Thread#7"                     [id=15016, stack(0x0000006128000000,0x0000006128100000) (1024K)]
  0x0000018edcb66da0 ConcurrentGCThread "G1 Main Marker"            [id=8548, stack(0x0000006126a00000,0x0000006126b00000) (1024K)]
  0x0000018edcb67f50 WorkerThread "G1 Conc#0"                       [id=19064, stack(0x0000006126b00000,0x0000006126c00000) (1024K)]
  0x0000018ef905ab90 WorkerThread "G1 Conc#1"                       [id=1316, stack(0x0000006128100000,0x0000006128200000) (1024K)]
  0x0000018ef3fb34e0 ConcurrentGCThread "G1 Refine#0"               [id=4628, stack(0x0000006126c00000,0x0000006126d00000) (1024K)]
  0x0000018edcbcde00 ConcurrentGCThread "G1 Service"                [id=20204, stack(0x0000006126d00000,0x0000006126e00000) (1024K)]
Total: 15

Threads with active compile tasks:
C2 CompilerThread0  18152 10926       4       org.jetbrains.kotlin.resolve.calls.inference.CapturedTypeConstructorKt::wrapWithCapturingSubstitution (214 bytes)
C1 CompilerThread0  18152 10982       3       org.jetbrains.kotlin.load.java.lazy.descriptors.LazyJavaClassMemberScope::nestedClasses$lambda$59 (391 bytes)
Total: 2

VM state: not at safepoint (normal execution)

VM Mutex/Monitor currently owned by a thread: None

Heap address: 0x0000000084000000, size: 1984 MB, Compressed Oops mode: 32-bit

CDS archive(s) mapped at: [0x0000018e80000000-0x0000018e80ba0000-0x0000018e80ba0000), size 12189696, SharedBaseAddress: 0x0000018e80000000, ArchiveRelocationMode: 1.
Compressed class space mapped at: 0x0000018e81000000-0x0000018ec1000000, reserved size: 1073741824
Narrow klass base: 0x0000018e80000000, Narrow klass shift: 0, Narrow klass range: 0x100000000

GC Precious Log:
 CardTable entry size: 512
 Card Set container configuration: InlinePtr #cards 5 size 8 Array Of Cards #cards 12 size 40 Howl #buckets 4 coarsen threshold 1843 Howl Bitmap #cards 512 size 80 coarsen threshold 460 Card regions per heap region 1 cards per card region 2048
 CPUs: 8 total, 8 available
 Memory: 7934M
 Large Page Support: Disabled
 NUMA Support: Disabled
 Compressed Oops: Enabled (32-bit)
 Heap Region Size: 1M
 Heap Min Capacity: 8M
 Heap Initial Capacity: 124M
 Heap Max Capacity: 1984M
 Pre-touch: Disabled
 Parallel Workers: 8
 Concurrent Workers: 2
 Concurrent Refinement Workers: 8
 Periodic GC: Disabled

Heap:
 garbage-first heap   total 130048K, used 95576K [0x0000000084000000, 0x0000000100000000)
  region size 1024K, 25 young (25600K), 6 survivors (6144K)
 Metaspace       used 56759K, committed 57664K, reserved 1114112K
  class space    used 6558K, committed 6976K, reserved 1048576K

Heap Regions: E=young(eden), S=young(survivor), O=old, HS=humongous(starts), HC=humongous(continues), CS=collection set, F=free, TAMS=top-at-mark-start, PB=parsable bottom
|   0|0x0000000084000000, 0x0000000084100000, 0x0000000084100000|100%|HS|  |TAMS 0x0000000084000000| PB 0x0000000084000000| Complete 
|   1|0x0000000084100000, 0x0000000084200000, 0x0000000084200000|100%|HC|  |TAMS 0x0000000084100000| PB 0x0000000084100000| Complete 
|   2|0x0000000084200000, 0x0000000084300000, 0x0000000084300000|100%|HC|  |TAMS 0x0000000084200000| PB 0x0000000084200000| Complete 
|   3|0x0000000084300000, 0x0000000084400000, 0x0000000084400000|100%| O|  |TAMS 0x0000000084300000| PB 0x0000000084300000| Untracked 
|   4|0x0000000084400000, 0x0000000084500000, 0x0000000084500000|100%| O|  |TAMS 0x0000000084400000| PB 0x0000000084400000| Untracked 
|   5|0x0000000084500000, 0x0000000084600000, 0x0000000084600000|100%| O|  |TAMS 0x0000000084500000| PB 0x0000000084500000| Untracked 
|   6|0x0000000084600000, 0x0000000084700000, 0x0000000084700000|100%| O|  |TAMS 0x0000000084600000| PB 0x0000000084600000| Untracked 
|   7|0x0000000084700000, 0x0000000084800000, 0x0000000084800000|100%|HS|  |TAMS 0x0000000084700000| PB 0x0000000084700000| Complete 
|   8|0x0000000084800000, 0x0000000084900000, 0x0000000084900000|100%|HC|  |TAMS 0x0000000084800000| PB 0x0000000084800000| Complete 
|   9|0x0000000084900000, 0x0000000084a00000, 0x0000000084a00000|100%|HC|  |TAMS 0x0000000084900000| PB 0x0000000084900000| Complete 
|  10|0x0000000084a00000, 0x0000000084b00000, 0x0000000084b00000|100%|HC|  |TAMS 0x0000000084a00000| PB 0x0000000084a00000| Complete 
|  11|0x0000000084b00000, 0x0000000084c00000, 0x0000000084c00000|100%|HC|  |TAMS 0x0000000084b00000| PB 0x0000000084b00000| Complete 
|  12|0x0000000084c00000, 0x0000000084d00000, 0x0000000084d00000|100%|HC|  |TAMS 0x0000000084c00000| PB 0x0000000084c00000| Complete 
|  13|0x0000000084d00000, 0x0000000084e00000, 0x0000000084e00000|100%|HS|  |TAMS 0x0000000084d00000| PB 0x0000000084d00000| Complete 
|  14|0x0000000084e00000, 0x0000000084f00000, 0x0000000084f00000|100%|HS|  |TAMS 0x0000000084e00000| PB 0x0000000084e00000| Complete 
|  15|0x0000000084f00000, 0x0000000085000000, 0x0000000085000000|100%|HS|  |TAMS 0x0000000084f00000| PB 0x0000000084f00000| Complete 
|  16|0x0000000085000000, 0x0000000085100000, 0x0000000085100000|100%|HC|  |TAMS 0x0000000085000000| PB 0x0000000085000000| Complete 
|  17|0x0000000085100000, 0x0000000085200000, 0x0000000085200000|100%|HS|  |TAMS 0x0000000085100000| PB 0x0000000085100000| Complete 
|  18|0x0000000085200000, 0x0000000085300000, 0x0000000085300000|100%| O|  |TAMS 0x0000000085200000| PB 0x0000000085200000| Untracked 
|  19|0x0000000085300000, 0x0000000085400000, 0x0000000085400000|100%| O|  |TAMS 0x0000000085300000| PB 0x0000000085300000| Untracked 
|  20|0x0000000085400000, 0x0000000085500000, 0x0000000085500000|100%| O|  |TAMS 0x0000000085400000| PB 0x0000000085400000| Untracked 
|  21|0x0000000085500000, 0x0000000085600000, 0x0000000085600000|100%| O|  |TAMS 0x0000000085500000| PB 0x0000000085500000| Untracked 
|  22|0x0000000085600000, 0x0000000085700000, 0x0000000085700000|100%| O|  |TAMS 0x0000000085600000| PB 0x0000000085600000| Untracked 
|  23|0x0000000085700000, 0x0000000085800000, 0x0000000085800000|100%| O|  |TAMS 0x0000000085700000| PB 0x0000000085700000| Untracked 
|  24|0x0000000085800000, 0x0000000085900000, 0x0000000085900000|100%| O|  |TAMS 0x0000000085800000| PB 0x0000000085800000| Untracked 
|  25|0x0000000085900000, 0x0000000085a00000, 0x0000000085a00000|100%| O|  |TAMS 0x0000000085900000| PB 0x0000000085900000| Untracked 
|  26|0x0000000085a00000, 0x0000000085b00000, 0x0000000085b00000|100%| O|  |TAMS 0x0000000085a00000| PB 0x0000000085a00000| Untracked 
|  27|0x0000000085b00000, 0x0000000085c00000, 0x0000000085c00000|100%| O|  |TAMS 0x0000000085b00000| PB 0x0000000085b00000| Untracked 
|  28|0x0000000085c00000, 0x0000000085d00000, 0x0000000085d00000|100%| O|  |TAMS 0x0000000085c00000| PB 0x0000000085c00000| Untracked 
|  29|0x0000000085d00000, 0x0000000085e00000, 0x0000000085e00000|100%| O|  |TAMS 0x0000000085d00000| PB 0x0000000085d00000| Untracked 
|  30|0x0000000085e00000, 0x0000000085f00000, 0x0000000085f00000|100%| O|  |TAMS 0x0000000085e00000| PB 0x0000000085e00000| Untracked 
|  31|0x0000000085f00000, 0x0000000086000000, 0x0000000086000000|100%| O|  |TAMS 0x0000000085f00000| PB 0x0000000085f00000| Untracked 
|  32|0x0000000086000000, 0x0000000086100000, 0x0000000086100000|100%| O|  |TAMS 0x0000000086000000| PB 0x0000000086000000| Untracked 
|  33|0x0000000086100000, 0x0000000086200000, 0x0000000086200000|100%| O|  |TAMS 0x0000000086100000| PB 0x0000000086100000| Untracked 
|  34|0x0000000086200000, 0x0000000086300000, 0x0000000086300000|100%| O|Cm|TAMS 0x0000000086200000| PB 0x0000000086200000| Complete 
|  35|0x0000000086300000, 0x0000000086400000, 0x0000000086400000|100%| O|  |TAMS 0x0000000086300000| PB 0x0000000086300000| Untracked 
|  36|0x0000000086400000, 0x0000000086500000, 0x0000000086500000|100%| O|  |TAMS 0x0000000086400000| PB 0x0000000086400000| Untracked 
|  37|0x0000000086500000, 0x0000000086600000, 0x0000000086600000|100%| O|  |TAMS 0x0000000086500000| PB 0x0000000086500000| Untracked 
|  38|0x0000000086600000, 0x0000000086700000, 0x0000000086700000|100%| O|  |TAMS 0x0000000086600000| PB 0x0000000086600000| Untracked 
|  39|0x0000000086700000, 0x0000000086800000, 0x0000000086800000|100%| O|  |TAMS 0x0000000086700000| PB 0x0000000086700000| Untracked 
|  40|0x0000000086800000, 0x0000000086900000, 0x0000000086900000|100%| O|  |TAMS 0x0000000086800000| PB 0x0000000086800000| Untracked 
|  41|0x0000000086900000, 0x0000000086a00000, 0x0000000086a00000|100%| O|  |TAMS 0x0000000086900000| PB 0x0000000086900000| Untracked 
|  42|0x0000000086a00000, 0x0000000086b00000, 0x0000000086b00000|100%| O|  |TAMS 0x0000000086a00000| PB 0x0000000086a00000| Untracked 
|  43|0x0000000086b00000, 0x0000000086c00000, 0x0000000086c00000|100%| O|Cm|TAMS 0x0000000086b00000| PB 0x0000000086b00000| Complete 
|  44|0x0000000086c00000, 0x0000000086d00000, 0x0000000086d00000|100%| O|  |TAMS 0x0000000086c00000| PB 0x0000000086c00000| Untracked 
|  45|0x0000000086d00000, 0x0000000086e00000, 0x0000000086e00000|100%| O|  |TAMS 0x0000000086d00000| PB 0x0000000086d00000| Untracked 
|  46|0x0000000086e00000, 0x0000000086f00000, 0x0000000086f00000|100%| O|  |TAMS 0x0000000086e00000| PB 0x0000000086e00000| Untracked 
|  47|0x0000000086f00000, 0x0000000087000000, 0x0000000087000000|100%| O|  |TAMS 0x0000000086f00000| PB 0x0000000086f00000| Untracked 
|  48|0x0000000087000000, 0x0000000087100000, 0x0000000087100000|100%| O|  |TAMS 0x0000000087000000| PB 0x0000000087000000| Untracked 
|  49|0x0000000087100000, 0x0000000087200000, 0x0000000087200000|100%| O|  |TAMS 0x0000000087100000| PB 0x0000000087100000| Untracked 
|  50|0x0000000087200000, 0x0000000087300000, 0x0000000087300000|100%| O|  |TAMS 0x0000000087200000| PB 0x0000000087200000| Untracked 
|  51|0x0000000087300000, 0x0000000087400000, 0x0000000087400000|100%| O|  |TAMS 0x0000000087300000| PB 0x0000000087300000| Untracked 
|  52|0x0000000087400000, 0x0000000087500000, 0x0000000087500000|100%| O|  |TAMS 0x0000000087400000| PB 0x0000000087400000| Untracked 
|  53|0x0000000087500000, 0x0000000087600000, 0x0000000087600000|100%| O|  |TAMS 0x0000000087500000| PB 0x0000000087500000| Untracked 
|  54|0x0000000087600000, 0x0000000087700000, 0x0000000087700000|100%| O|  |TAMS 0x0000000087600000| PB 0x0000000087600000| Untracked 
|  55|0x0000000087700000, 0x0000000087800000, 0x0000000087800000|100%| O|  |TAMS 0x0000000087700000| PB 0x0000000087700000| Untracked 
|  56|0x0000000087800000, 0x0000000087900000, 0x0000000087900000|100%| O|  |TAMS 0x0000000087800000| PB 0x0000000087800000| Untracked 
|  57|0x0000000087900000, 0x0000000087a00000, 0x0000000087a00000|100%| O|  |TAMS 0x0000000087900000| PB 0x0000000087900000| Untracked 
|  58|0x0000000087a00000, 0x0000000087b00000, 0x0000000087b00000|100%| O|  |TAMS 0x0000000087a00000| PB 0x0000000087a00000| Untracked 
|  59|0x0000000087b00000, 0x0000000087c00000, 0x0000000087c00000|100%| O|  |TAMS 0x0000000087b00000| PB 0x0000000087b00000| Untracked 
|  60|0x0000000087c00000, 0x0000000087c00000, 0x0000000087d00000|  0%| F|  |TAMS 0x0000000087c00000| PB 0x0000000087c00000| Untracked 
|  61|0x0000000087d00000, 0x0000000087d00000, 0x0000000087e00000|  0%| F|  |TAMS 0x0000000087d00000| PB 0x0000000087d00000| Untracked 
|  62|0x0000000087e00000, 0x0000000087e00000, 0x0000000087f00000|  0%| F|  |TAMS 0x0000000087e00000| PB 0x0000000087e00000| Untracked 
|  63|0x0000000087f00000, 0x0000000087f00000, 0x0000000088000000|  0%| F|  |TAMS 0x0000000087f00000| PB 0x0000000087f00000| Untracked 
|  64|0x0000000088000000, 0x0000000088000000, 0x0000000088100000|  0%| F|  |TAMS 0x0000000088000000| PB 0x0000000088000000| Untracked 
|  65|0x0000000088100000, 0x0000000088100000, 0x0000000088200000|  0%| F|  |TAMS 0x0000000088100000| PB 0x0000000088100000| Untracked 
|  66|0x0000000088200000, 0x00000000882562c0, 0x0000000088300000| 33%| S|CS|TAMS 0x0000000088200000| PB 0x0000000088200000| Complete 
|  67|0x0000000088300000, 0x0000000088400000, 0x0000000088400000|100%| S|CS|TAMS 0x0000000088300000| PB 0x0000000088300000| Complete 
|  68|0x0000000088400000, 0x0000000088500000, 0x0000000088500000|100%| S|CS|TAMS 0x0000000088400000| PB 0x0000000088400000| Complete 
|  69|0x0000000088500000, 0x0000000088500000, 0x0000000088600000|  0%| F|  |TAMS 0x0000000088500000| PB 0x0000000088500000| Untracked 
|  70|0x0000000088600000, 0x0000000088600000, 0x0000000088700000|  0%| F|  |TAMS 0x0000000088600000| PB 0x0000000088600000| Untracked 
|  71|0x0000000088700000, 0x0000000088700000, 0x0000000088800000|  0%| F|  |TAMS 0x0000000088700000| PB 0x0000000088700000| Untracked 
|  72|0x0000000088800000, 0x0000000088800000, 0x0000000088900000|  0%| F|  |TAMS 0x0000000088800000| PB 0x0000000088800000| Untracked 
|  73|0x0000000088900000, 0x0000000088a00000, 0x0000000088a00000|100%| S|CS|TAMS 0x0000000088900000| PB 0x0000000088900000| Complete 
|  74|0x0000000088a00000, 0x0000000088b00000, 0x0000000088b00000|100%| S|CS|TAMS 0x0000000088a00000| PB 0x0000000088a00000| Complete 
|  75|0x0000000088b00000, 0x0000000088c00000, 0x0000000088c00000|100%| S|CS|TAMS 0x0000000088b00000| PB 0x0000000088b00000| Complete 
|  76|0x0000000088c00000, 0x0000000088c00000, 0x0000000088d00000|  0%| F|  |TAMS 0x0000000088c00000| PB 0x0000000088c00000| Untracked 
|  77|0x0000000088d00000, 0x0000000088d00000, 0x0000000088e00000|  0%| F|  |TAMS 0x0000000088d00000| PB 0x0000000088d00000| Untracked 
|  78|0x0000000088e00000, 0x0000000088e00000, 0x0000000088f00000|  0%| F|  |TAMS 0x0000000088e00000| PB 0x0000000088e00000| Untracked 
|  79|0x0000000088f00000, 0x0000000088f00000, 0x0000000089000000|  0%| F|  |TAMS 0x0000000088f00000| PB 0x0000000088f00000| Untracked 
|  80|0x0000000089000000, 0x0000000089000000, 0x0000000089100000|  0%| F|  |TAMS 0x0000000089000000| PB 0x0000000089000000| Untracked 
|  81|0x0000000089100000, 0x0000000089100000, 0x0000000089200000|  0%| F|  |TAMS 0x0000000089100000| PB 0x0000000089100000| Untracked 
|  82|0x0000000089200000, 0x0000000089200000, 0x0000000089300000|  0%| F|  |TAMS 0x0000000089200000| PB 0x0000000089200000| Untracked 
|  83|0x0000000089300000, 0x0000000089300000, 0x0000000089400000|  0%| F|  |TAMS 0x0000000089300000| PB 0x0000000089300000| Untracked 
|  84|0x0000000089400000, 0x0000000089400000, 0x0000000089500000|  0%| F|  |TAMS 0x0000000089400000| PB 0x0000000089400000| Untracked 
|  85|0x0000000089500000, 0x0000000089500000, 0x0000000089600000|  0%| F|  |TAMS 0x0000000089500000| PB 0x0000000089500000| Untracked 
|  86|0x0000000089600000, 0x0000000089600000, 0x0000000089700000|  0%| F|  |TAMS 0x0000000089600000| PB 0x0000000089600000| Untracked 
|  87|0x0000000089700000, 0x0000000089700000, 0x0000000089800000|  0%| F|  |TAMS 0x0000000089700000| PB 0x0000000089700000| Untracked 
|  88|0x0000000089800000, 0x0000000089800000, 0x0000000089900000|  0%| F|  |TAMS 0x0000000089800000| PB 0x0000000089800000| Untracked 
|  89|0x0000000089900000, 0x0000000089900000, 0x0000000089a00000|  0%| F|  |TAMS 0x0000000089900000| PB 0x0000000089900000| Untracked 
|  90|0x0000000089a00000, 0x0000000089a00000, 0x0000000089b00000|  0%| F|  |TAMS 0x0000000089a00000| PB 0x0000000089a00000| Untracked 
|  91|0x0000000089b00000, 0x0000000089b00000, 0x0000000089c00000|  0%| F|  |TAMS 0x0000000089b00000| PB 0x0000000089b00000| Untracked 
|  92|0x0000000089c00000, 0x0000000089c00000, 0x0000000089d00000|  0%| F|  |TAMS 0x0000000089c00000| PB 0x0000000089c00000| Untracked 
|  93|0x0000000089d00000, 0x0000000089d00000, 0x0000000089e00000|  0%| F|  |TAMS 0x0000000089d00000| PB 0x0000000089d00000| Untracked 
|  94|0x0000000089e00000, 0x0000000089e00000, 0x0000000089f00000|  0%| F|  |TAMS 0x0000000089e00000| PB 0x0000000089e00000| Untracked 
|  95|0x0000000089f00000, 0x0000000089f00000, 0x000000008a000000|  0%| F|  |TAMS 0x0000000089f00000| PB 0x0000000089f00000| Untracked 
|  96|0x000000008a000000, 0x000000008a000000, 0x000000008a100000|  0%| F|  |TAMS 0x000000008a000000| PB 0x000000008a000000| Untracked 
|  97|0x000000008a100000, 0x000000008a100000, 0x000000008a200000|  0%| F|  |TAMS 0x000000008a100000| PB 0x000000008a100000| Untracked 
|  98|0x000000008a200000, 0x000000008a280000, 0x000000008a300000| 50%| E|  |TAMS 0x000000008a200000| PB 0x000000008a200000| Complete 
|  99|0x000000008a300000, 0x000000008a400000, 0x000000008a400000|100%| E|CS|TAMS 0x000000008a300000| PB 0x000000008a300000| Complete 
| 100|0x000000008a400000, 0x000000008a500000, 0x000000008a500000|100%| E|CS|TAMS 0x000000008a400000| PB 0x000000008a400000| Complete 
| 101|0x000000008a500000, 0x000000008a600000, 0x000000008a600000|100%| E|CS|TAMS 0x000000008a500000| PB 0x000000008a500000| Complete 
| 102|0x000000008a600000, 0x000000008a700000, 0x000000008a700000|100%| E|CS|TAMS 0x000000008a600000| PB 0x000000008a600000| Complete 
| 103|0x000000008a700000, 0x000000008a800000, 0x000000008a800000|100%| E|CS|TAMS 0x000000008a700000| PB 0x000000008a700000| Complete 
| 104|0x000000008a800000, 0x000000008a900000, 0x000000008a900000|100%| E|CS|TAMS 0x000000008a800000| PB 0x000000008a800000| Complete 
| 105|0x000000008a900000, 0x000000008aa00000, 0x000000008aa00000|100%| E|CS|TAMS 0x000000008a900000| PB 0x000000008a900000| Complete 
| 106|0x000000008aa00000, 0x000000008ab00000, 0x000000008ab00000|100%| E|CS|TAMS 0x000000008aa00000| PB 0x000000008aa00000| Complete 
| 107|0x000000008ab00000, 0x000000008ac00000, 0x000000008ac00000|100%| E|CS|TAMS 0x000000008ab00000| PB 0x000000008ab00000| Complete 
| 108|0x000000008ac00000, 0x000000008ad00000, 0x000000008ad00000|100%| E|CS|TAMS 0x000000008ac00000| PB 0x000000008ac00000| Complete 
| 109|0x000000008ad00000, 0x000000008ae00000, 0x000000008ae00000|100%| E|CS|TAMS 0x000000008ad00000| PB 0x000000008ad00000| Complete 
| 110|0x000000008ae00000, 0x000000008af00000, 0x000000008af00000|100%| E|CS|TAMS 0x000000008ae00000| PB 0x000000008ae00000| Complete 
| 111|0x000000008af00000, 0x000000008b000000, 0x000000008b000000|100%| E|CS|TAMS 0x000000008af00000| PB 0x000000008af00000| Complete 
| 112|0x000000008b000000, 0x000000008b100000, 0x000000008b100000|100%| E|CS|TAMS 0x000000008b000000| PB 0x000000008b000000| Complete 
| 113|0x000000008b100000, 0x000000008b200000, 0x000000008b200000|100%| E|CS|TAMS 0x000000008b100000| PB 0x000000008b100000| Complete 
| 114|0x000000008b200000, 0x000000008b300000, 0x000000008b300000|100%| E|CS|TAMS 0x000000008b200000| PB 0x000000008b200000| Complete 
| 115|0x000000008b300000, 0x000000008b400000, 0x000000008b400000|100%| E|CS|TAMS 0x000000008b300000| PB 0x000000008b300000| Complete 
| 123|0x000000008bb00000, 0x000000008bc00000, 0x000000008bc00000|100%| E|CS|TAMS 0x000000008bb00000| PB 0x000000008bb00000| Complete 
|1974|0x00000000ff600000, 0x00000000ff700000, 0x00000000ff700000|100%| O|  |TAMS 0x00000000ff600000| PB 0x00000000ff600000| Untracked 
|1975|0x00000000ff700000, 0x00000000ff800000, 0x00000000ff800000|100%| O|  |TAMS 0x00000000ff700000| PB 0x00000000ff700000| Untracked 
|1976|0x00000000ff800000, 0x00000000ff900000, 0x00000000ff900000|100%| O|  |TAMS 0x00000000ff800000| PB 0x00000000ff800000| Untracked 
|1977|0x00000000ff900000, 0x00000000ffa00000, 0x00000000ffa00000|100%| O|  |TAMS 0x00000000ff900000| PB 0x00000000ff900000| Untracked 
|1978|0x00000000ffa00000, 0x00000000ffb00000, 0x00000000ffb00000|100%| O|  |TAMS 0x00000000ffa00000| PB 0x00000000ffa00000| Untracked 
|1979|0x00000000ffb00000, 0x00000000ffc00000, 0x00000000ffc00000|100%| O|  |TAMS 0x00000000ffb00000| PB 0x00000000ffb00000| Untracked 
|1980|0x00000000ffc00000, 0x00000000ffd00000, 0x00000000ffd00000|100%| O|  |TAMS 0x00000000ffc00000| PB 0x00000000ffc00000| Untracked 
|1981|0x00000000ffd00000, 0x00000000ffe00000, 0x00000000ffe00000|100%| O|  |TAMS 0x00000000ffd00000| PB 0x00000000ffd00000| Untracked 
|1982|0x00000000ffe00000, 0x00000000fff00000, 0x00000000fff00000|100%| O|  |TAMS 0x00000000ffe00000| PB 0x00000000ffe00000| Untracked 
|1983|0x00000000fff00000, 0x0000000100000000, 0x0000000100000000|100%| O|  |TAMS 0x00000000fff00000| PB 0x00000000fff00000| Untracked 

Card table byte_map: [0x0000018eef420000,0x0000018eef800000] _byte_map_base: 0x0000018eef000000

Marking Bits: (CMBitMap*) 0x0000018edcb55b00
 Bits: [0x0000018eef800000, 0x0000018ef1700000)

Polling page: 0x0000018edc2d0000

Metaspace:

Usage:
  Non-class:     49.02 MB used.
      Class:      6.40 MB used.
       Both:     55.43 MB used.

Virtual space:
  Non-class space:       64.00 MB reserved,      49.50 MB ( 77%) committed,  1 nodes.
      Class space:        1.00 GB reserved,       6.81 MB ( <1%) committed,  1 nodes.
             Both:        1.06 GB reserved,      56.31 MB (  5%) committed. 

Chunk freelists:
   Non-Class:  14.09 MB
       Class:  9.04 MB
        Both:  23.14 MB

MaxMetaspaceSize: unlimited
CompressedClassSpaceSize: 1.00 GB
Initial GC threshold: 21.00 MB
Current GC threshold: 93.38 MB
CDS: on
 - commit_granule_bytes: 65536.
 - commit_granule_words: 8192.
 - virtual_space_node_default_size: 8388608.
 - enlarge_chunks_in_place: 1.
 - use_allocation_guard: 0.


Internal statistics:

num_allocs_failed_limit: 12.
num_arena_births: 1374.
num_arena_deaths: 0.
num_vsnodes_births: 2.
num_vsnodes_deaths: 0.
num_space_committed: 899.
num_space_uncommitted: 0.
num_chunks_returned_to_freelist: 12.
num_chunks_taken_from_freelist: 3626.
num_chunk_merges: 12.
num_chunk_splits: 2650.
num_chunks_enlarged: 1997.
num_inconsistent_stats: 0.

CodeHeap 'non-profiled nmethods': size=120000Kb used=4288Kb max_used=4288Kb free=115711Kb
 bounds [0x0000018ee77e0000, 0x0000018ee7c20000, 0x0000018eeed10000]
CodeHeap 'profiled nmethods': size=120000Kb used=29048Kb max_used=29260Kb free=90951Kb
 bounds [0x0000018edfd10000, 0x0000018ee19f0000, 0x0000018ee7240000]
CodeHeap 'non-nmethods': size=5760Kb used=1686Kb max_used=1746Kb free=4073Kb
 bounds [0x0000018ee7240000, 0x0000018ee74b0000, 0x0000018ee77e0000]
CodeCache: size=245760Kb, used=35022Kb, max_used=35294Kb, free=210735Kb
 total_blobs=10555, nmethods=9895, adapters=562, full_count=0
Compilation: enabled, stopped_count=0, restarted_count=0

Compilation events (20 events):
Event: 18.073 Thread 0x0000018ef4129d70 10956       3       org.jetbrains.kotlin.resolve.descriptorUtil.DescriptorUtilsKt::isUnderscoreNamed (42 bytes)
Event: 18.074 Thread 0x0000018ef4129d70 nmethod 10956 0x0000018ee0357010 code [0x0000018ee0357280, 0x0000018ee0357b68]
Event: 18.075 Thread 0x0000018ef4129d70 10957       3       org.jetbrains.kotlin.types.model.MarkerExtensionsKt::safeSubstitute (33 bytes)
Event: 18.076 Thread 0x0000018ef4129d70 nmethod 10957 0x0000018ee0693910 code [0x0000018ee0693c20, 0x0000018ee0694b50]
Event: 18.076 Thread 0x0000018ef4129d70 10958       3       org.jetbrains.kotlin.descriptors.annotations.CompositeAnnotations::hasAnnotation (73 bytes)
Event: 18.077 Thread 0x0000018ef4129d70 nmethod 10958 0x0000018edfdd4710 code [0x0000018edfdd4a40, 0x0000018edfdd5cd0]
Event: 18.077 Thread 0x0000018ef4129d70 10960       3       org.jetbrains.kotlin.types.TypeSubstitutor::unsafeSubstitute (793 bytes)
Event: 18.087 Thread 0x0000018ef4129d70 nmethod 10960 0x0000018ee19c0c90 code [0x0000018ee19c1ee0, 0x0000018ee19ccda0]
Event: 18.087 Thread 0x0000018ef4129d70 10964       1       org.jetbrains.kotlin.types.SimpleTypeWithEnhancement::getDelegate (5 bytes)
Event: 18.087 Thread 0x0000018ef4129d70 nmethod 10964 0x0000018ee7881410 code [0x0000018ee78815a0, 0x0000018ee7881668]
Event: 18.087 Thread 0x0000018ef4129d70 10963       3       org.jetbrains.kotlin.builtins.StandardNames::getFunctionName (20 bytes)
Event: 18.088 Thread 0x0000018ef4129d70 nmethod 10963 0x0000018edfda3b90 code [0x0000018edfda3da0, 0x0000018edfda4250]
Event: 18.088 Thread 0x0000018ef4129d70 10961       3       org.jetbrains.kotlin.com.intellij.psi.impl.source.tree.FileElement::getManager (39 bytes)
Event: 18.088 Thread 0x0000018ef4129d70 nmethod 10961 0x0000018edff64010 code [0x0000018edff64220, 0x0000018edff647c8]
Event: 18.090 Thread 0x0000018ef4129d70 10965       3       org.jetbrains.kotlin.types.AbstractTypeApproximator::asCapturedType (21 bytes)
Event: 18.091 Thread 0x0000018ef4129d70 nmethod 10965 0x0000018ee00bd810 code [0x0000018ee00bda40, 0x0000018ee00be1d0]
Event: 18.096 Thread 0x0000018ef4129d70 10966       3       org.jetbrains.kotlin.psi.KtVisitor::visitTypeElement (16 bytes)
Event: 18.096 Thread 0x0000018ef4129d70 nmethod 10966 0x0000018ee02e9910 code [0x0000018ee02e9ac0, 0x0000018ee02e9d10]
Event: 18.096 Thread 0x0000018ef4129d70 10967       3       org.jetbrains.kotlin.resolve.DescriptorUtils::findJvmNameAnnotation (24 bytes)
Event: 18.096 Thread 0x0000018ef4129d70 nmethod 10967 0x0000018ee043a090 code [0x0000018ee043a260, 0x0000018ee043a558]

GC Heap History (20 events):
Event: 4.231 GC heap before
{Heap before GC invocations=2 (full 0):
 garbage-first heap   total 126976K, used 86955K [0x0000000084000000, 0x0000000100000000)
  region size 1024K, 69 young (70656K), 2 survivors (2048K)
 Metaspace       used 21263K, committed 21504K, reserved 1114112K
  class space    used 2715K, committed 2816K, reserved 1048576K
}
Event: 4.289 GC heap after
{Heap after GC invocations=3 (full 0):
 garbage-first heap   total 126976K, used 27648K [0x0000000084000000, 0x0000000100000000)
  region size 1024K, 10 young (10240K), 10 survivors (10240K)
 Metaspace       used 21263K, committed 21504K, reserved 1114112K
  class space    used 2715K, committed 2816K, reserved 1048576K
}
Event: 5.786 GC heap before
{Heap before GC invocations=4 (full 0):
 garbage-first heap   total 89088K, used 89088K [0x0000000084000000, 0x0000000100000000)
  region size 1024K, 60 young (61440K), 10 survivors (10240K)
 Metaspace       used 31186K, committed 31424K, reserved 1114112K
  class space    used 3934K, committed 4032K, reserved 1048576K
}
Event: 5.821 GC heap after
{Heap after GC invocations=5 (full 0):
 garbage-first heap   total 106496K, used 44544K [0x0000000084000000, 0x0000000100000000)
  region size 1024K, 7 young (7168K), 7 survivors (7168K)
 Metaspace       used 31186K, committed 31424K, reserved 1114112K
  class space    used 3934K, committed 4032K, reserved 1048576K
}
Event: 6.551 GC heap before
{Heap before GC invocations=5 (full 0):
 garbage-first heap   total 106496K, used 70144K [0x0000000084000000, 0x0000000100000000)
  region size 1024K, 33 young (33792K), 7 survivors (7168K)
 Metaspace       used 35156K, committed 35968K, reserved 1114112K
  class space    used 4452K, committed 4864K, reserved 1048576K
}
Event: 6.568 GC heap after
{Heap after GC invocations=6 (full 0):
 garbage-first heap   total 106496K, used 47104K [0x0000000084000000, 0x0000000100000000)
  region size 1024K, 3 young (3072K), 3 survivors (3072K)
 Metaspace       used 35156K, committed 35968K, reserved 1114112K
  class space    used 4452K, committed 4864K, reserved 1048576K
}
Event: 6.655 GC heap before
{Heap before GC invocations=6 (full 0):
 garbage-first heap   total 106496K, used 48128K [0x0000000084000000, 0x0000000100000000)
  region size 1024K, 5 young (5120K), 3 survivors (3072K)
 Metaspace       used 35524K, committed 36288K, reserved 1114112K
  class space    used 4497K, committed 4864K, reserved 1048576K
}
Event: 6.661 GC heap after
{Heap after GC invocations=7 (full 0):
 garbage-first heap   total 106496K, used 46592K [0x0000000084000000, 0x0000000100000000)
  region size 1024K, 2 young (2048K), 2 survivors (2048K)
 Metaspace       used 35524K, committed 36288K, reserved 1114112K
  class space    used 4497K, committed 4864K, reserved 1048576K
}
Event: 7.645 GC heap before
{Heap before GC invocations=8 (full 0):
 garbage-first heap   total 106496K, used 88576K [0x0000000084000000, 0x0000000100000000)
  region size 1024K, 42 young (43008K), 2 survivors (2048K)
 Metaspace       used 41135K, committed 41920K, reserved 1114112K
  class space    used 5135K, committed 5504K, reserved 1048576K
}
Event: 7.656 GC heap after
{Heap after GC invocations=9 (full 0):
 garbage-first heap   total 106496K, used 51368K [0x0000000084000000, 0x0000000100000000)
  region size 1024K, 6 young (6144K), 6 survivors (6144K)
 Metaspace       used 41135K, committed 41920K, reserved 1114112K
  class space    used 5135K, committed 5504K, reserved 1048576K
}
Event: 8.530 GC heap before
{Heap before GC invocations=9 (full 0):
 garbage-first heap   total 106496K, used 89256K [0x0000000084000000, 0x0000000100000000)
  region size 1024K, 43 young (44032K), 6 survivors (6144K)
 Metaspace       used 46657K, committed 47488K, reserved 1114112K
  class space    used 5808K, committed 6208K, reserved 1048576K
}
Event: 8.547 GC heap after
{Heap after GC invocations=10 (full 0):
 garbage-first heap   total 106496K, used 53468K [0x0000000084000000, 0x0000000100000000)
  region size 1024K, 3 young (3072K), 3 survivors (3072K)
 Metaspace       used 46657K, committed 47488K, reserved 1114112K
  class space    used 5808K, committed 6208K, reserved 1048576K
}
Event: 10.022 GC heap before
{Heap before GC invocations=10 (full 0):
 garbage-first heap   total 106496K, used 91356K [0x0000000084000000, 0x0000000100000000)
  region size 1024K, 40 young (40960K), 3 survivors (3072K)
 Metaspace       used 50098K, committed 50944K, reserved 1114112K
  class space    used 6071K, committed 6464K, reserved 1048576K
}
Event: 10.044 GC heap after
{Heap after GC invocations=11 (full 0):
 garbage-first heap   total 128000K, used 60279K [0x0000000084000000, 0x0000000100000000)
  region size 1024K, 5 young (5120K), 5 survivors (5120K)
 Metaspace       used 50098K, committed 50944K, reserved 1114112K
  class space    used 6071K, committed 6464K, reserved 1048576K
}
Event: 12.816 GC heap before
{Heap before GC invocations=12 (full 0):
 garbage-first heap   total 128000K, used 107383K [0x0000000084000000, 0x0000000100000000)
  region size 1024K, 51 young (52224K), 5 survivors (5120K)
 Metaspace       used 54094K, committed 54912K, reserved 1114112K
  class space    used 6478K, committed 6848K, reserved 1048576K
}
Event: 12.839 GC heap after
{Heap after GC invocations=13 (full 0):
 garbage-first heap   total 128000K, used 66382K [0x0000000084000000, 0x0000000100000000)
  region size 1024K, 6 young (6144K), 6 survivors (6144K)
 Metaspace       used 54094K, committed 54912K, reserved 1114112K
  class space    used 6478K, committed 6848K, reserved 1048576K
}
Event: 15.725 GC heap before
{Heap before GC invocations=13 (full 0):
 garbage-first heap   total 128000K, used 110414K [0x0000000084000000, 0x0000000100000000)
  region size 1024K, 48 young (49152K), 6 survivors (6144K)
 Metaspace       used 55683K, committed 56512K, reserved 1114112K
  class space    used 6531K, committed 6912K, reserved 1048576K
}
Event: 15.747 GC heap after
{Heap after GC invocations=14 (full 0):
 garbage-first heap   total 128000K, used 71625K [0x0000000084000000, 0x0000000100000000)
  region size 1024K, 6 young (6144K), 6 survivors (6144K)
 Metaspace       used 55683K, committed 56512K, reserved 1114112K
  class space    used 6531K, committed 6912K, reserved 1048576K
}
Event: 17.240 GC heap before
{Heap before GC invocations=14 (full 0):
 garbage-first heap   total 128000K, used 111561K [0x0000000084000000, 0x0000000100000000)
  region size 1024K, 45 young (46080K), 6 survivors (6144K)
 Metaspace       used 56462K, committed 57280K, reserved 1114112K
  class space    used 6552K, committed 6976K, reserved 1048576K
}
Event: 17.256 GC heap after
{Heap after GC invocations=15 (full 0):
 garbage-first heap   total 128000K, used 77144K [0x0000000084000000, 0x0000000100000000)
  region size 1024K, 6 young (6144K), 6 survivors (6144K)
 Metaspace       used 56462K, committed 57280K, reserved 1114112K
  class space    used 6552K, committed 6976K, reserved 1048576K
}

Dll operation events (7 events):
Event: 0.008 Loaded shared library C:\Users\admin\.vscode\extensions\redhat.java-1.54.0-win32-x64\jre\21.0.10-win32-x86_64\bin\java.dll
Event: 0.079 Loaded shared library C:\Users\admin\.vscode\extensions\redhat.java-1.54.0-win32-x64\jre\21.0.10-win32-x86_64\bin\net.dll
Event: 0.082 Loaded shared library C:\Users\admin\.vscode\extensions\redhat.java-1.54.0-win32-x64\jre\21.0.10-win32-x86_64\bin\nio.dll
Event: 0.132 Loaded shared library C:\Users\admin\.vscode\extensions\redhat.java-1.54.0-win32-x64\jre\21.0.10-win32-x86_64\bin\zip.dll
Event: 0.171 Loaded shared library C:\Users\admin\.vscode\extensions\redhat.java-1.54.0-win32-x64\jre\21.0.10-win32-x86_64\bin\zip.dll
Event: 0.174 Loaded shared library C:\Users\admin\.vscode\extensions\redhat.java-1.54.0-win32-x64\jre\21.0.10-win32-x86_64\bin\jimage.dll
Event: 3.200 Loaded shared library C:\Users\admin\.vscode\extensions\redhat.java-1.54.0-win32-x64\jre\21.0.10-win32-x86_64\bin\verify.dll

Deoptimization events (20 events):
Event: 17.498 Thread 0x0000018edcb03820 DEOPT PACKING pc=0x0000018ee7baaab0 sp=0x00000061268fb280
Event: 17.498 Thread 0x0000018edcb03820 DEOPT UNPACKING pc=0x0000018ee7297ba2 sp=0x00000061268fb210 mode 2
Event: 17.498 Thread 0x0000018edcb03820 Uncommon trap: trap_request=0xffffffde fr.pc=0x0000018ee7baaab0 relative=0x0000000000000a50
Event: 17.498 Thread 0x0000018edcb03820 Uncommon trap: reason=class_check action=maybe_recompile pc=0x0000018ee7baaab0 method=org.jetbrains.kotlin.resolve.calls.util.PsiUtilsKt.getCalleeExpressionIfAny(Lorg/jetbrains/kotlin/psi/KtElement;)Lorg/jetbrains/kotlin/psi/KtExpression; @ 63 c2
Event: 17.498 Thread 0x0000018edcb03820 DEOPT PACKING pc=0x0000018ee7baaab0 sp=0x00000061268fb280
Event: 17.498 Thread 0x0000018edcb03820 DEOPT UNPACKING pc=0x0000018ee7297ba2 sp=0x00000061268fb210 mode 2
Event: 17.499 Thread 0x0000018edcb03820 Uncommon trap: trap_request=0xffffffde fr.pc=0x0000018ee7baaab0 relative=0x0000000000000a50
Event: 17.499 Thread 0x0000018edcb03820 Uncommon trap: reason=class_check action=maybe_recompile pc=0x0000018ee7baaab0 method=org.jetbrains.kotlin.resolve.calls.util.PsiUtilsKt.getCalleeExpressionIfAny(Lorg/jetbrains/kotlin/psi/KtElement;)Lorg/jetbrains/kotlin/psi/KtExpression; @ 63 c2
Event: 17.499 Thread 0x0000018edcb03820 DEOPT PACKING pc=0x0000018ee7baaab0 sp=0x00000061268fb230
Event: 17.499 Thread 0x0000018edcb03820 DEOPT UNPACKING pc=0x0000018ee7297ba2 sp=0x00000061268fb1c0 mode 2
Event: 18.046 Thread 0x0000018edcb03820 DEOPT PACKING pc=0x0000018ee05d56c0 sp=0x00000061268ed690
Event: 18.046 Thread 0x0000018edcb03820 DEOPT UNPACKING pc=0x0000018ee72986e2 sp=0x00000061268ecb80 mode 0
Event: 18.046 Thread 0x0000018edcb03820 DEOPT PACKING pc=0x0000018ee05d56c0 sp=0x00000061268ed690
Event: 18.046 Thread 0x0000018edcb03820 DEOPT UNPACKING pc=0x0000018ee72986e2 sp=0x00000061268ecb80 mode 0
Event: 18.046 Thread 0x0000018edcb03820 DEOPT PACKING pc=0x0000018ee05d56c0 sp=0x00000061268ed690
Event: 18.046 Thread 0x0000018edcb03820 DEOPT UNPACKING pc=0x0000018ee72986e2 sp=0x00000061268ecb80 mode 0
Event: 18.051 Thread 0x0000018edcb03820 Uncommon trap: trap_request=0xffffff45 fr.pc=0x0000018ee7c03a1c relative=0x00000000000035fc
Event: 18.051 Thread 0x0000018edcb03820 Uncommon trap: reason=unstable_if action=reinterpret pc=0x0000018ee7c03a1c method=org.jetbrains.kotlin.types.TypeCapabilitiesKt.getCustomTypeParameter(Lorg/jetbrains/kotlin/types/KotlinType;)Lorg/jetbrains/kotlin/types/CustomTypeParameter; @ 39 c2
Event: 18.051 Thread 0x0000018edcb03820 DEOPT PACKING pc=0x0000018ee7c03a1c sp=0x00000061268f0000
Event: 18.051 Thread 0x0000018edcb03820 DEOPT UNPACKING pc=0x0000018ee7297ba2 sp=0x00000061268effb0 mode 2

Classes loaded (20 events):
Event: 7.449 Loading class java/text/StringCharacterIterator
Event: 7.450 Loading class java/text/CharacterIterator
Event: 7.450 Loading class java/text/CharacterIterator done
Event: 7.450 Loading class java/text/StringCharacterIterator done
Event: 8.262 Loading class java/util/stream/LongStream
Event: 8.263 Loading class java/util/stream/LongStream done
Event: 8.263 Loading class java/util/stream/DoubleStream
Event: 8.264 Loading class java/util/stream/DoubleStream done
Event: 8.393 Loading class java/util/EnumMap$EntrySet
Event: 8.394 Loading class java/util/EnumMap$EntrySet done
Event: 8.394 Loading class java/util/EnumMap$EntryIterator
Event: 8.394 Loading class java/util/EnumMap$EnumMapIterator
Event: 8.394 Loading class java/util/EnumMap$EnumMapIterator done
Event: 8.394 Loading class java/util/EnumMap$EntryIterator done
Event: 8.394 Loading class java/util/EnumMap$EntryIterator$Entry
Event: 8.394 Loading class java/util/EnumMap$EntryIterator$Entry done
Event: 9.192 Loading class java/util/RegularEnumSet$EnumSetIterator
Event: 9.192 Loading class java/util/RegularEnumSet$EnumSetIterator done
Event: 11.957 Loading class java/util/Collections$2
Event: 11.957 Loading class java/util/Collections$2 done

Classes unloaded (0 events):
No events

Classes redefined (0 events):
No events

Internal exceptions (20 events):
Event: 8.657 Thread 0x0000018edcb03820 Implicit null exception at 0x0000018ee78529ba to 0x0000018ee7852df4
Event: 9.052 Thread 0x0000018edcb03820 Exception <a 'java/lang/NoSuchMethodError'{0x0000000088cb75c0}: 'java.lang.Object java.lang.invoke.DirectMethodHandle$Holder.newInvokeSpecial(java.lang.Object, int, java.lang.Object)'> (0x0000000088cb75c0) 
thrown [s\src\hotspot\share\interpreter\linkResolver.cpp, line 773]
Event: 9.053 Thread 0x0000018edcb03820 Exception <a 'java/lang/NoSuchMethodError'{0x0000000088cbcfc8}: 'int java.lang.invoke.DirectMethodHandle$Holder.invokeInterface(java.lang.Object, java.lang.Object)'> (0x0000000088cbcfc8) 
thrown [s\src\hotspot\share\interpreter\linkResolver.cpp, line 773]
Event: 9.189 Thread 0x0000018edcb03820 Exception <a 'java/lang/NoSuchMethodError'{0x000000008887cd70}: 'java.lang.Object java.lang.invoke.DirectMethodHandle$Holder.invokeSpecial(java.lang.Object, java.lang.Object, java.lang.Object, java.lang.Object, java.lang.Object, java.lang.Object, int)'> (0x000000008887cd70) 
thrown [s\src\hotspot\share\interpreter\linkResolver.cpp, line 773]
Event: 9.191 Thread 0x0000018edcb03820 Exception <a 'java/lang/NoSuchMethodError'{0x0000000088896178}: 'java.lang.Object java.lang.invoke.DirectMethodHandle$Holder.newInvokeSpecial(java.lang.Object, java.lang.Object, java.lang.Object, java.lang.Object, java.lang.Object, java.lang.Object, java.lang.Object, int, java.lang.Object)'> (0x0000000088896178) 
thrown [s\src\hotspot\share\interpreter\linkResolver.cpp, line 773]
Event: 10.384 Thread 0x0000018edcb03820 Exception <a 'java/lang/NoSuchMethodError'{0x000000008abb9290}: 'int java.lang.invoke.DirectMethodHandle$Holder.invokeStaticInit(java.lang.Object, int)'> (0x000000008abb9290) 
thrown [s\src\hotspot\share\interpreter\linkResolver.cpp, line 773]
Event: 10.459 Thread 0x0000018edcb03820 Implicit null exception at 0x0000018ee78e0ecc to 0x0000018ee78e107c
Event: 10.459 Thread 0x0000018edcb03820 Implicit null exception at 0x0000018ee7887666 to 0x0000018ee788770a
Event: 10.461 Thread 0x0000018edcb03820 Exception <a 'java/lang/NoSuchMethodError'{0x000000008abef808}: 'java.lang.Object java.lang.invoke.DirectMethodHandle$Holder.invokeStatic(java.lang.Object, int, java.lang.Object)'> (0x000000008abef808) 
thrown [s\src\hotspot\share\interpreter\linkResolver.cpp, line 773]
Event: 10.779 Thread 0x0000018edcb03820 Implicit null exception at 0x0000018ee7893f5a to 0x0000018ee7894058
Event: 11.026 Thread 0x0000018edcb03820 Implicit null exception at 0x0000018ee7a17d42 to 0x0000018ee7a183a7
Event: 11.331 Thread 0x0000018edcb03820 Exception <a 'java/lang/NoSuchMethodError'{0x000000008a3fa308}: 'java.lang.Object java.lang.invoke.DirectMethodHandle$Holder.newInvokeSpecial(java.lang.Object, int, java.lang.Object, java.lang.Object)'> (0x000000008a3fa308) 
thrown [s\src\hotspot\share\interpreter\linkResolver.cpp, line 773]
Event: 11.331 Thread 0x0000018edcb03820 Exception <a 'java/lang/NoSuchMethodError'{0x000000008a3fe800}: 'java.lang.Object java.lang.invoke.DirectMethodHandle$Holder.invokeSpecial(java.lang.Object, java.lang.Object, int, java.lang.Object, java.lang.Object)'> (0x000000008a3fe800) 
thrown [s\src\hotspot\share\interpreter\linkResolver.cpp, line 773]
Event: 11.927 Thread 0x0000018edcb03820 Exception <a 'java/lang/NoSuchMethodError'{0x000000008985a638}: 'java.lang.Object java.lang.invoke.DirectMethodHandle$Holder.invokeInterface(java.lang.Object, java.lang.Object, java.lang.Object)'> (0x000000008985a638) 
thrown [s\src\hotspot\share\interpreter\linkResolver.cpp, line 773]
Event: 11.928 Thread 0x0000018edcb03820 Exception <a 'java/lang/IncompatibleClassChangeError'{0x000000008985dce0}: Found class java.lang.Object, but interface was expected> (0x000000008985dce0) 
thrown [s\src\hotspot\share\interpreter\linkResolver.cpp, line 840]
Event: 12.159 Thread 0x0000018edcb03820 Exception <a 'java/lang/NoSuchMethodError'{0x000000008938e2d0}: 'java.lang.Object java.lang.invoke.DirectMethodHandle$Holder.invokeStatic(java.lang.Object, java.lang.Object, int, java.lang.Object)'> (0x000000008938e2d0) 
thrown [s\src\hotspot\share\interpreter\linkResolver.cpp, line 773]
Event: 12.160 Thread 0x0000018edcb03820 Exception <a 'java/lang/NoSuchMethodError'{0x00000000893957b8}: 'java.lang.Object java.lang.invoke.DirectMethodHandle$Holder.newInvokeSpecial(java.lang.Object, java.lang.Object, int, java.lang.Object)'> (0x00000000893957b8) 
thrown [s\src\hotspot\share\interpreter\linkResolver.cpp, line 773]
Event: 12.161 Thread 0x0000018edcb03820 Exception <a 'java/lang/NoSuchMethodError'{0x0000000089399b98}: 'java.lang.Object java.lang.invoke.DirectMethodHandle$Holder.invokeSpecial(java.lang.Object, java.lang.Object, java.lang.Object, int, java.lang.Object)'> (0x0000000089399b98) 
thrown [s\src\hotspot\share\interpreter\linkResolver.cpp, line 773]
Event: 12.161 Thread 0x0000018edcb03820 Exception <a 'java/lang/NoSuchMethodError'{0x000000008939db10}: 'java.lang.Object java.lang.invoke.Invokers$Holder.linkToTargetMethod(java.lang.Object, int, java.lang.Object, java.lang.Object)'> (0x000000008939db10) 
thrown [s\src\hotspot\share\interpreter\linkResolver.cpp, line 773]
Event: 16.844 Thread 0x0000018edcb03820 Implicit null exception at 0x0000018ee785d8c5 to 0x0000018ee785dd5c

ZGC Phase Switch (0 events):
No events

VM Operations (20 events):
Event: 16.181 Executing safepoint VM operation: ICBufferFull
Event: 16.181 Executing safepoint VM operation: ICBufferFull done
Event: 16.379 Executing safepoint VM operation: ICBufferFull
Event: 16.379 Executing safepoint VM operation: ICBufferFull done
Event: 16.686 Executing safepoint VM operation: ICBufferFull
Event: 16.686 Executing safepoint VM operation: ICBufferFull done
Event: 16.914 Executing non-safepoint VM operation: HandshakeAllThreads (Deoptimize)
Event: 16.914 Executing non-safepoint VM operation: HandshakeAllThreads (Deoptimize) done
Event: 16.947 Executing safepoint VM operation: ICBufferFull
Event: 16.948 Executing safepoint VM operation: ICBufferFull done
Event: 17.129 Executing safepoint VM operation: ICBufferFull
Event: 17.129 Executing safepoint VM operation: ICBufferFull done
Event: 17.240 Executing safepoint VM operation: G1CollectForAllocation (G1 Evacuation Pause)
Event: 17.256 Executing safepoint VM operation: G1CollectForAllocation (G1 Evacuation Pause) done
Event: 17.333 Executing safepoint VM operation: G1PauseRemark
Event: 17.344 Executing safepoint VM operation: G1PauseRemark done
Event: 17.373 Executing safepoint VM operation: G1PauseCleanup
Event: 17.373 Executing safepoint VM operation: G1PauseCleanup done
Event: 17.907 Executing safepoint VM operation: ICBufferFull
Event: 17.908 Executing safepoint VM operation: ICBufferFull done

Memory protections (0 events):
No events

Nmethod flushes (20 events):
Event: 17.342 Thread 0x0000018ef40f53d0 flushing  nmethod 0x0000018ee0630b10
Event: 17.342 Thread 0x0000018ef40f53d0 flushing  nmethod 0x0000018ee0655610
Event: 17.342 Thread 0x0000018ef40f53d0 flushing  nmethod 0x0000018ee0678190
Event: 17.342 Thread 0x0000018ef40f53d0 flushing  nmethod 0x0000018ee0693910
Event: 17.342 Thread 0x0000018ef40f53d0 flushing  nmethod 0x0000018ee0693d10
Event: 17.342 Thread 0x0000018ef40f53d0 flushing  nmethod 0x0000018ee06e4710
Event: 17.342 Thread 0x0000018ef40f53d0 flushing  nmethod 0x0000018ee06f0f10
Event: 17.342 Thread 0x0000018ef40f53d0 flushing  nmethod 0x0000018ee0715610
Event: 17.342 Thread 0x0000018ef40f53d0 flushing  nmethod 0x0000018ee0748f10
Event: 17.342 Thread 0x0000018ef40f53d0 flushing  nmethod 0x0000018ee0749e10
Event: 17.342 Thread 0x0000018ef40f53d0 flushing  nmethod 0x0000018ee074b190
Event: 17.342 Thread 0x0000018ef40f53d0 flushing  nmethod 0x0000018ee074c410
Event: 17.342 Thread 0x0000018ef40f53d0 flushing  nmethod 0x0000018ee0758c90
Event: 17.342 Thread 0x0000018ef40f53d0 flushing  nmethod 0x0000018ee0759010
Event: 17.342 Thread 0x0000018ef40f53d0 flushing  nmethod 0x0000018ee076f490
Event: 17.342 Thread 0x0000018ef40f53d0 flushing  nmethod 0x0000018ee0789090
Event: 17.342 Thread 0x0000018ef40f53d0 flushing  nmethod 0x0000018ee078a610
Event: 17.342 Thread 0x0000018ef40f53d0 flushing  nmethod 0x0000018ee078ea10
Event: 17.342 Thread 0x0000018ef40f53d0 flushing  nmethod 0x0000018ee0790090
Event: 17.342 Thread 0x0000018ef40f53d0 flushing  nmethod 0x0000018ee0790490

Events (11 events):
Event: 0.028 Thread 0x0000018edcb03820 Thread added: 0x0000018edcb03820
Event: 0.045 Thread 0x0000018edcb03820 Thread added: 0x0000018ef41112a0
Event: 0.045 Thread 0x0000018edcb03820 Thread added: 0x0000018ef4116790
Event: 0.046 Thread 0x0000018edcb03820 Thread added: 0x0000018ef41196e0
Event: 0.046 Thread 0x0000018edcb03820 Thread added: 0x0000018ef411b150
Event: 0.046 Thread 0x0000018edcb03820 Thread added: 0x0000018ef411bfc0
Event: 0.046 Thread 0x0000018edcb03820 Thread added: 0x0000018ef411ca20
Event: 0.046 Thread 0x0000018edcb03820 Thread added: 0x0000018ef411d7b0
Event: 0.046 Thread 0x0000018edcb03820 Thread added: 0x0000018ef4129d70
Event: 0.073 Thread 0x0000018edcb03820 Thread added: 0x0000018ef426c0e0
Event: 0.076 Thread 0x0000018edcb03820 Thread added: 0x0000018ef426d0e0


Dynamic libraries:
0x00007ff6c1d50000 - 0x00007ff6c1d5e000 	C:\Users\admin\.vscode\extensions\redhat.java-1.54.0-win32-x64\jre\21.0.10-win32-x86_64\bin\java.exe
0x00007ffb300f0000 - 0x00007ffb302e8000 	C:\WINDOWS\SYSTEM32\ntdll.dll
0x00007ffb2f1e0000 - 0x00007ffb2f2a2000 	C:\WINDOWS\System32\KERNEL32.DLL
0x00007ffb2d8d0000 - 0x00007ffb2dbc6000 	C:\WINDOWS\System32\KERNELBASE.dll
0x00007ffb2de00000 - 0x00007ffb2df00000 	C:\WINDOWS\System32\ucrtbase.dll
0x00007ffb053f0000 - 0x00007ffb05408000 	C:\Users\admin\.vscode\extensions\redhat.java-1.54.0-win32-x64\jre\21.0.10-win32-x86_64\bin\jli.dll
0x00007ffaf9a70000 - 0x00007ffaf9a8e000 	C:\Users\admin\.vscode\extensions\redhat.java-1.54.0-win32-x64\jre\21.0.10-win32-x86_64\bin\VCRUNTIME140.dll
0x00007ffb2e4d0000 - 0x00007ffb2e671000 	C:\WINDOWS\System32\USER32.dll
0x00007ffb2d8a0000 - 0x00007ffb2d8c2000 	C:\WINDOWS\System32\win32u.dll
0x00007ffb19c70000 - 0x00007ffb19f0b000 	C:\WINDOWS\WinSxS\amd64_microsoft.windows.common-controls_6595b64144ccf1df_6.0.19041.6456_none_60b8a6cb71f64256\COMCTL32.dll
0x00007ffb2ff10000 - 0x00007ffb2ff3b000 	C:\WINDOWS\System32\GDI32.dll
0x00007ffb30010000 - 0x00007ffb300ae000 	C:\WINDOWS\System32\msvcrt.dll
0x00007ffb2dbd0000 - 0x00007ffb2dce9000 	C:\WINDOWS\System32\gdi32full.dll
0x00007ffb2d780000 - 0x00007ffb2d81d000 	C:\WINDOWS\System32\msvcp_win.dll
0x00007ffb2fa20000 - 0x00007ffb2fa4f000 	C:\WINDOWS\System32\IMM32.DLL
0x00007ffb053e0000 - 0x00007ffb053ec000 	C:\Users\admin\.vscode\extensions\redhat.java-1.54.0-win32-x64\jre\21.0.10-win32-x86_64\bin\vcruntime140_1.dll
0x00007ffaf99e0000 - 0x00007ffaf9a6d000 	C:\Users\admin\.vscode\extensions\redhat.java-1.54.0-win32-x64\jre\21.0.10-win32-x86_64\bin\msvcp140.dll
0x00007ffa8e290000 - 0x00007ffa8f031000 	C:\Users\admin\.vscode\extensions\redhat.java-1.54.0-win32-x64\jre\21.0.10-win32-x86_64\bin\server\jvm.dll
0x00007ffb2f120000 - 0x00007ffb2f1d1000 	C:\WINDOWS\System32\ADVAPI32.dll
0x00007ffb2f080000 - 0x00007ffb2f11f000 	C:\WINDOWS\System32\sechost.dll
0x00007ffb2e830000 - 0x00007ffb2e950000 	C:\WINDOWS\System32\RPCRT4.dll
0x00007ffb2dd40000 - 0x00007ffb2dd67000 	C:\WINDOWS\System32\bcrypt.dll
0x00007ffb2fb30000 - 0x00007ffb2fb9b000 	C:\WINDOWS\System32\WS2_32.dll
0x00007ffb2d5e0000 - 0x00007ffb2d62b000 	C:\WINDOWS\SYSTEM32\POWRPROF.dll
0x00007ffb26900000 - 0x00007ffb2690a000 	C:\WINDOWS\SYSTEM32\VERSION.dll
0x00007ffb19fd0000 - 0x00007ffb19ff7000 	C:\WINDOWS\SYSTEM32\WINMM.dll
0x00007ffb2d5c0000 - 0x00007ffb2d5d2000 	C:\WINDOWS\SYSTEM32\UMPDC.dll
0x00007ffb2bf90000 - 0x00007ffb2bfa2000 	C:\WINDOWS\SYSTEM32\kernel.appcore.dll
0x00007ffb04640000 - 0x00007ffb0464a000 	C:\Users\admin\.vscode\extensions\redhat.java-1.54.0-win32-x64\jre\21.0.10-win32-x86_64\bin\jimage.dll
0x00007ffb2b380000 - 0x00007ffb2b581000 	C:\WINDOWS\SYSTEM32\DBGHELP.DLL
0x00007ffb0be80000 - 0x00007ffb0beb4000 	C:\WINDOWS\SYSTEM32\dbgcore.DLL
0x00007ffb2dd70000 - 0x00007ffb2ddf2000 	C:\WINDOWS\System32\bcryptPrimitives.dll
0x00007ffaf99c0000 - 0x00007ffaf99e0000 	C:\Users\admin\.vscode\extensions\redhat.java-1.54.0-win32-x64\jre\21.0.10-win32-x86_64\bin\java.dll
0x00007ffb2f2b0000 - 0x00007ffb2fa20000 	C:\WINDOWS\System32\SHELL32.dll
0x00007ffb2b7d0000 - 0x00007ffb2bf75000 	C:\WINDOWS\SYSTEM32\windows.storage.dll
0x00007ffb2e170000 - 0x00007ffb2e4c4000 	C:\WINDOWS\System32\combase.dll
0x00007ffb2d0d0000 - 0x00007ffb2d0fb000 	C:\WINDOWS\SYSTEM32\Wldp.dll
0x00007ffb2ff40000 - 0x00007ffb3000d000 	C:\WINDOWS\System32\OLEAUT32.dll
0x00007ffb2efc0000 - 0x00007ffb2f06d000 	C:\WINDOWS\System32\SHCORE.dll
0x00007ffb2ee70000 - 0x00007ffb2eecb000 	C:\WINDOWS\System32\shlwapi.dll
0x00007ffb2d6b0000 - 0x00007ffb2d6d4000 	C:\WINDOWS\SYSTEM32\profapi.dll
0x00007ffb03870000 - 0x00007ffb03880000 	C:\Users\admin\.vscode\extensions\redhat.java-1.54.0-win32-x64\jre\21.0.10-win32-x86_64\bin\net.dll
0x00007ffb25870000 - 0x00007ffb2597a000 	C:\WINDOWS\SYSTEM32\WINHTTP.dll
0x00007ffb2ce30000 - 0x00007ffb2ce9a000 	C:\WINDOWS\system32\mswsock.dll
0x00007ffaf8c90000 - 0x00007ffaf8ca6000 	C:\Users\admin\.vscode\extensions\redhat.java-1.54.0-win32-x64\jre\21.0.10-win32-x86_64\bin\nio.dll
0x00007ffaf99a0000 - 0x00007ffaf99b8000 	C:\Users\admin\.vscode\extensions\redhat.java-1.54.0-win32-x64\jre\21.0.10-win32-x86_64\bin\zip.dll
0x00007ffafdd10000 - 0x00007ffafdd20000 	C:\Users\admin\.vscode\extensions\redhat.java-1.54.0-win32-x64\jre\21.0.10-win32-x86_64\bin\verify.dll

JVMTI agents: none

dbghelp: loaded successfully - version: 4.0.5 - missing functions: none
symbol engine: initialized successfully - sym options: 0x614 - pdb path: .;C:\Users\admin\.vscode\extensions\redhat.java-1.54.0-win32-x64\jre\21.0.10-win32-x86_64\bin;C:\WINDOWS\SYSTEM32;C:\WINDOWS\WinSxS\amd64_microsoft.windows.common-controls_6595b64144ccf1df_6.0.19041.6456_none_60b8a6cb71f64256;C:\Users\admin\.vscode\extensions\redhat.java-1.54.0-win32-x64\jre\21.0.10-win32-x86_64\bin\server

VM Arguments:
java_command: org.jetbrains.kotlin.cli.jvm.K2JVMCompiler @C:\Users\admin\flutter\packages\flutter_tools\gradle\build\20260525_13210843864912431119.compiler.options
java_class_path (initial): C:\Users\admin\.gradle\caches\modules-2\files-2.1\org.jetbrains.kotlin\kotlin-compiler-embeddable\2.0.21\79346ed53db48b18312a472602eb5c057070c54d\kotlin-compiler-embeddable-2.0.21.jar;C:\Users\admin\.gradle\caches\modules-2\files-2.1\org.jetbrains.kotlin\kotlin-stdlib\2.0.21\618b539767b4899b4660a83006e052b63f1db551\kotlin-stdlib-2.0.21.jar;C:\Users\admin\.gradle\caches\modules-2\files-2.1\org.jetbrains.kotlin\kotlin-script-runtime\2.0.21\c9b044380ad41f89aa89aa896c2d32a8c0b2129d\kotlin-script-runtime-2.0.21.jar;C:\Users\admin\.gradle\caches\modules-2\files-2.1\org.jetbrains.kotlin\kotlin-reflect\1.6.10\1cbe9c92c12a94eea200d23c2bbaedaf3daf5132\kotlin-reflect-1.6.10.jar;C:\Users\admin\.gradle\caches\modules-2\files-2.1\org.jetbrains.kotlin\kotlin-daemon-embeddable\2.0.21\c9e933b23287de9b5a17e2116b4657bb91aea72c\kotlin-daemon-embeddable-2.0.21.jar;C:\Users\admin\.gradle\caches\modules-2\files-2.1\org.jetbrains.intellij.deps\trove4j\1.0.20200330\3afb14d5f9ceb459d724e907a21145e8ff394f02\trove4j-1.0.20200330.jar;C:\Users\admin\.gradle\caches\modules-2\files-2.1\org.jetbrains.kotlinx\kotlinx-coroutines-core-jvm\1.6.4\2c997cd1c0ef33f3e751d3831929aeff1390cb30\kotlinx-coroutines-core-jvm-1.6.4.jar;C:\Users\admin\.gradle\caches\modules-2\files-2.1\org.jetbrains\annotations\13.0\919f0dfe192fb4e063e7dacadee7f8bb9a2672a9\annotations-13.0.jar
Launcher Type: SUN_STANDARD

[Global flags]
     intx CICompilerCount                          = 4                                         {product} {ergonomic}
     uint ConcGCThreads                            = 2                                         {product} {ergonomic}
     uint G1ConcRefinementThreads                  = 8                                         {product} {ergonomic}
   size_t G1HeapRegionSize                         = 1048576                                   {product} {ergonomic}
    uintx GCDrainStackTargetSize                   = 64                                        {product} {ergonomic}
   size_t InitialHeapSize                          = 130023424                                 {product} {ergonomic}
   size_t MarkStackSize                            = 4194304                                   {product} {ergonomic}
   size_t MaxHeapSize                              = 2080374784                                {product} {ergonomic}
   size_t MaxNewSize                               = 1247805440                                {product} {ergonomic}
   size_t MinHeapDeltaBytes                        = 1048576                                   {product} {ergonomic}
   size_t MinHeapSize                              = 8388608                                   {product} {ergonomic}
    uintx NonNMethodCodeHeapSize                   = 5839372                                {pd product} {ergonomic}
    uintx NonProfiledCodeHeapSize                  = 122909434                              {pd product} {ergonomic}
    uintx ProfiledCodeHeapSize                     = 122909434                              {pd product} {ergonomic}
    uintx ReservedCodeCacheSize                    = 251658240                              {pd product} {ergonomic}
     bool SegmentedCodeCache                       = true                                      {product} {ergonomic}
   size_t SoftMaxHeapSize                          = 2080374784                             {manageable} {ergonomic}
     bool UseCompressedOops                        = true                           {product lp64_product} {ergonomic}
     bool UseG1GC                                  = true                                      {product} {ergonomic}
     bool UseLargePagesIndividualAllocation        = false                                  {pd product} {ergonomic}

Logging:
Log output configuration:
 #0: stdout all=warning uptime,level,tags foldmultilines=false
 #1: stderr all=off uptime,level,tags foldmultilines=false

Release file:
JAVA_VERSION="21.0.10" 
MODULES="java.base java.compiler java.datatransfer java.xml java.prefs java.desktop java.instrument java.logging java.management java.security.sasl java.naming java.rmi java.management.rmi java.net.http java.scripting java.security.jgss java.transaction.xa java.sql java.sql.rowset java.xml.crypto java.se java.smartcardio jdk.accessibility jdk.internal.jvmstat jdk.attach jdk.charsets jdk.internal.opt jdk.zipfs jdk.compiler jdk.crypto.ec jdk.crypto.cryptoki jdk.crypto.mscapi jdk.dynalink jdk.internal.ed jdk.editpad jdk.hotspot.agent jdk.httpserver jdk.internal.le jdk.internal.vm.ci jdk.internal.vm.compiler jdk.internal.vm.compiler.management jdk.jartool jdk.javadoc jdk.jcmd jdk.management jdk.management.agent jdk.jconsole jdk.jdeps jdk.jdwp.agent jdk.jdi jdk.jfr jdk.jshell jdk.jsobject jdk.jstatd jdk.localedata jdk.management.jfr jdk.naming.dns jdk.naming.rmi jdk.net jdk.nio.mapmode jdk.random jdk.sctp jdk.security.auth jdk.security.jgss jdk.unsupported jdk.unsupported.desktop jdk.xml.dom" 

Environment Variables:
JAVA_HOME=C:\Program Files\Eclipse Adoptium\jdk-25.0.2.10-hotspot
PATH=C:\Users\admin\AppData\Local\Programs\Python\Python313\Scripts\;C:\Users\admin\AppData\Local\Programs\Python\Python313\;C:\WINDOWS\system32;C:\WINDOWS;C:\WINDOWS\System32\Wbem;C:\WINDOWS\System32\WindowsPowerShell\v1.0\;C:\WINDOWS\System32\OpenSSH\;C:\ProgramData\chocolatey\bin;C:\Program Files\Git\cmd;C:\src\flutter\bin;C:\Android\cmdline-tools\latest\bin;C:\Android\platform-tools;C:\Program Files\Eclipse Adoptium\jdk-25.0.2.10-hotspot\bin;C:\Program Files\nodejs\;C:\Program Files\dotnet\;C:\Users\admin\AppData\Local\Programs\Python\Launcher\;C:\Users\admin\AppData\Local\Microsoft\WindowsApps;C:\Users\admin\AppData\Local\Programs\Microsoft VS Code\bin;C:\Users\admin\AppData\Roaming\npm;C:\Program Files\Antigravity\bin;C:\Users\admin\.dotnet\tools
USERNAME=admin
OS=Windows_NT
PROCESSOR_IDENTIFIER=Intel64 Family 6 Model 126 Stepping 5, GenuineIntel
TMP=C:\Users\admin\AppData\Local\Temp
TEMP=C:\Users\admin\AppData\Local\Temp




Periodic native trim disabled

---------------  S Y S T E M  ---------------

OS:
 Windows 10 , 64 bit Build 19041 (10.0.19041.5915)
OS uptime: 19 days 2:52 hours

CPU: total 8 (initial active 8) (4 cores per cpu, 2 threads per core) family 6 model 126 stepping 5 microcode 0xa0, cx8, cmov, fxsr, ht, mmx, 3dnowpref, sse, sse2, sse3, ssse3, sse4.1, sse4.2, popcnt, lzcnt, tsc, tscinvbit, avx, avx2, aes, erms, clmul, bmi1, bmi2, adx, avx512f, avx512dq, avx512cd, avx512bw, avx512vl, sha, fma, vzeroupper, avx512_vpopcntdq, avx512_vpclmulqdq, avx512_vaes, avx512_vnni, clflush, clflushopt, avx512_vbmi2, avx512_vbmi, rdtscp, rdpid, fsrm, gfni, avx512_bitalg, f16c, pku, avx512_ifma
Processor Information for the first 8 processors :
  Max Mhz: 1190, Current Mhz: 991, Mhz Limit: 987

Memory: 4k page, system-wide physical 7934M (332M free)
TotalPageFile size 16126M (AvailPageFile size 0M)
current process WorkingSet (physical memory assigned to process): 322M, peak: 327M
current process commit charge ("private bytes"): 357M, peak: 363M

vm_info: OpenJDK 64-Bit Server VM (21.0.10+7-LTS) for windows-amd64 JRE (21.0.10+7-LTS), built on 2026-01-20T00:00:00Z by "admin" with MS VC++ 17.12 (VS2022)

END.
