#
# There is insufficient memory for the Java Runtime Environment to continue.
# Native memory allocation (mmap) failed to map 528482304 bytes. Error detail: G1 virtual space
# Possible reasons:
#   The system is out of physical RAM or swap space
#   This process is running with CompressedOops enabled, and the Java Heap may be blocking the growth of the native heap
# Possible solutions:
#   Reduce memory load on the system
#   Increase physical memory or swap space
#   Check if swap backing store is full
#   Decrease Java heap size (-Xmx/-Xms)
#   Decrease number of Java threads
#   Decrease Java thread stack sizes (-Xss)
#   Set larger code cache with -XX:ReservedCodeCacheSize=
#   JVM is running with Zero Based Compressed Oops mode in which the Java heap is
#     placed in the first 32GB address space. The Java Heap base address is the
#     maximum limit for the native heap growth. Please use -XX:HeapBaseMinAddress
#     to set the Java Heap base and to place the Java Heap above 32GB virtual address.
# This output file may be truncated or incomplete.
#
#  Out of Memory Error (os_windows.cpp:3714), pid=6428, tid=19728
#
# JRE version: OpenJDK Runtime Environment Temurin-21.0.10+7 (21.0.10+7) (build 21.0.10+7-LTS)
# Java VM: OpenJDK 64-Bit Server VM Temurin-21.0.10+7 (21.0.10+7-LTS, mixed mode, sharing, tiered, compressed oops, compressed class ptrs, g1 gc, windows-amd64)
# No core dump will be written. Minidumps are not enabled by default on client versions of Windows
#

---------------  S U M M A R Y ------------

Command Line: --add-opens=java.base/java.lang=ALL-UNNAMED --add-opens=java.base/java.lang.invoke=ALL-UNNAMED --add-opens=java.base/java.util=ALL-UNNAMED --add-opens=java.prefs/java.util.prefs=ALL-UNNAMED --add-exports=jdk.compiler/com.sun.tools.javac.api=ALL-UNNAMED --add-exports=jdk.compiler/com.sun.tools.javac.util=ALL-UNNAMED --add-opens=java.base/java.util=ALL-UNNAMED --add-opens=java.prefs/java.util.prefs=ALL-UNNAMED --add-opens=java.base/java.nio.charset=ALL-UNNAMED --add-opens=java.base/java.net=ALL-UNNAMED --add-opens=java.base/java.util.concurrent.atomic=ALL-UNNAMED --add-opens=java.xml/javax.xml.namespace=ALL-UNNAMED -XX:MaxMetaspaceSize=4G -XX:ReservedCodeCacheSize=512m -XX:+HeapDumpOnOutOfMemoryError -Xmx8G -Dfile.encoding=UTF-8 -Duser.country=IN -Duser.language=en -Duser.variant -javaagent:C:\Users\admin\.gradle\wrapper\dists\gradle-8.14-all\c2qonpi39x1mddn7hk5gh9iqj\gradle-8.14\lib\agents\gradle-instrumentation-agent-8.14.jar org.gradle.launcher.daemon.bootstrap.GradleDaemon 8.14

Host: Intel(R) Core(TM) i5-1035G1 CPU @ 1.00GHz, 8 cores, 7G,  Windows 10 , 64 bit Build 19041 (10.0.19041.5915)
Time: Mon May 25 17:53:11 2026 India Standard Time elapsed time: 938.829690 seconds (0d 0h 15m 38s)

---------------  T H R E A D  ---------------

Current thread (0x000001557aa90230):  VMThread "VM Thread"          [id=19728, stack(0x0000001b62800000,0x0000001b62900000) (1024K)]

Stack: [0x0000001b62800000,0x0000001b62900000]
Native frames: (J=compiled Java code, j=interpreted, Vv=VM code, C=native code)
V  [jvm.dll+0x6d7a39]
V  [jvm.dll+0x8b4b26]
V  [jvm.dll+0x8b70de]
V  [jvm.dll+0x8b77c3]
V  [jvm.dll+0x284346]
V  [jvm.dll+0x6d4355]
V  [jvm.dll+0x6c808a]
V  [jvm.dll+0x35edb8]
V  [jvm.dll+0x3669f6]
V  [jvm.dll+0x3b7afe]
V  [jvm.dll+0x3b7da8]
V  [jvm.dll+0x332fbc]
V  [jvm.dll+0x333047]
V  [jvm.dll+0x376e1c]
V  [jvm.dll+0x3755be]
V  [jvm.dll+0x332701]
V  [jvm.dll+0x374c2a]
V  [jvm.dll+0x8bd4b0]
V  [jvm.dll+0x8be824]
V  [jvm.dll+0x8bed50]
V  [jvm.dll+0x8beff3]
V  [jvm.dll+0x85f59d]
V  [jvm.dll+0x6d626d]
C  [ucrtbase.dll+0x21bb2]
C  [KERNEL32.DLL+0x17374]
C  [ntdll.dll+0x4cc91]

VM_Operation (0x0000001b635f8620): G1CollectForAllocation, mode: safepoint, requested by thread 0x0000015564383a30


---------------  P R O C E S S  ---------------

Threads class SMR info:
_java_thread_list=0x000001558e625460, length=106, elements={
0x000001556ad754a0, 0x000001557aaae260, 0x000001557aaaf270, 0x000001557aab1190,
0x000001557aab2cf0, 0x000001557aab4de0, 0x000001557aab5840, 0x000001557aac9950,
0x000001557aacd130, 0x000001557f18bb30, 0x000001557f1de3a0, 0x0000015561e9c940,
0x000001556128b210, 0x0000015561e3d750, 0x0000015561ff3f50, 0x0000015561ff45e0,
0x0000015561ff66b0, 0x0000015562b30870, 0x0000015562b2f4c0, 0x0000015562b2fb50,
0x0000015562b2d3f0, 0x0000015562b2ac90, 0x0000015562b301e0, 0x0000015562b30f00,
0x0000015562b2a600, 0x0000015562b2da80, 0x0000015562b2b320, 0x0000015562b2b9b0,
0x000001556450cbb0, 0x0000015564382680, 0x0000015564383a30, 0x000001558e9fa720,
0x0000015590726560, 0x0000015565942760, 0x0000015565945550, 0x00000155659496f0,
0x0000015565946270, 0x0000015565945be0, 0x0000015561ff73d0, 0x0000015561ff4c70,
0x0000015561ff5300, 0x000001558e9f7fc0, 0x000001558e9fef50, 0x000001558e9fa090,
0x000001558e9fe230, 0x000001558e9fce80, 0x000001558e9fc7f0, 0x000001558e9fd510,
0x000001558e9ff5e0, 0x000001558e9fc160, 0x000001558e9fb440, 0x000001558e9f8ce0,
0x000001558e9f9370, 0x000001558e9f8650, 0x000001558e9fbad0, 0x000001558e9ffc70,
0x000001558ea00990, 0x000001558e9f9a00, 0x000001558ea023d0, 0x000001558ea044a0,
0x000001558ea02a60, 0x000001558ea04b30, 0x000001558ea03e10, 0x000001558ea01020,
0x000001558ea01d40, 0x000001558ea030f0, 0x000001558ea03780, 0x00000155907202f0,
0x000001559071f5d0, 0x000001559071e8b0, 0x0000015590722a50, 0x000001559071ce70,
0x0000015590721d30, 0x0000015590724490, 0x000001559071d500, 0x0000015590720980,
0x0000015590724b20, 0x00000155907251b0, 0x0000015590726bf0, 0x000001559071fc60,
0x0000015590727280, 0x0000015590721010, 0x0000015590728cc0, 0x00000155907299e0,
0x000001559072a700, 0x000001559072b420, 0x0000015564cbe1d0, 0x0000015564cc4440,
0x0000015564cbe860, 0x0000015564cbeef0, 0x0000015564cc1ce0, 0x0000015564cbd4b0,
0x0000015564cc0930, 0x0000015564cc02a0, 0x0000015564cbfc10, 0x0000015564cc2a00,
0x0000015564cc1650, 0x0000015564cc0fc0, 0x0000015564cc3090, 0x0000015564cc3720,
0x000001558ef8f9a0, 0x000001558ef90030, 0x000001558ef890a0, 0x000001558ef89730,
0x000001558ef906c0, 0x000001558e79a570
}

Java Threads: ( => current thread )
  0x000001556ad754a0 JavaThread "main"                              [_thread_blocked, id=7512, stack(0x0000001b62100000,0x0000001b62200000) (1024K)]
  0x000001557aaae260 JavaThread "Reference Handler"          daemon [_thread_blocked, id=8504, stack(0x0000001b62900000,0x0000001b62a00000) (1024K)]
  0x000001557aaaf270 JavaThread "Finalizer"                  daemon [_thread_blocked, id=14976, stack(0x0000001b62a00000,0x0000001b62b00000) (1024K)]
  0x000001557aab1190 JavaThread "Signal Dispatcher"          daemon [_thread_blocked, id=15264, stack(0x0000001b62b00000,0x0000001b62c00000) (1024K)]
  0x000001557aab2cf0 JavaThread "Attach Listener"            daemon [_thread_blocked, id=1764, stack(0x0000001b62c00000,0x0000001b62d00000) (1024K)]
  0x000001557aab4de0 JavaThread "Service Thread"             daemon [_thread_blocked, id=16128, stack(0x0000001b62d00000,0x0000001b62e00000) (1024K)]
  0x000001557aab5840 JavaThread "Monitor Deflation Thread"   daemon [_thread_blocked, id=756, stack(0x0000001b62e00000,0x0000001b62f00000) (1024K)]
  0x000001557aac9950 JavaThread "C2 CompilerThread0"         daemon [_thread_in_native, id=7988, stack(0x0000001b62f00000,0x0000001b63000000) (1024K)]
  0x000001557aacd130 JavaThread "C1 CompilerThread0"         daemon [_thread_blocked, id=14608, stack(0x0000001b63000000,0x0000001b63100000) (1024K)]
  0x000001557f18bb30 JavaThread "Common-Cleaner"             daemon [_thread_blocked, id=4788, stack(0x0000001b63100000,0x0000001b63200000) (1024K)]
  0x000001557f1de3a0 JavaThread "Notification Thread"        daemon [_thread_blocked, id=9136, stack(0x0000001b63200000,0x0000001b63300000) (1024K)]
  0x0000015561e9c940 JavaThread "Daemon health stats"               [_thread_blocked, id=11196, stack(0x0000001b63800000,0x0000001b63900000) (1024K)]
  0x000001556128b210 JavaThread "Incoming local TCP Connector on port 61534"        [_thread_in_native, id=1360, stack(0x0000001b63900000,0x0000001b63a00000) (1024K)]
  0x0000015561e3d750 JavaThread "Daemon periodic checks"            [_thread_blocked, id=11568, stack(0x0000001b63a00000,0x0000001b63b00000) (1024K)]
  0x0000015561ff3f50 JavaThread "Cache worker for journal cache (C:\Users\admin\.gradle\caches\journal-1)"        [_thread_blocked, id=19364, stack(0x0000001b64400000,0x0000001b64500000) (1024K)]
  0x0000015561ff45e0 JavaThread "File lock request listener"        [_thread_in_native, id=9420, stack(0x0000001b64500000,0x0000001b64600000) (1024K)]
  0x0000015561ff66b0 JavaThread "Cache worker for file hash cache (C:\Users\admin\.gradle\caches\8.14\fileHashes)"        [_thread_blocked, id=5180, stack(0x0000001b64600000,0x0000001b64700000) (1024K)]
  0x0000015562b30870 JavaThread "File watcher server"        daemon [_thread_in_native, id=8500, stack(0x0000001b64b00000,0x0000001b64c00000) (1024K)]
  0x0000015562b2f4c0 JavaThread "File watcher consumer"      daemon [_thread_blocked, id=2124, stack(0x0000001b64c00000,0x0000001b64d00000) (1024K)]
  0x0000015562b2fb50 JavaThread "jar transforms"                    [_thread_blocked, id=21180, stack(0x0000001b64d00000,0x0000001b64e00000) (1024K)]
  0x0000015562b2d3f0 JavaThread "jar transforms Thread 2"           [_thread_blocked, id=12828, stack(0x0000001b64e00000,0x0000001b64f00000) (1024K)]
  0x0000015562b2ac90 JavaThread "jar transforms Thread 3"           [_thread_blocked, id=3020, stack(0x0000001b64f00000,0x0000001b65000000) (1024K)]
  0x0000015562b301e0 JavaThread "jar transforms Thread 4"           [_thread_blocked, id=6360, stack(0x0000001b65000000,0x0000001b65100000) (1024K)]
  0x0000015562b30f00 JavaThread "jar transforms Thread 5"           [_thread_blocked, id=12168, stack(0x0000001b65100000,0x0000001b65200000) (1024K)]
  0x0000015562b2a600 JavaThread "Cache worker for file content cache (C:\Users\admin\.gradle\caches\8.14\fileContent)"        [_thread_blocked, id=17956, stack(0x0000001b65300000,0x0000001b65400000) (1024K)]
  0x0000015562b2da80 JavaThread "jar transforms Thread 6"           [_thread_blocked, id=20724, stack(0x0000001b65400000,0x0000001b65500000) (1024K)]
  0x0000015562b2b320 JavaThread "jar transforms Thread 7"           [_thread_blocked, id=15008, stack(0x0000001b65500000,0x0000001b65600000) (1024K)]
  0x0000015562b2b9b0 JavaThread "jar transforms Thread 8"           [_thread_blocked, id=16916, stack(0x0000001b65600000,0x0000001b65700000) (1024K)]
  0x000001556450cbb0 JavaThread "Memory manager"                    [_thread_blocked, id=18840, stack(0x0000001b66e00000,0x0000001b66f00000) (1024K)]
  0x0000015564382680 JavaThread "Daemon Thread 3"                   [_thread_blocked, id=7984, stack(0x0000001b61e00000,0x0000001b61f00000) (1024K)]
  0x0000015564383a30 JavaThread "Daemon worker Thread 3"            [_thread_blocked, id=17008, stack(0x0000001b63500000,0x0000001b63600000) (1024K)]
  0x000001558e9fa720 JavaThread "included builds"                   [_thread_blocked, id=15428, stack(0x0000001b66500000,0x0000001b66600000) (1024K)]
  0x0000015590726560 JavaThread "File lock release action executor Thread 3"        [_thread_blocked, id=6424, stack(0x0000001b67f00000,0x0000001b68000000) (1024K)]
  0x0000015565942760 JavaThread "RMI Scheduler(0)"           daemon [_thread_blocked, id=13024, stack(0x0000001b68000000,0x0000001b68100000) (1024K)]
  0x0000015565945550 JavaThread "RMI GC Daemon"              daemon [_thread_blocked, id=12720, stack(0x0000001b68300000,0x0000001b68400000) (1024K)]
  0x00000155659496f0 JavaThread "RMI TCP Accept-0"           daemon [_thread_in_native, id=2220, stack(0x0000001b68400000,0x0000001b68500000) (1024K)]
  0x0000015565946270 JavaThread "RMI Reaper"                        [_thread_blocked, id=9508, stack(0x0000001b68500000,0x0000001b68600000) (1024K)]
  0x0000015565945be0 JavaThread "RMI TCP Connection(2)-127.0.0.1" daemon [_thread_in_native, id=8480, stack(0x0000001b68600000,0x0000001b68700000) (1024K)]
  0x0000015561ff73d0 JavaThread "VFS cleanup Thread 4"              [_thread_blocked, id=20956, stack(0x0000001b63e00000,0x0000001b63f00000) (1024K)]
  0x0000015561ff4c70 JavaThread "Handler for socket connection from /127.0.0.1:61534 to /127.0.0.1:62404"        [_thread_in_native, id=15320, stack(0x0000001b61f00000,0x0000001b62000000) (1024K)]
  0x0000015561ff5300 JavaThread "Cancel handler"                    [_thread_blocked, id=1368, stack(0x0000001b62000000,0x0000001b62100000) (1024K)]
  0x000001558e9f7fc0 JavaThread "Asynchronous log dispatcher for DefaultDaemonConnection: socket connection from /127.0.0.1:61534 to /127.0.0.1:62404"        [_thread_blocked, id=2820, stack(0x0000001b63f00000,0x0000001b64000000) (1024K)]
  0x000001558e9fef50 JavaThread "Stdin handler"                     [_thread_blocked, id=7604, stack(0x0000001b64000000,0x0000001b64100000) (1024K)]
  0x000001558e9fa090 JavaThread "Daemon client event forwarder"        [_thread_blocked, id=5700, stack(0x0000001b64100000,0x0000001b64200000) (1024K)]
  0x000001558e9fe230 JavaThread "Cache worker for file hash cache (C:\dev\New folder\android\.gradle\8.14\fileHashes)"        [_thread_blocked, id=3040, stack(0x0000001b64200000,0x0000001b64300000) (1024K)]
  0x000001558e9fce80 JavaThread "Cache worker for Build Output Cleanup Cache (C:\dev\New folder\android\.gradle\buildOutputCleanup)"        [_thread_blocked, id=6088, stack(0x0000001b64300000,0x0000001b64400000) (1024K)]
  0x000001558e9fc7f0 JavaThread "Cache worker for checksums cache (C:\dev\New folder\android\.gradle\8.14\checksums)"        [_thread_blocked, id=20140, stack(0x0000001b64800000,0x0000001b64900000) (1024K)]
  0x000001558e9fd510 JavaThread "Cache worker for cache directory md-supplier (C:\Users\admin\.gradle\caches\8.14\md-supplier)"        [_thread_blocked, id=9896, stack(0x0000001b64900000,0x0000001b64a00000) (1024K)]
  0x000001558e9ff5e0 JavaThread "Cache worker for cache directory md-rule (C:\Users\admin\.gradle\caches\8.14\md-rule)"        [_thread_blocked, id=17332, stack(0x0000001b64a00000,0x0000001b64b00000) (1024K)]
  0x000001558e9fc160 JavaThread "Cache worker for Build Output Cleanup Cache (C:\Users\admin\flutter\packages\flutter_tools\gradle\.gradle\buildOutputCleanup)"        [_thread_blocked, id=15048, stack(0x0000001b65200000,0x0000001b65300000) (1024K)]
  0x000001558e9fb440 JavaThread "Unconstrained build operations"        [_thread_blocked, id=16268, stack(0x0000001b65700000,0x0000001b65800000) (1024K)]
  0x000001558e9f8ce0 JavaThread "Unconstrained build operations Thread 2"        [_thread_blocked, id=19952, stack(0x0000001b65800000,0x0000001b65900000) (1024K)]
  0x000001558e9f9370 JavaThread "Unconstrained build operations Thread 3"        [_thread_blocked, id=20688, stack(0x0000001b65900000,0x0000001b65a00000) (1024K)]
  0x000001558e9f8650 JavaThread "Unconstrained build operations Thread 4"        [_thread_blocked, id=9696, stack(0x0000001b65a00000,0x0000001b65b00000) (1024K)]
  0x000001558e9fbad0 JavaThread "Unconstrained build operations Thread 5"        [_thread_blocked, id=2736, stack(0x0000001b65b00000,0x0000001b65c00000) (1024K)]
  0x000001558e9ffc70 JavaThread "Unconstrained build operations Thread 6"        [_thread_blocked, id=13880, stack(0x0000001b65c00000,0x0000001b65d00000) (1024K)]
  0x000001558ea00990 JavaThread "Unconstrained build operations Thread 7"        [_thread_blocked, id=19428, stack(0x0000001b65d00000,0x0000001b65e00000) (1024K)]
  0x000001558e9f9a00 JavaThread "Unconstrained build operations Thread 8"        [_thread_blocked, id=16860, stack(0x0000001b65e00000,0x0000001b65f00000) (1024K)]
  0x000001558ea023d0 JavaThread "Unconstrained build operations Thread 9"        [_thread_blocked, id=820, stack(0x0000001b65f00000,0x0000001b66000000) (1024K)]
  0x000001558ea044a0 JavaThread "Unconstrained build operations Thread 10"        [_thread_blocked, id=548, stack(0x0000001b66000000,0x0000001b66100000) (1024K)]
  0x000001558ea02a60 JavaThread "Unconstrained build operations Thread 11"        [_thread_blocked, id=19392, stack(0x0000001b66100000,0x0000001b66200000) (1024K)]
  0x000001558ea04b30 JavaThread "Unconstrained build operations Thread 12"        [_thread_blocked, id=17936, stack(0x0000001b66200000,0x0000001b66300000) (1024K)]
  0x000001558ea03e10 JavaThread "Unconstrained build operations Thread 13"        [_thread_blocked, id=7252, stack(0x0000001b66300000,0x0000001b66400000) (1024K)]
  0x000001558ea01020 JavaThread "Unconstrained build operations Thread 14"        [_thread_blocked, id=16728, stack(0x0000001b66400000,0x0000001b66500000) (1024K)]
  0x000001558ea01d40 JavaThread "build event listener"              [_thread_blocked, id=7960, stack(0x0000001b66600000,0x0000001b66700000) (1024K)]
  0x000001558ea030f0 JavaThread "included builds"                   [_thread_blocked, id=18080, stack(0x0000001b66700000,0x0000001b66800000) (1024K)]
  0x000001558ea03780 JavaThread "Execution worker"                  [_thread_blocked, id=696, stack(0x0000001b66800000,0x0000001b66900000) (1024K)]
  0x00000155907202f0 JavaThread "Execution worker Thread 2"         [_thread_blocked, id=5808, stack(0x0000001b66900000,0x0000001b66a00000) (1024K)]
  0x000001559071f5d0 JavaThread "Execution worker Thread 3"         [_thread_blocked, id=16472, stack(0x0000001b66a00000,0x0000001b66b00000) (1024K)]
  0x000001559071e8b0 JavaThread "Execution worker Thread 4"         [_thread_blocked, id=12712, stack(0x0000001b66b00000,0x0000001b66c00000) (1024K)]
  0x0000015590722a50 JavaThread "Execution worker Thread 5"         [_thread_blocked, id=18644, stack(0x0000001b66c00000,0x0000001b66d00000) (1024K)]
  0x000001559071ce70 JavaThread "Execution worker Thread 6"         [_thread_blocked, id=12632, stack(0x0000001b66d00000,0x0000001b66e00000) (1024K)]
  0x0000015590721d30 JavaThread "Execution worker Thread 7"         [_thread_blocked, id=4792, stack(0x0000001b66f00000,0x0000001b67000000) (1024K)]
  0x0000015590724490 JavaThread "Cache worker for execution history cache (C:\Users\admin\flutter\packages\flutter_tools\gradle\.gradle\8.14\executionHistory)"        [_thread_blocked, id=2828, stack(0x0000001b67000000,0x0000001b67100000) (1024K)]
  0x000001559071d500 JavaThread "Unconstrained build operations Thread 15"        [_thread_blocked, id=18504, stack(0x0000001b67200000,0x0000001b67300000) (1024K)]
  0x0000015590720980 JavaThread "Unconstrained build operations Thread 16"        [_thread_blocked, id=9608, stack(0x0000001b67300000,0x0000001b67400000) (1024K)]
  0x0000015590724b20 JavaThread "Unconstrained build operations Thread 17"        [_thread_blocked, id=8240, stack(0x0000001b67400000,0x0000001b67500000) (1024K)]
  0x00000155907251b0 JavaThread "Unconstrained build operations Thread 18"        [_thread_blocked, id=14744, stack(0x0000001b67500000,0x0000001b67600000) (1024K)]
  0x0000015590726bf0 JavaThread "Unconstrained build operations Thread 19"        [_thread_blocked, id=7992, stack(0x0000001b67600000,0x0000001b67700000) (1024K)]
  0x000001559071fc60 JavaThread "Unconstrained build operations Thread 20"        [_thread_blocked, id=13252, stack(0x0000001b67700000,0x0000001b67800000) (1024K)]
  0x0000015590727280 JavaThread "Unconstrained build operations Thread 21"        [_thread_blocked, id=14624, stack(0x0000001b67800000,0x0000001b67900000) (1024K)]
  0x0000015590721010 JavaThread "Unconstrained build operations Thread 22"        [_thread_blocked, id=9604, stack(0x0000001b67900000,0x0000001b67a00000) (1024K)]
  0x0000015590728cc0 JavaThread "Unconstrained build operations Thread 23"        [_thread_blocked, id=9092, stack(0x0000001b67a00000,0x0000001b67b00000) (1024K)]
  0x00000155907299e0 JavaThread "Unconstrained build operations Thread 24"        [_thread_blocked, id=15388, stack(0x0000001b67b00000,0x0000001b67c00000) (1024K)]
  0x000001559072a700 JavaThread "Unconstrained build operations Thread 25"        [_thread_blocked, id=2664, stack(0x0000001b67c00000,0x0000001b67d00000) (1024K)]
  0x000001559072b420 JavaThread "Unconstrained build operations Thread 26"        [_thread_blocked, id=17124, stack(0x0000001b67d00000,0x0000001b67e00000) (1024K)]
  0x0000015564cbe1d0 JavaThread "Unconstrained build operations Thread 27"        [_thread_blocked, id=15204, stack(0x0000001b67e00000,0x0000001b67f00000) (1024K)]
  0x0000015564cc4440 JavaThread "Unconstrained build operations Thread 28"        [_thread_blocked, id=3636, stack(0x0000001b68100000,0x0000001b68200000) (1024K)]
  0x0000015564cbe860 JavaThread "Unconstrained build operations Thread 29"        [_thread_blocked, id=1616, stack(0x0000001b68200000,0x0000001b68300000) (1024K)]
  0x0000015564cbeef0 JavaThread "Unconstrained build operations Thread 30"        [_thread_blocked, id=15912, stack(0x0000001b68700000,0x0000001b68800000) (1024K)]
  0x0000015564cc1ce0 JavaThread "Unconstrained build operations Thread 31"        [_thread_blocked, id=20996, stack(0x0000001b68800000,0x0000001b68900000) (1024K)]
  0x0000015564cbd4b0 JavaThread "Unconstrained build operations Thread 32"        [_thread_blocked, id=7636, stack(0x0000001b68900000,0x0000001b68a00000) (1024K)]
  0x0000015564cc0930 JavaThread "Unconstrained build operations Thread 33"        [_thread_blocked, id=14636, stack(0x0000001b68a00000,0x0000001b68b00000) (1024K)]
  0x0000015564cc02a0 JavaThread "Unconstrained build operations Thread 34"        [_thread_blocked, id=10760, stack(0x0000001b68b00000,0x0000001b68c00000) (1024K)]
  0x0000015564cbfc10 JavaThread "Unconstrained build operations Thread 35"        [_thread_blocked, id=4948, stack(0x0000001b68c00000,0x0000001b68d00000) (1024K)]
  0x0000015564cc2a00 JavaThread "Unconstrained build operations Thread 36"        [_thread_blocked, id=2856, stack(0x0000001b68d00000,0x0000001b68e00000) (1024K)]
  0x0000015564cc1650 JavaThread "Unconstrained build operations Thread 37"        [_thread_blocked, id=5160, stack(0x0000001b68e00000,0x0000001b68f00000) (1024K)]
  0x0000015564cc0fc0 JavaThread "Unconstrained build operations Thread 38"        [_thread_blocked, id=6368, stack(0x0000001b68f00000,0x0000001b69000000) (1024K)]
  0x0000015564cc3090 JavaThread "Unconstrained build operations Thread 39"        [_thread_blocked, id=10108, stack(0x0000001b69000000,0x0000001b69100000) (1024K)]
  0x0000015564cc3720 JavaThread "Unconstrained build operations Thread 40"        [_thread_blocked, id=16320, stack(0x0000001b69100000,0x0000001b69200000) (1024K)]
  0x000001558ef8f9a0 JavaThread "Unconstrained build operations Thread 41"        [_thread_blocked, id=7976, stack(0x0000001b69200000,0x0000001b69300000) (1024K)]
  0x000001558ef90030 JavaThread "Unconstrained build operations Thread 42"        [_thread_blocked, id=7836, stack(0x0000001b69300000,0x0000001b69400000) (1024K)]
  0x000001558ef890a0 JavaThread "Unconstrained build operations Thread 43"        [_thread_blocked, id=2456, stack(0x0000001b69400000,0x0000001b69500000) (1024K)]
  0x000001558ef89730 JavaThread "Unconstrained build operations Thread 44"        [_thread_blocked, id=21068, stack(0x0000001b69500000,0x0000001b69600000) (1024K)]
  0x000001558ef906c0 JavaThread "build event listener"              [_thread_blocked, id=10872, stack(0x0000001b67100000,0x0000001b67200000) (1024K)]
  0x000001558e79a570 JavaThread "C2 CompilerThread1"         daemon [_thread_blocked, id=12264, stack(0x0000001b69600000,0x0000001b69700000) (1024K)]
Total: 106

Other Threads:
=>0x000001557aa90230 VMThread "VM Thread"                           [id=19728, stack(0x0000001b62800000,0x0000001b62900000) (1024K)]
  0x000001557aa82360 WatcherThread "VM Periodic Task Thread"        [id=4664, stack(0x0000001b62700000,0x0000001b62800000) (1024K)]
  0x000001556ae1b0e0 WorkerThread "GC Thread#0"                     [id=20112, stack(0x0000001b62200000,0x0000001b62300000) (1024K)]
  0x000001557f3d19f0 WorkerThread "GC Thread#1"                     [id=15172, stack(0x0000001b63300000,0x0000001b63400000) (1024K)]
  0x000001557f2c9a60 WorkerThread "GC Thread#2"                     [id=12988, stack(0x0000001b63400000,0x0000001b63500000) (1024K)]
  0x00000155611ad310 WorkerThread "GC Thread#3"                     [id=15672, stack(0x0000001b63600000,0x0000001b63700000) (1024K)]
  0x00000155610e0a20 WorkerThread "GC Thread#4"                     [id=16624, stack(0x0000001b63700000,0x0000001b63800000) (1024K)]
  0x000001557fb723c0 WorkerThread "GC Thread#5"                     [id=2112, stack(0x0000001b63b00000,0x0000001b63c00000) (1024K)]
  0x0000015561272350 WorkerThread "GC Thread#6"                     [id=12880, stack(0x0000001b63c00000,0x0000001b63d00000) (1024K)]
  0x0000015562037560 WorkerThread "GC Thread#7"                     [id=6224, stack(0x0000001b63d00000,0x0000001b63e00000) (1024K)]
  0x000001556ae2d0e0 ConcurrentGCThread "G1 Main Marker"            [id=19096, stack(0x0000001b62300000,0x0000001b62400000) (1024K)]
  0x000001556ae2dda0 WorkerThread "G1 Conc#0"                       [id=19108, stack(0x0000001b62400000,0x0000001b62500000) (1024K)]
  0x0000015562342be0 WorkerThread "G1 Conc#1"                       [id=12160, stack(0x0000001b64700000,0x0000001b64800000) (1024K)]
  0x000001557a9509e0 ConcurrentGCThread "G1 Refine#0"               [id=12760, stack(0x0000001b62500000,0x0000001b62600000) (1024K)]
  0x000001557a951560 ConcurrentGCThread "G1 Service"                [id=7756, stack(0x0000001b62600000,0x0000001b62700000) (1024K)]
Total: 15

Threads with active compile tasks:
C2 CompilerThread0  938880 36711 %     4       com.android.build.gradle.internal.cxx.settings.BuiltInSettingsJsonKt::getNdkMetaSettingsJson @ 540 (847 bytes)
C2 CompilerThread1  938880 36726   !   4       org.gradle.internal.code.DefaultUserCodeApplicationContext$CurrentApplication$1::execute (79 bytes)
Total: 2

VM state: at safepoint (normal execution)

VM Mutex/Monitor currently owned by a thread:  ([mutex/lock_event])
[0x00007ffa8ef4e560] Threads_lock - owner thread: 0x000001557aa90230
[0x00007ffa8ef4e660] Heap_lock - owner thread: 0x0000015564383a30

Heap address: 0x0000000600000000, size: 8192 MB, Compressed Oops mode: Zero based, Oop shift amount: 3

CDS archive(s) mapped at: [0x0000015520000000-0x0000015520ba0000-0x0000015520ba0000), size 12189696, SharedBaseAddress: 0x0000015520000000, ArchiveRelocationMode: 1.
Compressed class space mapped at: 0x0000015521000000-0x0000015561000000, reserved size: 1073741824
Narrow klass base: 0x0000015520000000, Narrow klass shift: 0, Narrow klass range: 0x100000000

GC Precious Log:
 CardTable entry size: 512
 Card Set container configuration: InlinePtr #cards 4 size 8 Array Of Cards #cards 32 size 80 Howl #buckets 8 coarsen threshold 7372 Howl Bitmap #cards 1024 size 144 coarsen threshold 921 Card regions per heap region 1 cards per card region 8192
 CPUs: 8 total, 8 available
 Memory: 7934M
 Large Page Support: Disabled
 NUMA Support: Disabled
 Compressed Oops: Enabled (Zero based)
 Heap Region Size: 4M
 Heap Min Capacity: 8M
 Heap Initial Capacity: 124M
 Heap Max Capacity: 8G
 Pre-touch: Disabled
 Parallel Workers: 8
 Concurrent Workers: 2
 Concurrent Refinement Workers: 8
 Periodic GC: Disabled

Heap:
 garbage-first heap   total 774144K, used 340931K [0x0000000600000000, 0x0000000800000000)
  region size 4096K, 3 young (12288K), 3 survivors (12288K)
 Metaspace       used 199270K, committed 202944K, reserved 1245184K
  class space    used 25920K, committed 27712K, reserved 1048576K

Heap Regions: E=young(eden), S=young(survivor), O=old, HS=humongous(starts), HC=humongous(continues), CS=collection set, F=free, TAMS=top-at-mark-start, PB=parsable bottom
|   0|0x0000000600000000, 0x0000000600400000, 0x0000000600400000|100%|HS|  |TAMS 0x0000000600400000| PB 0x0000000600000000| Complete 
|   1|0x0000000600400000, 0x0000000600800000, 0x0000000600800000|100%| O|  |TAMS 0x0000000600800000| PB 0x0000000600400000| Untracked 
|   2|0x0000000600800000, 0x0000000600c00000, 0x0000000600c00000|100%| O|  |TAMS 0x0000000600c00000| PB 0x0000000600800000| Untracked 
|   3|0x0000000600c00000, 0x0000000601000000, 0x0000000601000000|100%| O|  |TAMS 0x0000000601000000| PB 0x0000000600c00000| Untracked 
|   4|0x0000000601000000, 0x0000000601400000, 0x0000000601400000|100%|HS|  |TAMS 0x0000000601400000| PB 0x0000000601000000| Complete 
|   5|0x0000000601400000, 0x0000000601800000, 0x0000000601800000|100%| O|  |TAMS 0x0000000601800000| PB 0x0000000601400000| Untracked 
|   6|0x0000000601800000, 0x0000000601c00000, 0x0000000601c00000|100%| O|  |TAMS 0x0000000601c00000| PB 0x0000000601800000| Untracked 
|   7|0x0000000601c00000, 0x0000000602000000, 0x0000000602000000|100%| O|  |TAMS 0x0000000602000000| PB 0x0000000601c00000| Untracked 
|   8|0x0000000602000000, 0x0000000602400000, 0x0000000602400000|100%| O|  |TAMS 0x0000000602400000| PB 0x0000000602000000| Untracked 
|   9|0x0000000602400000, 0x0000000602800000, 0x0000000602800000|100%| O|  |TAMS 0x0000000602800000| PB 0x0000000602400000| Untracked 
|  10|0x0000000602800000, 0x0000000602c00000, 0x0000000602c00000|100%| O|  |TAMS 0x0000000602c00000| PB 0x0000000602800000| Untracked 
|  11|0x0000000602c00000, 0x0000000603000000, 0x0000000603000000|100%| O|  |TAMS 0x0000000603000000| PB 0x0000000602c00000| Untracked 
|  12|0x0000000603000000, 0x0000000603400000, 0x0000000603400000|100%| O|  |TAMS 0x0000000603400000| PB 0x0000000603000000| Untracked 
|  13|0x0000000603400000, 0x0000000603800000, 0x0000000603800000|100%|HS|  |TAMS 0x0000000603800000| PB 0x0000000603400000| Complete 
|  14|0x0000000603800000, 0x0000000603c00000, 0x0000000603c00000|100%| O|  |TAMS 0x0000000603c00000| PB 0x0000000603800000| Untracked 
|  15|0x0000000603c00000, 0x0000000604000000, 0x0000000604000000|100%| O|  |TAMS 0x0000000604000000| PB 0x0000000603c00000| Untracked 
|  16|0x0000000604000000, 0x0000000604400000, 0x0000000604400000|100%| O|  |TAMS 0x0000000604400000| PB 0x0000000604000000| Untracked 
|  17|0x0000000604400000, 0x0000000604800000, 0x0000000604800000|100%| O|  |TAMS 0x0000000604800000| PB 0x0000000604400000| Untracked 
|  18|0x0000000604800000, 0x0000000604c00000, 0x0000000604c00000|100%| O|  |TAMS 0x0000000604c00000| PB 0x0000000604800000| Untracked 
|  19|0x0000000604c00000, 0x0000000605000000, 0x0000000605000000|100%| O|  |TAMS 0x0000000605000000| PB 0x0000000604c00000| Untracked 
|  20|0x0000000605000000, 0x0000000605400000, 0x0000000605400000|100%| O|  |TAMS 0x0000000605400000| PB 0x0000000605000000| Untracked 
|  21|0x0000000605400000, 0x0000000605800000, 0x0000000605800000|100%| O|  |TAMS 0x0000000605800000| PB 0x0000000605400000| Untracked 
|  22|0x0000000605800000, 0x0000000605c00000, 0x0000000605c00000|100%| O|  |TAMS 0x0000000605c00000| PB 0x0000000605800000| Untracked 
|  23|0x0000000605c00000, 0x0000000606000000, 0x0000000606000000|100%| O|  |TAMS 0x0000000606000000| PB 0x0000000605c00000| Untracked 
|  24|0x0000000606000000, 0x0000000606400000, 0x0000000606400000|100%| O|  |TAMS 0x0000000606400000| PB 0x0000000606000000| Untracked 
|  25|0x0000000606400000, 0x0000000606800000, 0x0000000606800000|100%| O|  |TAMS 0x0000000606800000| PB 0x0000000606400000| Untracked 
|  26|0x0000000606800000, 0x0000000606c00000, 0x0000000606c00000|100%| O|  |TAMS 0x0000000606c00000| PB 0x0000000606800000| Untracked 
|  27|0x0000000606c00000, 0x0000000607000000, 0x0000000607000000|100%| O|  |TAMS 0x0000000607000000| PB 0x0000000606c00000| Untracked 
|  28|0x0000000607000000, 0x0000000607400000, 0x0000000607400000|100%| O|  |TAMS 0x0000000607400000| PB 0x0000000607000000| Untracked 
|  29|0x0000000607400000, 0x0000000607800000, 0x0000000607800000|100%| O|  |TAMS 0x0000000607800000| PB 0x0000000607400000| Untracked 
|  30|0x0000000607800000, 0x0000000607c00000, 0x0000000607c00000|100%| O|  |TAMS 0x0000000607c00000| PB 0x0000000607800000| Untracked 
|  31|0x0000000607c00000, 0x0000000608000000, 0x0000000608000000|100%| O|  |TAMS 0x0000000608000000| PB 0x0000000607c00000| Untracked 
|  32|0x0000000608000000, 0x0000000608400000, 0x0000000608400000|100%| O|  |TAMS 0x0000000608400000| PB 0x0000000608000000| Untracked 
|  33|0x0000000608400000, 0x0000000608800000, 0x0000000608800000|100%| O|  |TAMS 0x0000000608800000| PB 0x0000000608400000| Untracked 
|  34|0x0000000608800000, 0x0000000608c00000, 0x0000000608c00000|100%| O|  |TAMS 0x0000000608c00000| PB 0x0000000608800000| Untracked 
|  35|0x0000000608c00000, 0x0000000609000000, 0x0000000609000000|100%| O|  |TAMS 0x0000000609000000| PB 0x0000000608c00000| Untracked 
|  36|0x0000000609000000, 0x0000000609400000, 0x0000000609400000|100%| O|  |TAMS 0x0000000609400000| PB 0x0000000609000000| Untracked 
|  37|0x0000000609400000, 0x0000000609800000, 0x0000000609800000|100%| O|  |TAMS 0x0000000609800000| PB 0x0000000609400000| Untracked 
|  38|0x0000000609800000, 0x0000000609c00000, 0x0000000609c00000|100%|HS|  |TAMS 0x0000000609c00000| PB 0x0000000609800000| Complete 
|  39|0x0000000609c00000, 0x000000060a000000, 0x000000060a000000|100%| O|  |TAMS 0x000000060a000000| PB 0x0000000609c00000| Untracked 
|  40|0x000000060a000000, 0x000000060a400000, 0x000000060a400000|100%| O|  |TAMS 0x000000060a400000| PB 0x000000060a000000| Untracked 
|  41|0x000000060a400000, 0x000000060a800000, 0x000000060a800000|100%| O|  |TAMS 0x000000060a800000| PB 0x000000060a400000| Untracked 
|  42|0x000000060a800000, 0x000000060ac00000, 0x000000060ac00000|100%| O|  |TAMS 0x000000060ac00000| PB 0x000000060a800000| Untracked 
|  43|0x000000060ac00000, 0x000000060b000000, 0x000000060b000000|100%| O|  |TAMS 0x000000060b000000| PB 0x000000060ac00000| Untracked 
|  44|0x000000060b000000, 0x000000060b400000, 0x000000060b400000|100%| O|  |TAMS 0x000000060b400000| PB 0x000000060b000000| Untracked 
|  45|0x000000060b400000, 0x000000060b800000, 0x000000060b800000|100%| O|  |TAMS 0x000000060b800000| PB 0x000000060b400000| Untracked 
|  46|0x000000060b800000, 0x000000060bc00000, 0x000000060bc00000|100%| O|  |TAMS 0x000000060bc00000| PB 0x000000060b800000| Untracked 
|  47|0x000000060bc00000, 0x000000060c000000, 0x000000060c000000|100%| O|  |TAMS 0x000000060c000000| PB 0x000000060bc00000| Untracked 
|  48|0x000000060c000000, 0x000000060c400000, 0x000000060c400000|100%| O|  |TAMS 0x000000060c400000| PB 0x000000060c000000| Untracked 
|  49|0x000000060c400000, 0x000000060c800000, 0x000000060c800000|100%| O|  |TAMS 0x000000060c800000| PB 0x000000060c400000| Untracked 
|  50|0x000000060c800000, 0x000000060cc00000, 0x000000060cc00000|100%| O|  |TAMS 0x000000060cc00000| PB 0x000000060c800000| Untracked 
|  51|0x000000060cc00000, 0x000000060d000000, 0x000000060d000000|100%| O|  |TAMS 0x000000060d000000| PB 0x000000060cc00000| Untracked 
|  52|0x000000060d000000, 0x000000060d400000, 0x000000060d400000|100%| O|  |TAMS 0x000000060d400000| PB 0x000000060d000000| Untracked 
|  53|0x000000060d400000, 0x000000060d800000, 0x000000060d800000|100%| O|  |TAMS 0x000000060d800000| PB 0x000000060d400000| Untracked 
|  54|0x000000060d800000, 0x000000060dc00000, 0x000000060dc00000|100%| O|  |TAMS 0x000000060dc00000| PB 0x000000060d800000| Untracked 
|  55|0x000000060dc00000, 0x000000060e000000, 0x000000060e000000|100%| O|  |TAMS 0x000000060e000000| PB 0x000000060dc00000| Untracked 
|  56|0x000000060e000000, 0x000000060e400000, 0x000000060e400000|100%| O|  |TAMS 0x000000060e400000| PB 0x000000060e000000| Untracked 
|  57|0x000000060e400000, 0x000000060e800000, 0x000000060e800000|100%| O|  |TAMS 0x000000060e800000| PB 0x000000060e400000| Untracked 
|  58|0x000000060e800000, 0x000000060ec00000, 0x000000060ec00000|100%| O|  |TAMS 0x000000060ec00000| PB 0x000000060e800000| Untracked 
|  59|0x000000060ec00000, 0x000000060f000000, 0x000000060f000000|100%| O|  |TAMS 0x000000060f000000| PB 0x000000060ec00000| Untracked 
|  60|0x000000060f000000, 0x000000060f400000, 0x000000060f400000|100%| O|  |TAMS 0x000000060f400000| PB 0x000000060f000000| Untracked 
|  61|0x000000060f400000, 0x000000060f800000, 0x000000060f800000|100%| O|  |TAMS 0x000000060f800000| PB 0x000000060f400000| Untracked 
|  62|0x000000060f800000, 0x000000060fc00000, 0x000000060fc00000|100%| O|  |TAMS 0x000000060fc00000| PB 0x000000060f800000| Untracked 
|  63|0x000000060fc00000, 0x0000000610000000, 0x0000000610000000|100%| O|  |TAMS 0x0000000610000000| PB 0x000000060fc00000| Untracked 
|  64|0x0000000610000000, 0x0000000610400000, 0x0000000610400000|100%| O|  |TAMS 0x0000000610400000| PB 0x0000000610000000| Untracked 
|  65|0x0000000610400000, 0x0000000610800000, 0x0000000610800000|100%| O|  |TAMS 0x0000000610800000| PB 0x0000000610400000| Untracked 
|  66|0x0000000610800000, 0x0000000610c00000, 0x0000000610c00000|100%| O|  |TAMS 0x0000000610a8f290| PB 0x0000000610800000| Untracked 
|  67|0x0000000610c00000, 0x0000000611000000, 0x0000000611000000|100%| O|  |TAMS 0x0000000611000000| PB 0x0000000610c00000| Untracked 
|  68|0x0000000611000000, 0x0000000611400000, 0x0000000611400000|100%| O|  |TAMS 0x0000000611400000| PB 0x0000000611000000| Untracked 
|  69|0x0000000611400000, 0x00000006114f0de0, 0x0000000611800000| 23%| O|  |TAMS 0x0000000611400000| PB 0x0000000611400000| Untracked 
|  70|0x0000000611800000, 0x0000000611c00000, 0x0000000611c00000|100%| O|  |TAMS 0x0000000611c00000| PB 0x0000000611800000| Untracked 
|  71|0x0000000611c00000, 0x0000000611c00000, 0x0000000612000000|  0%| F|  |TAMS 0x0000000611c00000| PB 0x0000000611c00000| Untracked 
|  72|0x0000000612000000, 0x0000000612000000, 0x0000000612400000|  0%| F|  |TAMS 0x0000000612000000| PB 0x0000000612000000| Untracked 
|  73|0x0000000612400000, 0x0000000612400000, 0x0000000612800000|  0%| F|  |TAMS 0x0000000612400000| PB 0x0000000612400000| Untracked 
|  74|0x0000000612800000, 0x0000000612800000, 0x0000000612c00000|  0%| F|  |TAMS 0x0000000612800000| PB 0x0000000612800000| Untracked 
|  75|0x0000000612c00000, 0x0000000612c00000, 0x0000000613000000|  0%| F|  |TAMS 0x0000000612c00000| PB 0x0000000612c00000| Untracked 
|  76|0x0000000613000000, 0x0000000613000000, 0x0000000613400000|  0%| F|  |TAMS 0x0000000613000000| PB 0x0000000613000000| Untracked 
|  77|0x0000000613400000, 0x0000000613800000, 0x0000000613800000|100%| O|  |TAMS 0x0000000613800000| PB 0x0000000613400000| Untracked 
|  78|0x0000000613800000, 0x0000000613c00000, 0x0000000613c00000|100%| O|  |TAMS 0x0000000613c00000| PB 0x0000000613800000| Untracked 
|  79|0x0000000613c00000, 0x0000000614000000, 0x0000000614000000|100%| O|  |TAMS 0x0000000614000000| PB 0x0000000613c00000| Untracked 
|  80|0x0000000614000000, 0x0000000614400000, 0x0000000614400000|100%| O|  |TAMS 0x0000000614400000| PB 0x0000000614000000| Untracked 
|  81|0x0000000614400000, 0x0000000614800000, 0x0000000614800000|100%| O|  |TAMS 0x0000000614800000| PB 0x0000000614400000| Untracked 
|  82|0x0000000614800000, 0x0000000614c00000, 0x0000000614c00000|100%| O|  |TAMS 0x0000000614c00000| PB 0x0000000614800000| Untracked 
|  83|0x0000000614c00000, 0x0000000614c00000, 0x0000000615000000|  0%| F|  |TAMS 0x0000000614c00000| PB 0x0000000614c00000| Untracked 
|  84|0x0000000615000000, 0x0000000615000000, 0x0000000615400000|  0%| F|  |TAMS 0x0000000615000000| PB 0x0000000615000000| Untracked 
|  85|0x0000000615400000, 0x0000000615400000, 0x0000000615800000|  0%| F|  |TAMS 0x0000000615400000| PB 0x0000000615400000| Untracked 
|  86|0x0000000615800000, 0x0000000615c00000, 0x0000000615c00000|100%| O|  |TAMS 0x0000000615c00000| PB 0x0000000615800000| Untracked 
|  87|0x0000000615c00000, 0x0000000615c00000, 0x0000000616000000|  0%| F|  |TAMS 0x0000000615c00000| PB 0x0000000615c00000| Untracked 
|  88|0x0000000616000000, 0x0000000616000000, 0x0000000616400000|  0%| F|  |TAMS 0x0000000616000000| PB 0x0000000616000000| Untracked 
|  89|0x0000000616400000, 0x0000000616800000, 0x0000000616800000|100%| O|  |TAMS 0x0000000616800000| PB 0x0000000616400000| Untracked 
|  90|0x0000000616800000, 0x0000000616c00000, 0x0000000616c00000|100%| O|  |TAMS 0x0000000616c00000| PB 0x0000000616800000| Untracked 
|  91|0x0000000616c00000, 0x0000000617000000, 0x0000000617000000|100%| O|  |TAMS 0x0000000617000000| PB 0x0000000616c00000| Untracked 
|  92|0x0000000617000000, 0x0000000617000000, 0x0000000617400000|  0%| F|  |TAMS 0x0000000617000000| PB 0x0000000617000000| Untracked 
|  93|0x0000000617400000, 0x0000000617400000, 0x0000000617800000|  0%| F|  |TAMS 0x0000000617400000| PB 0x0000000617400000| Untracked 
|  94|0x0000000617800000, 0x0000000617800000, 0x0000000617c00000|  0%| F|  |TAMS 0x0000000617800000| PB 0x0000000617800000| Untracked 
|  95|0x0000000617c00000, 0x0000000617c00000, 0x0000000618000000|  0%| F|  |TAMS 0x0000000617c00000| PB 0x0000000617c00000| Untracked 
|  96|0x0000000618000000, 0x0000000618000000, 0x0000000618400000|  0%| F|  |TAMS 0x0000000618000000| PB 0x0000000618000000| Untracked 
|  97|0x0000000618400000, 0x0000000618400000, 0x0000000618800000|  0%| F|  |TAMS 0x0000000618400000| PB 0x0000000618400000| Untracked 
|  98|0x0000000618800000, 0x0000000618800000, 0x0000000618c00000|  0%| F|  |TAMS 0x0000000618800000| PB 0x0000000618800000| Untracked 
|  99|0x0000000618c00000, 0x0000000618c00000, 0x0000000619000000|  0%| F|  |TAMS 0x0000000618c00000| PB 0x0000000618c00000| Untracked 
| 100|0x0000000619000000, 0x0000000619000000, 0x0000000619400000|  0%| F|  |TAMS 0x0000000619000000| PB 0x0000000619000000| Untracked 
| 101|0x0000000619400000, 0x0000000619400000, 0x0000000619800000|  0%| F|  |TAMS 0x0000000619400000| PB 0x0000000619400000| Untracked 
| 102|0x0000000619800000, 0x0000000619800000, 0x0000000619c00000|  0%| F|  |TAMS 0x0000000619800000| PB 0x0000000619800000| Untracked 
| 103|0x0000000619c00000, 0x0000000619c00000, 0x000000061a000000|  0%| F|  |TAMS 0x0000000619c00000| PB 0x0000000619c00000| Untracked 
| 104|0x000000061a000000, 0x000000061a000000, 0x000000061a400000|  0%| F|  |TAMS 0x000000061a000000| PB 0x000000061a000000| Untracked 
| 105|0x000000061a400000, 0x000000061a400000, 0x000000061a800000|  0%| F|  |TAMS 0x000000061a400000| PB 0x000000061a400000| Untracked 
| 106|0x000000061a800000, 0x000000061a800000, 0x000000061ac00000|  0%| F|  |TAMS 0x000000061a800000| PB 0x000000061a800000| Untracked 
| 107|0x000000061ac00000, 0x000000061ac00000, 0x000000061b000000|  0%| F|  |TAMS 0x000000061ac00000| PB 0x000000061ac00000| Untracked 
| 108|0x000000061b000000, 0x000000061b000000, 0x000000061b400000|  0%| F|  |TAMS 0x000000061b000000| PB 0x000000061b000000| Untracked 
| 109|0x000000061b400000, 0x000000061b400000, 0x000000061b800000|  0%| F|  |TAMS 0x000000061b400000| PB 0x000000061b400000| Untracked 
| 110|0x000000061b800000, 0x000000061b800000, 0x000000061bc00000|  0%| F|  |TAMS 0x000000061b800000| PB 0x000000061b800000| Untracked 
| 111|0x000000061bc00000, 0x000000061bc00000, 0x000000061c000000|  0%| F|  |TAMS 0x000000061bc00000| PB 0x000000061bc00000| Untracked 
| 112|0x000000061c000000, 0x000000061c000000, 0x000000061c400000|  0%| F|  |TAMS 0x000000061c000000| PB 0x000000061c000000| Untracked 
| 113|0x000000061c400000, 0x000000061c400000, 0x000000061c800000|  0%| F|  |TAMS 0x000000061c400000| PB 0x000000061c400000| Untracked 
| 114|0x000000061c800000, 0x000000061c800000, 0x000000061cc00000|  0%| F|  |TAMS 0x000000061c800000| PB 0x000000061c800000| Untracked 
| 115|0x000000061cc00000, 0x000000061cc00000, 0x000000061d000000|  0%| F|  |TAMS 0x000000061cc00000| PB 0x000000061cc00000| Untracked 
| 116|0x000000061d000000, 0x000000061d000000, 0x000000061d400000|  0%| F|  |TAMS 0x000000061d000000| PB 0x000000061d000000| Untracked 
| 117|0x000000061d400000, 0x000000061d400000, 0x000000061d800000|  0%| F|  |TAMS 0x000000061d400000| PB 0x000000061d400000| Untracked 
| 118|0x000000061d800000, 0x000000061d800000, 0x000000061dc00000|  0%| F|  |TAMS 0x000000061d800000| PB 0x000000061d800000| Untracked 
| 119|0x000000061dc00000, 0x000000061dc00000, 0x000000061e000000|  0%| F|  |TAMS 0x000000061dc00000| PB 0x000000061dc00000| Untracked 
| 120|0x000000061e000000, 0x000000061e000000, 0x000000061e400000|  0%| F|  |TAMS 0x000000061e000000| PB 0x000000061e000000| Untracked 
| 121|0x000000061e400000, 0x000000061e400000, 0x000000061e800000|  0%| F|  |TAMS 0x000000061e400000| PB 0x000000061e400000| Untracked 
| 122|0x000000061e800000, 0x000000061e800000, 0x000000061ec00000|  0%| F|  |TAMS 0x000000061e800000| PB 0x000000061e800000| Untracked 
| 123|0x000000061ec00000, 0x000000061ec00000, 0x000000061f000000|  0%| F|  |TAMS 0x000000061ec00000| PB 0x000000061ec00000| Untracked 
| 124|0x000000061f000000, 0x000000061f000000, 0x000000061f400000|  0%| F|  |TAMS 0x000000061f000000| PB 0x000000061f000000| Untracked 
| 125|0x000000061f400000, 0x000000061f400000, 0x000000061f800000|  0%| F|  |TAMS 0x000000061f400000| PB 0x000000061f400000| Untracked 
| 126|0x000000061f800000, 0x000000061f800000, 0x000000061fc00000|  0%| F|  |TAMS 0x000000061f800000| PB 0x000000061f800000| Untracked 
| 127|0x000000061fc00000, 0x000000061fc00000, 0x0000000620000000|  0%| F|  |TAMS 0x000000061fc00000| PB 0x000000061fc00000| Untracked 
| 128|0x0000000620000000, 0x0000000620000000, 0x0000000620400000|  0%| F|  |TAMS 0x0000000620000000| PB 0x0000000620000000| Untracked 
| 129|0x0000000620400000, 0x0000000620400000, 0x0000000620800000|  0%| F|  |TAMS 0x0000000620400000| PB 0x0000000620400000| Untracked 
| 130|0x0000000620800000, 0x0000000620800000, 0x0000000620c00000|  0%| F|  |TAMS 0x0000000620800000| PB 0x0000000620800000| Untracked 
| 131|0x0000000620c00000, 0x0000000620c00000, 0x0000000621000000|  0%| F|  |TAMS 0x0000000620c00000| PB 0x0000000620c00000| Untracked 
| 132|0x0000000621000000, 0x0000000621000000, 0x0000000621400000|  0%| F|  |TAMS 0x0000000621000000| PB 0x0000000621000000| Untracked 
| 133|0x0000000621400000, 0x0000000621400000, 0x0000000621800000|  0%| F|  |TAMS 0x0000000621400000| PB 0x0000000621400000| Untracked 
| 134|0x0000000621800000, 0x0000000621800000, 0x0000000621c00000|  0%| F|  |TAMS 0x0000000621800000| PB 0x0000000621800000| Untracked 
| 135|0x0000000621c00000, 0x0000000621c00000, 0x0000000622000000|  0%| F|  |TAMS 0x0000000621c00000| PB 0x0000000621c00000| Untracked 
| 136|0x0000000622000000, 0x0000000622000000, 0x0000000622400000|  0%| F|  |TAMS 0x0000000622000000| PB 0x0000000622000000| Untracked 
| 137|0x0000000622400000, 0x0000000622400000, 0x0000000622800000|  0%| F|  |TAMS 0x0000000622400000| PB 0x0000000622400000| Untracked 
| 138|0x0000000622800000, 0x0000000622800000, 0x0000000622c00000|  0%| F|  |TAMS 0x0000000622800000| PB 0x0000000622800000| Untracked 
| 139|0x0000000622c00000, 0x0000000622c00000, 0x0000000623000000|  0%| F|  |TAMS 0x0000000622c00000| PB 0x0000000622c00000| Untracked 
| 140|0x0000000623000000, 0x0000000623000000, 0x0000000623400000|  0%| F|  |TAMS 0x0000000623000000| PB 0x0000000623000000| Untracked 
| 141|0x0000000623400000, 0x0000000623400000, 0x0000000623800000|  0%| F|  |TAMS 0x0000000623400000| PB 0x0000000623400000| Untracked 
| 142|0x0000000623800000, 0x0000000623800000, 0x0000000623c00000|  0%| F|  |TAMS 0x0000000623800000| PB 0x0000000623800000| Untracked 
| 143|0x0000000623c00000, 0x0000000623c00000, 0x0000000624000000|  0%| F|  |TAMS 0x0000000623c00000| PB 0x0000000623c00000| Untracked 
| 144|0x0000000624000000, 0x0000000624000000, 0x0000000624400000|  0%| F|  |TAMS 0x0000000624000000| PB 0x0000000624000000| Untracked 
| 145|0x0000000624400000, 0x0000000624400000, 0x0000000624800000|  0%| F|  |TAMS 0x0000000624400000| PB 0x0000000624400000| Untracked 
| 146|0x0000000624800000, 0x0000000624800000, 0x0000000624c00000|  0%| F|  |TAMS 0x0000000624800000| PB 0x0000000624800000| Untracked 
| 147|0x0000000624c00000, 0x0000000624c00000, 0x0000000625000000|  0%| F|  |TAMS 0x0000000624c00000| PB 0x0000000624c00000| Untracked 
| 148|0x0000000625000000, 0x0000000625000000, 0x0000000625400000|  0%| F|  |TAMS 0x0000000625000000| PB 0x0000000625000000| Untracked 
| 149|0x0000000625400000, 0x0000000625400000, 0x0000000625800000|  0%| F|  |TAMS 0x0000000625400000| PB 0x0000000625400000| Untracked 
| 150|0x0000000625800000, 0x0000000625800000, 0x0000000625c00000|  0%| F|  |TAMS 0x0000000625800000| PB 0x0000000625800000| Untracked 
| 151|0x0000000625c00000, 0x0000000625c00000, 0x0000000626000000|  0%| F|  |TAMS 0x0000000625c00000| PB 0x0000000625c00000| Untracked 
| 152|0x0000000626000000, 0x0000000626000000, 0x0000000626400000|  0%| F|  |TAMS 0x0000000626000000| PB 0x0000000626000000| Untracked 
| 153|0x0000000626400000, 0x0000000626400000, 0x0000000626800000|  0%| F|  |TAMS 0x0000000626400000| PB 0x0000000626400000| Untracked 
| 154|0x0000000626800000, 0x0000000626800000, 0x0000000626c00000|  0%| F|  |TAMS 0x0000000626800000| PB 0x0000000626800000| Untracked 
| 155|0x0000000626c00000, 0x0000000626c00000, 0x0000000627000000|  0%| F|  |TAMS 0x0000000626c00000| PB 0x0000000626c00000| Untracked 
| 156|0x0000000627000000, 0x0000000627000000, 0x0000000627400000|  0%| F|  |TAMS 0x0000000627000000| PB 0x0000000627000000| Untracked 
| 157|0x0000000627400000, 0x0000000627400000, 0x0000000627800000|  0%| F|  |TAMS 0x0000000627400000| PB 0x0000000627400000| Untracked 
| 158|0x0000000627800000, 0x0000000627800000, 0x0000000627c00000|  0%| F|  |TAMS 0x0000000627800000| PB 0x0000000627800000| Untracked 
| 159|0x0000000627c00000, 0x0000000627c00000, 0x0000000628000000|  0%| F|  |TAMS 0x0000000627c00000| PB 0x0000000627c00000| Untracked 
| 160|0x0000000628000000, 0x0000000628000000, 0x0000000628400000|  0%| F|  |TAMS 0x0000000628000000| PB 0x0000000628000000| Untracked 
| 161|0x0000000628400000, 0x0000000628400000, 0x0000000628800000|  0%| F|  |TAMS 0x0000000628400000| PB 0x0000000628400000| Untracked 
| 162|0x0000000628800000, 0x0000000628800000, 0x0000000628c00000|  0%| F|  |TAMS 0x0000000628800000| PB 0x0000000628800000| Untracked 
| 163|0x0000000628c00000, 0x0000000628c00000, 0x0000000629000000|  0%| F|  |TAMS 0x0000000628c00000| PB 0x0000000628c00000| Untracked 
| 164|0x0000000629000000, 0x0000000629000000, 0x0000000629400000|  0%| F|  |TAMS 0x0000000629000000| PB 0x0000000629000000| Untracked 
| 165|0x0000000629400000, 0x0000000629400000, 0x0000000629800000|  0%| F|  |TAMS 0x0000000629400000| PB 0x0000000629400000| Untracked 
| 166|0x0000000629800000, 0x0000000629800000, 0x0000000629c00000|  0%| F|  |TAMS 0x0000000629800000| PB 0x0000000629800000| Untracked 
| 167|0x0000000629c00000, 0x0000000629c00000, 0x000000062a000000|  0%| F|  |TAMS 0x0000000629c00000| PB 0x0000000629c00000| Untracked 
| 168|0x000000062a000000, 0x000000062a400000, 0x000000062a400000|100%| S|CS|TAMS 0x000000062a000000| PB 0x000000062a000000| Complete 
| 169|0x000000062a400000, 0x000000062a800000, 0x000000062a800000|100%| S|CS|TAMS 0x000000062a400000| PB 0x000000062a400000| Complete 
| 170|0x000000062a800000, 0x000000062ac00000, 0x000000062ac00000|100%| S|CS|TAMS 0x000000062a800000| PB 0x000000062a800000| Complete 
| 171|0x000000062ac00000, 0x000000062ac00000, 0x000000062b000000|  0%| F|  |TAMS 0x000000062ac00000| PB 0x000000062ac00000| Untracked 
| 172|0x000000062b000000, 0x000000062b000000, 0x000000062b400000|  0%| F|  |TAMS 0x000000062b000000| PB 0x000000062b000000| Untracked 
| 173|0x000000062b400000, 0x000000062b400000, 0x000000062b800000|  0%| F|  |TAMS 0x000000062b400000| PB 0x000000062b400000| Untracked 
| 174|0x000000062b800000, 0x000000062b800000, 0x000000062bc00000|  0%| F|  |TAMS 0x000000062b800000| PB 0x000000062b800000| Untracked 
| 175|0x000000062bc00000, 0x000000062bc00000, 0x000000062c000000|  0%| F|  |TAMS 0x000000062bc00000| PB 0x000000062bc00000| Untracked 
| 176|0x000000062c000000, 0x000000062c000000, 0x000000062c400000|  0%| F|  |TAMS 0x000000062c000000| PB 0x000000062c000000| Untracked 
| 177|0x000000062c400000, 0x000000062c400000, 0x000000062c800000|  0%| F|  |TAMS 0x000000062c400000| PB 0x000000062c400000| Untracked 
| 178|0x000000062c800000, 0x000000062c800000, 0x000000062cc00000|  0%| F|  |TAMS 0x000000062c800000| PB 0x000000062c800000| Untracked 
| 179|0x000000062cc00000, 0x000000062cc00000, 0x000000062d000000|  0%| F|  |TAMS 0x000000062cc00000| PB 0x000000062cc00000| Untracked 
| 180|0x000000062d000000, 0x000000062d000000, 0x000000062d400000|  0%| F|  |TAMS 0x000000062d000000| PB 0x000000062d000000| Untracked 
| 181|0x000000062d400000, 0x000000062d400000, 0x000000062d800000|  0%| F|  |TAMS 0x000000062d400000| PB 0x000000062d400000| Untracked 
|2041|0x00000007fe400000, 0x00000007fe400000, 0x00000007fe800000|  0%| F|  |TAMS 0x00000007fe400000| PB 0x00000007fe400000| Untracked 
|2042|0x00000007fe800000, 0x00000007fe800000, 0x00000007fec00000|  0%| F|  |TAMS 0x00000007fe800000| PB 0x00000007fe800000| Untracked 
|2043|0x00000007fec00000, 0x00000007fec00000, 0x00000007ff000000|  0%| F|  |TAMS 0x00000007fec00000| PB 0x00000007fec00000| Untracked 
|2044|0x00000007ff000000, 0x00000007ff000000, 0x00000007ff400000|  0%| F|  |TAMS 0x00000007ff000000| PB 0x00000007ff000000| Untracked 
|2045|0x00000007ff400000, 0x00000007ff400000, 0x00000007ff800000|  0%| F|  |TAMS 0x00000007ff400000| PB 0x00000007ff400000| Untracked 
|2046|0x00000007ff800000, 0x00000007ff800000, 0x00000007ffc00000|  0%| F|  |TAMS 0x00000007ff800000| PB 0x00000007ff800000| Untracked 
|2047|0x00000007ffc00000, 0x00000007ffc00000, 0x0000000800000000|  0%| F|  |TAMS 0x00000007ffc00000| PB 0x00000007ffc00000| Untracked 

Card table byte_map: [0x000001556f4d0000,0x00000155704d0000] _byte_map_base: 0x000001556c4d0000

Marking Bits: (CMBitMap*) 0x000001556ae1c800
 Bits: [0x00000155704d0000, 0x00000155784d0000)

Polling page: 0x0000015568b70000

Metaspace:

Usage:
  Non-class:    169.29 MB used.
      Class:     25.31 MB used.
       Both:    194.60 MB used.

Virtual space:
  Non-class space:      192.00 MB reserved,     171.12 MB ( 89%) committed,  3 nodes.
      Class space:        1.00 GB reserved,      27.06 MB (  3%) committed,  1 nodes.
             Both:        1.19 GB reserved,     198.19 MB ( 16%) committed. 

Chunk freelists:
   Non-Class:  3.94 MB
       Class:  4.94 MB
        Both:  8.88 MB

MaxMetaspaceSize: 4.00 GB
CompressedClassSpaceSize: 1.00 GB
Initial GC threshold: 21.00 MB
Current GC threshold: 322.31 MB
CDS: on
 - commit_granule_bytes: 65536.
 - commit_granule_words: 8192.
 - virtual_space_node_default_size: 8388608.
 - enlarge_chunks_in_place: 1.
 - use_allocation_guard: 0.


Internal statistics:

num_allocs_failed_limit: 9.
num_arena_births: 6400.
num_arena_deaths: 0.
num_vsnodes_births: 4.
num_vsnodes_deaths: 0.
num_space_committed: 3169.
num_space_uncommitted: 0.
num_chunks_returned_to_freelist: 9.
num_chunks_taken_from_freelist: 15655.
num_chunk_merges: 6.
num_chunk_splits: 10545.
num_chunks_enlarged: 6998.
num_inconsistent_stats: 0.

CodeHeap 'non-profiled nmethods': size=259264Kb used=25333Kb max_used=25333Kb free=233930Kb
 bounds [0x00000155102d0000, 0x0000015511b90000, 0x0000015520000000]
CodeHeap 'profiled nmethods': size=259264Kb used=69209Kb max_used=69209Kb free=190054Kb
 bounds [0x0000015500000000, 0x00000155043a0000, 0x000001550fd30000]
CodeHeap 'non-nmethods': size=5760Kb used=3404Kb max_used=3464Kb free=2355Kb
 bounds [0x000001550fd30000, 0x00000155100a0000, 0x00000155102d0000]
CodeCache: size=524288Kb, used=97946Kb, max_used=98006Kb, free=426339Kb
 total_blobs=32135, nmethods=30839, adapters=1196, full_count=0
Compilation: enabled, stopped_count=0, restarted_count=0

Compilation events (20 events):
Event: 938.768 Thread 0x000001557aacd130 36727       3       org.gradle.internal.model.StateTransitionController$$Lambda/0x00000155217cd518::<init> (26 bytes)
Event: 938.768 Thread 0x000001557aacd130 nmethod 36727 0x000001550438f810 code [0x000001550438f9c0, 0x000001550438fcb8]
Event: 938.781 Thread 0x000001557aacd130 36728       3       org.gradle.api.internal.initialization.transform.services.CacheInstrumentationDataBuildService$ResolutionData_Decorated::getTypeHierarchyAnalysisResult (32 bytes)
Event: 938.782 Thread 0x000001557aacd130 nmethod 36728 0x000001550438fd90 code [0x000001550438ff60, 0x0000015504390358]
Event: 938.782 Thread 0x000001557aacd130 36729       3       org.gradle.api.internal.artifacts.DefaultDependencyManagementServices$DependencyResolutionScopeServices::collectRepositories (36 bytes)
Event: 938.783 Thread 0x000001557aacd130 nmethod 36729 0x0000015504390490 code [0x0000015504390700, 0x0000015504391218]
Event: 938.783 Thread 0x000001557aacd130 36730       3       org.gradle.api.internal.artifacts.repositories.DefaultUrlArtifactRepository::createRedirectVerifier (27 bytes)
Event: 938.785 Thread 0x000001557aacd130 nmethod 36730 0x0000015504391590 code [0x0000015504391820, 0x00000155043925d0]
Event: 938.785 Thread 0x000001557aacd130 36735       3       org.gradle.api.internal.artifacts.ivyservice.ivyresolve.DynamicVersionResolver::add (28 bytes)
Event: 938.785 Thread 0x000001557aacd130 nmethod 36735 0x0000015504392a90 code [0x0000015504392c60, 0x0000015504393000]
Event: 938.785 Thread 0x000001557aacd130 36736       3       org.gradle.api.internal.artifacts.ivyservice.ivyresolve.RepositoryChainComponentMetaDataResolver::add (28 bytes)
Event: 938.785 Thread 0x000001557aacd130 nmethod 36736 0x0000015504393190 code [0x0000015504393360, 0x0000015504393700]
Event: 938.785 Thread 0x000001557aacd130 36734       3       org.gradle.api.internal.artifacts.repositories.resolver.MavenResolver::<init> (77 bytes)
Event: 938.787 Thread 0x000001557aacd130 nmethod 36734 0x0000015504393890 code [0x0000015504393ae0, 0x0000015504394670]
Event: 938.787 Thread 0x000001557aacd130 36731       3       org.gradle.api.internal.artifacts.repositories.transport.RepositoryTransportFactory::createTransport (13 bytes)
Event: 938.788 Thread 0x000001557aacd130 nmethod 36731 0x0000015504394a90 code [0x0000015504394c60, 0x0000015504395050]
Event: 938.788 Thread 0x000001557aacd130 36732       3       org.gradle.api.internal.artifacts.repositories.DefaultMavenArtifactRepository::createMetadataSources (162 bytes)
Event: 938.790 Thread 0x000001557aacd130 nmethod 36732 0x0000015504395210 code [0x00000155043954e0, 0x0000015504396440]
Event: 938.790 Thread 0x000001557aacd130 36733       3       org.gradle.api.internal.artifacts.repositories.AbstractArtifactRepository::createInjectorForMetadataSuppliers (48 bytes)
Event: 938.792 Thread 0x000001557aacd130 nmethod 36733 0x0000015504396a10 code [0x0000015504396d40, 0x0000015504398438]

GC Heap History (20 events):
Event: 209.866 GC heap after
{Heap after GC invocations=97 (full 0):
 garbage-first heap   total 749568K, used 372342K [0x0000000600000000, 0x0000000800000000)
  region size 4096K, 8 young (32768K), 8 survivors (32768K)
 Metaspace       used 191822K, committed 195200K, reserved 1245184K
  class space    used 25177K, committed 26816K, reserved 1048576K
}
Event: 218.029 GC heap before
{Heap before GC invocations=97 (full 0):
 garbage-first heap   total 749568K, used 695926K [0x0000000600000000, 0x0000000800000000)
  region size 4096K, 87 young (356352K), 8 survivors (32768K)
 Metaspace       used 193178K, committed 196672K, reserved 1245184K
  class space    used 25251K, committed 26944K, reserved 1048576K
}
Event: 218.115 GC heap after
{Heap after GC invocations=98 (full 0):
 garbage-first heap   total 774144K, used 348505K [0x0000000600000000, 0x0000000800000000)
  region size 4096K, 10 young (40960K), 10 survivors (40960K)
 Metaspace       used 193178K, committed 196672K, reserved 1245184K
  class space    used 25251K, committed 26944K, reserved 1048576K
}
Event: 315.662 GC heap before
{Heap before GC invocations=98 (full 0):
 garbage-first heap   total 774144K, used 692569K [0x0000000600000000, 0x0000000800000000)
  region size 4096K, 94 young (385024K), 10 survivors (40960K)
 Metaspace       used 193783K, committed 197248K, reserved 1245184K
  class space    used 25287K, committed 26944K, reserved 1048576K
}
Event: 315.807 GC heap after
{Heap after GC invocations=99 (full 0):
 garbage-first heap   total 774144K, used 338269K [0x0000000600000000, 0x0000000800000000)
  region size 4096K, 4 young (16384K), 4 survivors (16384K)
 Metaspace       used 193783K, committed 197248K, reserved 1245184K
  class space    used 25287K, committed 26944K, reserved 1048576K
}
Event: 883.832 GC heap before
{Heap before GC invocations=99 (full 0):
 garbage-first heap   total 774144K, used 711005K [0x0000000600000000, 0x0000000800000000)
  region size 4096K, 96 young (393216K), 4 survivors (16384K)
 Metaspace       used 194331K, committed 197888K, reserved 1245184K
  class space    used 25307K, committed 27008K, reserved 1048576K
}
Event: 884.092 GC heap after
{Heap after GC invocations=100 (full 0):
 garbage-first heap   total 774144K, used 329746K [0x0000000600000000, 0x0000000800000000)
  region size 4096K, 2 young (8192K), 2 survivors (8192K)
 Metaspace       used 194331K, committed 197888K, reserved 1245184K
  class space    used 25307K, committed 27008K, reserved 1048576K
}
Event: 884.900 GC heap before
{Heap before GC invocations=100 (full 0):
 garbage-first heap   total 774144K, used 358418K [0x0000000600000000, 0x0000000800000000)
  region size 4096K, 9 young (36864K), 2 survivors (8192K)
 Metaspace       used 194339K, committed 197888K, reserved 1245184K
  class space    used 25307K, committed 27008K, reserved 1048576K
}
Event: 884.963 GC heap after
{Heap after GC invocations=101 (full 0):
 garbage-first heap   total 774144K, used 330805K [0x0000000600000000, 0x0000000800000000)
  region size 4096K, 2 young (8192K), 2 survivors (8192K)
 Metaspace       used 194339K, committed 197888K, reserved 1245184K
  class space    used 25307K, committed 27008K, reserved 1048576K
}
Event: 888.462 GC heap before
{Heap before GC invocations=102 (full 0):
 garbage-first heap   total 774144K, used 355381K [0x0000000600000000, 0x0000000800000000)
  region size 4096K, 9 young (36864K), 2 survivors (8192K)
 Metaspace       used 195001K, committed 198528K, reserved 1245184K
  class space    used 25396K, committed 27072K, reserved 1048576K
}
Event: 888.492 GC heap after
{Heap after GC invocations=103 (full 0):
 garbage-first heap   total 774144K, used 332792K [0x0000000600000000, 0x0000000800000000)
  region size 4096K, 2 young (8192K), 2 survivors (8192K)
 Metaspace       used 195001K, committed 198528K, reserved 1245184K
  class space    used 25396K, committed 27072K, reserved 1048576K
}
Event: 928.702 GC heap before
{Heap before GC invocations=103 (full 0):
 garbage-first heap   total 774144K, used 676856K [0x0000000600000000, 0x0000000800000000)
  region size 4096K, 87 young (356352K), 2 survivors (8192K)
 Metaspace       used 198937K, committed 202496K, reserved 1245184K
  class space    used 25912K, committed 27648K, reserved 1048576K
}
Event: 928.839 GC heap after
{Heap after GC invocations=104 (full 0):
 garbage-first heap   total 774144K, used 307838K [0x0000000600000000, 0x0000000800000000)
  region size 4096K, 10 young (40960K), 10 survivors (40960K)
 Metaspace       used 198937K, committed 202496K, reserved 1245184K
  class space    used 25912K, committed 27648K, reserved 1048576K
}
Event: 935.262 GC heap before
{Heap before GC invocations=104 (full 0):
 garbage-first heap   total 774144K, used 676478K [0x0000000600000000, 0x0000000800000000)
  region size 4096K, 100 young (409600K), 10 survivors (40960K)
 Metaspace       used 199126K, committed 202752K, reserved 1245184K
  class space    used 25919K, committed 27648K, reserved 1048576K
}
Event: 935.975 GC heap after
{Heap after GC invocations=105 (full 0):
 garbage-first heap   total 774144K, used 324807K [0x0000000600000000, 0x0000000800000000)
  region size 4096K, 7 young (28672K), 7 survivors (28672K)
 Metaspace       used 199126K, committed 202752K, reserved 1245184K
  class space    used 25919K, committed 27648K, reserved 1048576K
}
Event: 936.590 GC heap before
{Heap before GC invocations=105 (full 0):
 garbage-first heap   total 774144K, used 332999K [0x0000000600000000, 0x0000000800000000)
  region size 4096K, 9 young (36864K), 7 survivors (28672K)
 Metaspace       used 199145K, committed 202816K, reserved 1245184K
  class space    used 25919K, committed 27648K, reserved 1048576K
}
Event: 936.638 GC heap after
{Heap after GC invocations=106 (full 0):
 garbage-first heap   total 774144K, used 330898K [0x0000000600000000, 0x0000000800000000)
  region size 4096K, 2 young (8192K), 2 survivors (8192K)
 Metaspace       used 199145K, committed 202816K, reserved 1245184K
  class space    used 25919K, committed 27648K, reserved 1048576K
}
Event: 937.571 GC heap before
{Heap before GC invocations=106 (full 0):
 garbage-first heap   total 774144K, used 384146K [0x0000000600000000, 0x0000000800000000)
  region size 4096K, 15 young (61440K), 2 survivors (8192K)
 Metaspace       used 199212K, committed 202880K, reserved 1245184K
  class space    used 25919K, committed 27648K, reserved 1048576K
}
Event: 937.604 GC heap after
{Heap after GC invocations=107 (full 0):
 garbage-first heap   total 774144K, used 333414K [0x0000000600000000, 0x0000000800000000)
  region size 4096K, 2 young (8192K), 2 survivors (8192K)
 Metaspace       used 199212K, committed 202880K, reserved 1245184K
  class space    used 25919K, committed 27648K, reserved 1048576K
}
Event: 938.801 GC heap before
{Heap before GC invocations=107 (full 0):
 garbage-first heap   total 774144K, used 398950K [0x0000000600000000, 0x0000000800000000)
  region size 4096K, 18 young (73728K), 2 survivors (8192K)
 Metaspace       used 199270K, committed 202944K, reserved 1245184K
  class space    used 25920K, committed 27712K, reserved 1048576K
}

Dll operation events (15 events):
Event: 0.006 Loaded shared library C:\Users\admin\.vscode\extensions\redhat.java-1.54.0-win32-x64\jre\21.0.10-win32-x86_64\bin\java.dll
Event: 0.059 Loaded shared library C:\Users\admin\.vscode\extensions\redhat.java-1.54.0-win32-x64\jre\21.0.10-win32-x86_64\bin\zip.dll
Event: 0.080 Loaded shared library C:\Users\admin\.vscode\extensions\redhat.java-1.54.0-win32-x64\jre\21.0.10-win32-x86_64\bin\instrument.dll
Event: 0.084 Loaded shared library C:\Users\admin\.vscode\extensions\redhat.java-1.54.0-win32-x64\jre\21.0.10-win32-x86_64\bin\net.dll
Event: 0.086 Loaded shared library C:\Users\admin\.vscode\extensions\redhat.java-1.54.0-win32-x64\jre\21.0.10-win32-x86_64\bin\nio.dll
Event: 0.089 Loaded shared library C:\Users\admin\.vscode\extensions\redhat.java-1.54.0-win32-x64\jre\21.0.10-win32-x86_64\bin\zip.dll
Event: 0.423 Loaded shared library C:\Users\admin\.vscode\extensions\redhat.java-1.54.0-win32-x64\jre\21.0.10-win32-x86_64\bin\jimage.dll
Event: 0.601 Loaded shared library C:\Users\admin\.vscode\extensions\redhat.java-1.54.0-win32-x64\jre\21.0.10-win32-x86_64\bin\verify.dll
Event: 0.729 Loaded shared library C:\Users\admin\.gradle\native\1def1411415f61bf3af743bc5b6707747c0891f09f0c88961ee8f79bc544acac\windows-amd64\native-platform.dll
Event: 0.749 Loaded shared library C:\Users\admin\.gradle\native\0.2.7\x86_64-windows-gnu\gradle-fileevents.dll
Event: 1.865 Loaded shared library C:\Users\admin\.vscode\extensions\redhat.java-1.54.0-win32-x64\jre\21.0.10-win32-x86_64\bin\management.dll
Event: 1.869 Loaded shared library C:\Users\admin\.vscode\extensions\redhat.java-1.54.0-win32-x64\jre\21.0.10-win32-x86_64\bin\management_ext.dll
Event: 2.018 Loaded shared library C:\Users\admin\.vscode\extensions\redhat.java-1.54.0-win32-x64\jre\21.0.10-win32-x86_64\bin\extnet.dll
Event: 2.375 Loaded shared library C:\Users\admin\.vscode\extensions\redhat.java-1.54.0-win32-x64\jre\21.0.10-win32-x86_64\bin\sunmscapi.dll
Event: 894.478 Loaded shared library C:\Users\admin\.vscode\extensions\redhat.java-1.54.0-win32-x64\jre\21.0.10-win32-x86_64\bin\rmi.dll

Deoptimization events (20 events):
Event: 936.708 Thread 0x0000015564383a30 Uncommon trap: trap_request=0xffffff66 fr.pc=0x00000155119978c0 relative=0x0000000000000b80
Event: 936.708 Thread 0x0000015564383a30 Uncommon trap: reason=speculate_class_check action=maybe_recompile pc=0x00000155119978c0 method=org.gradle.api.internal.artifacts.publish.DecoratingPublishArtifact.<init>(Lorg/gradle/api/internal/tasks/TaskDependencyFactory;Lorg/gradle/api/artifacts/Publi
Event: 936.708 Thread 0x0000015564383a30 DEOPT PACKING pc=0x00000155119978c0 sp=0x0000001b635f4a30
Event: 936.708 Thread 0x0000015564383a30 DEOPT UNPACKING pc=0x000001550fd87ba2 sp=0x0000001b635f4868 mode 2
Event: 937.338 Thread 0x0000015564383a30 DEOPT PACKING pc=0x00000155007e5917 sp=0x0000001b635f81e0
Event: 937.338 Thread 0x0000015564383a30 DEOPT UNPACKING pc=0x000001550fd886e2 sp=0x0000001b635f7568 mode 0
Event: 937.765 Thread 0x0000015561ff3f50 Uncommon trap: trap_request=0xffffff45 fr.pc=0x0000015510af88b4 relative=0x00000000000001b4
Event: 937.765 Thread 0x0000015561ff3f50 Uncommon trap: reason=unstable_if action=reinterpret pc=0x0000015510af88b4 method=org.gradle.cache.internal.LockOnDemandCrossProcessCacheAccess.decrementLockCount()V @ 54 c2
Event: 937.765 Thread 0x0000015561ff3f50 DEOPT PACKING pc=0x0000015510af88b4 sp=0x0000001b644fee50
Event: 937.766 Thread 0x0000015561ff3f50 DEOPT UNPACKING pc=0x000001550fd87ba2 sp=0x0000001b644fed40 mode 2
Event: 938.370 Thread 0x0000015564383a30 DEOPT PACKING pc=0x000001550133b8a0 sp=0x0000001b635f5440
Event: 938.371 Thread 0x0000015564383a30 DEOPT UNPACKING pc=0x000001550fd886e2 sp=0x0000001b635f48e0 mode 0
Event: 938.797 Thread 0x0000015564383a30 Uncommon trap: trap_request=0xffffffbe fr.pc=0x0000015511b6a348 relative=0x0000000000000f28
Event: 938.798 Thread 0x0000015564383a30 Uncommon trap: reason=profile_predicate action=maybe_recompile pc=0x0000015511b6a348 method=org.gradle.api.internal.artifacts.ivyservice.ivyresolve.strategy.StaticVersionComparator.compare(Lorg/gradle/api/internal/artifacts/ivyservice/ivyresolve/strategy/
Event: 938.798 Thread 0x0000015564383a30 DEOPT PACKING pc=0x0000015511b6a348 sp=0x0000001b635f8730
Event: 938.798 Thread 0x0000015564383a30 DEOPT UNPACKING pc=0x000001550fd87ba2 sp=0x0000001b635f8678 mode 2
Event: 938.799 Thread 0x0000015564383a30 Uncommon trap: trap_request=0xffffffbe fr.pc=0x0000015511b6a348 relative=0x0000000000000f28
Event: 938.799 Thread 0x0000015564383a30 Uncommon trap: reason=profile_predicate action=maybe_recompile pc=0x0000015511b6a348 method=org.gradle.api.internal.artifacts.ivyservice.ivyresolve.strategy.StaticVersionComparator.compare(Lorg/gradle/api/internal/artifacts/ivyservice/ivyresolve/strategy/
Event: 938.799 Thread 0x0000015564383a30 DEOPT PACKING pc=0x0000015511b6a348 sp=0x0000001b635f8730
Event: 938.799 Thread 0x0000015564383a30 DEOPT UNPACKING pc=0x000001550fd87ba2 sp=0x0000001b635f8678 mode 2

Classes loaded (20 events):
Event: 894.642 Loading class sun/rmi/transport/tcp/TCPTransport$ConnectionHandler
Event: 894.643 Loading class sun/rmi/transport/tcp/TCPTransport$ConnectionHandler done
Event: 894.647 Loading class sun/rmi/transport/Transport$1
Event: 894.648 Loading class sun/rmi/transport/Transport$1 done
Event: 894.649 Loading class sun/rmi/transport/DGCImpl$LeaseInfo
Event: 894.650 Loading class sun/rmi/transport/DGCImpl$LeaseInfo done
Event: 894.650 Loading class sun/rmi/transport/DGCImpl$1
Event: 894.650 Loading class sun/rmi/transport/DGCImpl$1 done
Event: 894.650 Loading class sun/rmi/transport/SequenceEntry
Event: 894.650 Loading class sun/rmi/transport/SequenceEntry done
Event: 923.042 Loading class java/util/Collections$UnmodifiableSortedMap
Event: 923.043 Loading class java/util/Collections$UnmodifiableSortedMap done
Event: 923.048 Loading class java/util/zip/Deflater
Event: 923.048 Loading class java/util/zip/Deflater done
Event: 923.049 Loading class java/util/zip/Deflater$DeflaterZStreamRef
Event: 923.049 Loading class java/util/zip/Deflater$DeflaterZStreamRef done
Event: 923.132 Loading class java/nio/StringCharBuffer
Event: 923.133 Loading class java/nio/StringCharBuffer done
Event: 928.841 Loading class sun/rmi/transport/DGCClient$EndpointEntry$CleanRequest
Event: 928.842 Loading class sun/rmi/transport/DGCClient$EndpointEntry$CleanRequest done

Classes unloaded (0 events):
No events

Classes redefined (0 events):
No events

Internal exceptions (20 events):
Event: 922.975 Thread 0x000001558ea030f0 Exception <a 'sun/nio/fs/WindowsException'{0x000000062c724110}> (0x000000062c724110) 
thrown [s\src\hotspot\share\prims\jni.cpp, line 520]
Event: 922.976 Thread 0x000001558ea030f0 Exception <a 'sun/nio/fs/WindowsException'{0x000000062c7262d0}> (0x000000062c7262d0) 
thrown [s\src\hotspot\share\prims\jni.cpp, line 520]
Event: 922.977 Thread 0x000001558ea030f0 Exception <a 'sun/nio/fs/WindowsException'{0x000000062c728168}> (0x000000062c728168) 
thrown [s\src\hotspot\share\prims\jni.cpp, line 520]
Event: 932.221 Thread 0x0000015564383a30 Exception <a 'sun/nio/fs/WindowsException'{0x00000006206668f8}> (0x00000006206668f8) 
thrown [s\src\hotspot\share\prims\jni.cpp, line 520]
Event: 934.754 Thread 0x0000015561ff73d0 Exception <a 'sun/nio/fs/WindowsException'{0x000000061977ea60}> (0x000000061977ea60) 
thrown [s\src\hotspot\share\prims\jni.cpp, line 520]
Event: 936.065 Thread 0x0000015564383a30 Exception <a 'sun/nio/fs/WindowsException'{0x00000007ffc3ff48}> (0x00000007ffc3ff48) 
thrown [s\src\hotspot\share\prims\jni.cpp, line 520]
Event: 936.066 Thread 0x0000015564383a30 Exception <a 'sun/nio/fs/WindowsException'{0x00000007ffc41338}> (0x00000007ffc41338) 
thrown [s\src\hotspot\share\prims\jni.cpp, line 520]
Event: 936.067 Thread 0x0000015564383a30 Exception <a 'sun/nio/fs/WindowsException'{0x00000007ffc42718}> (0x00000007ffc42718) 
thrown [s\src\hotspot\share\prims\jni.cpp, line 520]
Event: 936.067 Thread 0x0000015564383a30 Exception <a 'sun/nio/fs/WindowsException'{0x00000007ffc43ad8}> (0x00000007ffc43ad8) 
thrown [s\src\hotspot\share\prims\jni.cpp, line 520]
Event: 936.332 Thread 0x0000015564383a30 Exception <a 'sun/nio/fs/WindowsException'{0x00000007ffd14098}> (0x00000007ffd14098) 
thrown [s\src\hotspot\share\prims\jni.cpp, line 520]
Event: 936.333 Thread 0x0000015564383a30 Exception <a 'sun/nio/fs/WindowsException'{0x00000007ffd15c98}> (0x00000007ffd15c98) 
thrown [s\src\hotspot\share\prims\jni.cpp, line 520]
Event: 936.333 Thread 0x0000015564383a30 Exception <a 'sun/nio/fs/WindowsException'{0x00000007ffd17888}> (0x00000007ffd17888) 
thrown [s\src\hotspot\share\prims\jni.cpp, line 520]
Event: 936.334 Thread 0x0000015564383a30 Exception <a 'sun/nio/fs/WindowsException'{0x00000007ffd19458}> (0x00000007ffd19458) 
thrown [s\src\hotspot\share\prims\jni.cpp, line 520]
Event: 937.260 Thread 0x0000015590722a50 Exception <a 'sun/nio/fs/WindowsException'{0x000000062c5e5af0}> (0x000000062c5e5af0) 
thrown [s\src\hotspot\share\prims\jni.cpp, line 520]
Event: 937.260 Thread 0x0000015590722a50 Exception <a 'sun/nio/fs/WindowsException'{0x000000062c5e78c0}> (0x000000062c5e78c0) 
thrown [s\src\hotspot\share\prims\jni.cpp, line 520]
Event: 937.261 Thread 0x0000015590722a50 Exception <a 'sun/nio/fs/WindowsException'{0x000000062c5e9848}> (0x000000062c5e9848) 
thrown [s\src\hotspot\share\prims\jni.cpp, line 520]
Event: 937.261 Thread 0x0000015590722a50 Exception <a 'sun/nio/fs/WindowsException'{0x000000062c5eb280}> (0x000000062c5eb280) 
thrown [s\src\hotspot\share\prims\jni.cpp, line 520]
Event: 937.264 Thread 0x00000155907202f0 Exception <a 'sun/nio/fs/WindowsException'{0x000000062c600240}> (0x000000062c600240) 
thrown [s\src\hotspot\share\prims\jni.cpp, line 520]
Event: 937.264 Thread 0x00000155907202f0 Exception <a 'sun/nio/fs/WindowsException'{0x000000062c602018}> (0x000000062c602018) 
thrown [s\src\hotspot\share\prims\jni.cpp, line 520]
Event: 937.264 Thread 0x00000155907202f0 Exception <a 'sun/nio/fs/WindowsException'{0x000000062c603cb8}> (0x000000062c603cb8) 
thrown [s\src\hotspot\share\prims\jni.cpp, line 520]

ZGC Phase Switch (0 events):
No events

VM Operations (20 events):
Event: 928.097 Executing safepoint VM operation: Cleanup done
Event: 928.702 Executing safepoint VM operation: G1CollectForAllocation (G1 Evacuation Pause)
Event: 928.839 Executing safepoint VM operation: G1CollectForAllocation (G1 Evacuation Pause) done
Event: 930.839 Executing safepoint VM operation: Cleanup
Event: 930.839 Executing safepoint VM operation: Cleanup done
Event: 931.839 Executing safepoint VM operation: Cleanup
Event: 931.839 Executing safepoint VM operation: Cleanup done
Event: 933.843 Executing safepoint VM operation: Cleanup
Event: 933.849 Executing safepoint VM operation: Cleanup done
Event: 934.849 Executing safepoint VM operation: Cleanup
Event: 934.852 Executing safepoint VM operation: Cleanup done
Event: 935.243 Executing safepoint VM operation: G1CollectForAllocation (G1 Evacuation Pause)
Event: 935.975 Executing safepoint VM operation: G1CollectForAllocation (G1 Evacuation Pause) done
Event: 936.590 Executing safepoint VM operation: G1CollectForAllocation (G1 Evacuation Pause)
Event: 936.638 Executing safepoint VM operation: G1CollectForAllocation (G1 Evacuation Pause) done
Event: 937.570 Executing safepoint VM operation: G1CollectForAllocation (G1 Evacuation Pause)
Event: 937.604 Executing safepoint VM operation: G1CollectForAllocation (G1 Evacuation Pause) done
Event: 938.606 Executing safepoint VM operation: Cleanup
Event: 938.607 Executing safepoint VM operation: Cleanup done
Event: 938.800 Executing safepoint VM operation: G1CollectForAllocation (G1 Evacuation Pause)

Memory protections (0 events):
No events

Nmethod flushes (20 events):
Event: 887.266 Thread 0x000001557aa90230 flushing  nmethod 0x00000155025b7790
Event: 887.266 Thread 0x000001557aa90230 flushing  nmethod 0x00000155025b8910
Event: 887.266 Thread 0x000001557aa90230 flushing  nmethod 0x00000155025b9010
Event: 887.266 Thread 0x000001557aa90230 flushing  nmethod 0x00000155025b9710
Event: 887.266 Thread 0x000001557aa90230 flushing  nmethod 0x00000155025bbb10
Event: 887.266 Thread 0x000001557aa90230 flushing  nmethod 0x00000155025c1a90
Event: 887.266 Thread 0x000001557aa90230 flushing  nmethod 0x0000015502d8cf90
Event: 887.266 Thread 0x000001557aa90230 flushing  nmethod 0x0000015502dd2b10
Event: 887.266 Thread 0x000001557aa90230 flushing  nmethod 0x0000015502e63590
Event: 887.267 Thread 0x000001557aa90230 flushing  nmethod 0x00000155033c0110
Event: 887.267 Thread 0x000001557aa90230 flushing  nmethod 0x00000155033c0b10
Event: 887.267 Thread 0x000001557aa90230 flushing  nmethod 0x00000155033c0f10
Event: 887.267 Thread 0x000001557aa90230 flushing  nmethod 0x00000155033c2110
Event: 887.267 Thread 0x000001557aa90230 flushing  nmethod 0x00000155033c3410
Event: 887.267 Thread 0x000001557aa90230 flushing  nmethod 0x00000155033c9e10
Event: 887.267 Thread 0x000001557aa90230 flushing  nmethod 0x00000155033f0010
Event: 887.268 Thread 0x000001557aa90230 flushing  nmethod 0x00000155033f5090
Event: 887.268 Thread 0x000001557aa90230 flushing  nmethod 0x000001550344c610
Event: 887.268 Thread 0x000001557aa90230 flushing  nmethod 0x00000155034c1f10
Event: 887.268 Thread 0x000001557aa90230 flushing  nmethod 0x00000155034c5690

Events (20 events):
Event: 937.225 Thread 0x00000155907202f0 Thread added: 0x0000015564cc4440
Event: 937.247 Thread 0x00000155907202f0 Thread added: 0x0000015564cbe860
Event: 937.248 Thread 0x00000155907202f0 Thread added: 0x0000015564cbeef0
Event: 937.533 Thread 0x0000015564383a30 Thread added: 0x0000015564cc1ce0
Event: 937.534 Thread 0x0000015564383a30 Thread added: 0x0000015564cbd4b0
Event: 937.534 Thread 0x0000015564383a30 Thread added: 0x0000015564cc0930
Event: 937.535 Thread 0x0000015564383a30 Thread added: 0x0000015564cc02a0
Event: 937.535 Thread 0x0000015564383a30 Thread added: 0x0000015564cbfc10
Event: 937.535 Thread 0x0000015564383a30 Thread added: 0x0000015564cc2a00
Event: 937.535 Thread 0x0000015564383a30 Thread added: 0x0000015564cc1650
Event: 937.635 Thread 0x0000015564383a30 Thread added: 0x0000015564cc0fc0
Event: 937.635 Thread 0x0000015564383a30 Thread added: 0x0000015564cc3090
Event: 937.636 Thread 0x0000015564383a30 Thread added: 0x0000015564cc3720
Event: 937.637 Thread 0x0000015564383a30 Thread added: 0x000001558ef8f9a0
Event: 937.638 Thread 0x0000015564383a30 Thread added: 0x000001558ef90030
Event: 937.639 Thread 0x0000015564383a30 Thread added: 0x000001558ef890a0
Event: 937.639 Thread 0x0000015564383a30 Thread added: 0x000001558ef89730
Event: 938.043 Thread 0x0000015584568720 Thread exited: 0x0000015584568720
Event: 938.312 Thread 0x0000015564383a30 Thread added: 0x000001558ef906c0
Event: 938.676 Thread 0x000001557aacd130 Thread added: 0x000001558e79a570


Dynamic libraries:
0x00007ff6c1d50000 - 0x00007ff6c1d5e000 	C:\Users\admin\.vscode\extensions\redhat.java-1.54.0-win32-x64\jre\21.0.10-win32-x86_64\bin\java.exe
0x00007ffb300f0000 - 0x00007ffb302e8000 	C:\WINDOWS\SYSTEM32\ntdll.dll
0x00007ffb2f1e0000 - 0x00007ffb2f2a2000 	C:\WINDOWS\System32\KERNEL32.DLL
0x00007ffb2d8d0000 - 0x00007ffb2dbc6000 	C:\WINDOWS\System32\KERNELBASE.dll
0x00007ffb2de00000 - 0x00007ffb2df00000 	C:\WINDOWS\System32\ucrtbase.dll
0x00007ffaf9a70000 - 0x00007ffaf9a8e000 	C:\Users\admin\.vscode\extensions\redhat.java-1.54.0-win32-x64\jre\21.0.10-win32-x86_64\bin\VCRUNTIME140.dll
0x00007ffb053f0000 - 0x00007ffb05408000 	C:\Users\admin\.vscode\extensions\redhat.java-1.54.0-win32-x64\jre\21.0.10-win32-x86_64\bin\jli.dll
0x00007ffb2e4d0000 - 0x00007ffb2e671000 	C:\WINDOWS\System32\USER32.dll
0x00007ffb19c70000 - 0x00007ffb19f0b000 	C:\WINDOWS\WinSxS\amd64_microsoft.windows.common-controls_6595b64144ccf1df_6.0.19041.6456_none_60b8a6cb71f64256\COMCTL32.dll
0x00007ffb2d8a0000 - 0x00007ffb2d8c2000 	C:\WINDOWS\System32\win32u.dll
0x00007ffb30010000 - 0x00007ffb300ae000 	C:\WINDOWS\System32\msvcrt.dll
0x00007ffb2ff10000 - 0x00007ffb2ff3b000 	C:\WINDOWS\System32\GDI32.dll
0x00007ffb2dbd0000 - 0x00007ffb2dce9000 	C:\WINDOWS\System32\gdi32full.dll
0x00007ffb2d780000 - 0x00007ffb2d81d000 	C:\WINDOWS\System32\msvcp_win.dll
0x00007ffb2fa20000 - 0x00007ffb2fa4f000 	C:\WINDOWS\System32\IMM32.DLL
0x00007ffb053e0000 - 0x00007ffb053ec000 	C:\Users\admin\.vscode\extensions\redhat.java-1.54.0-win32-x64\jre\21.0.10-win32-x86_64\bin\vcruntime140_1.dll
0x00007ffaf99e0000 - 0x00007ffaf9a6d000 	C:\Users\admin\.vscode\extensions\redhat.java-1.54.0-win32-x64\jre\21.0.10-win32-x86_64\bin\msvcp140.dll
0x00007ffa8e290000 - 0x00007ffa8f031000 	C:\Users\admin\.vscode\extensions\redhat.java-1.54.0-win32-x64\jre\21.0.10-win32-x86_64\bin\server\jvm.dll
0x00007ffb2f120000 - 0x00007ffb2f1d1000 	C:\WINDOWS\System32\ADVAPI32.dll
0x00007ffb2f080000 - 0x00007ffb2f11f000 	C:\WINDOWS\System32\sechost.dll
0x00007ffb2e830000 - 0x00007ffb2e950000 	C:\WINDOWS\System32\RPCRT4.dll
0x00007ffb2dd40000 - 0x00007ffb2dd67000 	C:\WINDOWS\System32\bcrypt.dll
0x00007ffb2fb30000 - 0x00007ffb2fb9b000 	C:\WINDOWS\System32\WS2_32.dll
0x00007ffb2d5e0000 - 0x00007ffb2d62b000 	C:\WINDOWS\SYSTEM32\POWRPROF.dll
0x00007ffb19fd0000 - 0x00007ffb19ff7000 	C:\WINDOWS\SYSTEM32\WINMM.dll
0x00007ffb26900000 - 0x00007ffb2690a000 	C:\WINDOWS\SYSTEM32\VERSION.dll
0x00007ffb2d5c0000 - 0x00007ffb2d5d2000 	C:\WINDOWS\SYSTEM32\UMPDC.dll
0x00007ffb2bf90000 - 0x00007ffb2bfa2000 	C:\WINDOWS\SYSTEM32\kernel.appcore.dll
0x00007ffb04640000 - 0x00007ffb0464a000 	C:\Users\admin\.vscode\extensions\redhat.java-1.54.0-win32-x64\jre\21.0.10-win32-x86_64\bin\jimage.dll
0x00007ffb2b380000 - 0x00007ffb2b581000 	C:\WINDOWS\SYSTEM32\DBGHELP.DLL
0x00007ffb0be80000 - 0x00007ffb0beb4000 	C:\WINDOWS\SYSTEM32\dbgcore.DLL
0x00007ffb2dd70000 - 0x00007ffb2ddf2000 	C:\WINDOWS\System32\bcryptPrimitives.dll
0x00007ffb00f30000 - 0x00007ffb00f3f000 	C:\Users\admin\.vscode\extensions\redhat.java-1.54.0-win32-x64\jre\21.0.10-win32-x86_64\bin\instrument.dll
0x00007ffaf99c0000 - 0x00007ffaf99e0000 	C:\Users\admin\.vscode\extensions\redhat.java-1.54.0-win32-x64\jre\21.0.10-win32-x86_64\bin\java.dll
0x00007ffb2f2b0000 - 0x00007ffb2fa20000 	C:\WINDOWS\System32\SHELL32.dll
0x00007ffb2b7d0000 - 0x00007ffb2bf75000 	C:\WINDOWS\SYSTEM32\windows.storage.dll
0x00007ffb2e170000 - 0x00007ffb2e4c4000 	C:\WINDOWS\System32\combase.dll
0x00007ffb2d0d0000 - 0x00007ffb2d0fb000 	C:\WINDOWS\SYSTEM32\Wldp.dll
0x00007ffb2ff40000 - 0x00007ffb3000d000 	C:\WINDOWS\System32\OLEAUT32.dll
0x00007ffb2efc0000 - 0x00007ffb2f06d000 	C:\WINDOWS\System32\SHCORE.dll
0x00007ffb2ee70000 - 0x00007ffb2eecb000 	C:\WINDOWS\System32\shlwapi.dll
0x00007ffb2d6b0000 - 0x00007ffb2d6d4000 	C:\WINDOWS\SYSTEM32\profapi.dll
0x00007ffaf99a0000 - 0x00007ffaf99b8000 	C:\Users\admin\.vscode\extensions\redhat.java-1.54.0-win32-x64\jre\21.0.10-win32-x86_64\bin\zip.dll
0x00007ffb03870000 - 0x00007ffb03880000 	C:\Users\admin\.vscode\extensions\redhat.java-1.54.0-win32-x64\jre\21.0.10-win32-x86_64\bin\net.dll
0x00007ffb25870000 - 0x00007ffb2597a000 	C:\WINDOWS\SYSTEM32\WINHTTP.dll
0x00007ffb2ce30000 - 0x00007ffb2ce9a000 	C:\WINDOWS\system32\mswsock.dll
0x00007ffaf8c90000 - 0x00007ffaf8ca6000 	C:\Users\admin\.vscode\extensions\redhat.java-1.54.0-win32-x64\jre\21.0.10-win32-x86_64\bin\nio.dll
0x00007ffafdd10000 - 0x00007ffafdd20000 	C:\Users\admin\.vscode\extensions\redhat.java-1.54.0-win32-x64\jre\21.0.10-win32-x86_64\bin\verify.dll
0x00007ffad5e30000 - 0x00007ffad5e57000 	C:\Users\admin\.gradle\native\1def1411415f61bf3af743bc5b6707747c0891f09f0c88961ee8f79bc544acac\windows-amd64\native-platform.dll
0x00007ffad57e0000 - 0x00007ffad5858000 	C:\Users\admin\.gradle\native\0.2.7\x86_64-windows-gnu\gradle-fileevents.dll
0x00007ffb05830000 - 0x00007ffb0583a000 	C:\Users\admin\.vscode\extensions\redhat.java-1.54.0-win32-x64\jre\21.0.10-win32-x86_64\bin\management.dll
0x00007ffb05270000 - 0x00007ffb0527c000 	C:\Users\admin\.vscode\extensions\redhat.java-1.54.0-win32-x64\jre\21.0.10-win32-x86_64\bin\management_ext.dll
0x00007ffb2f070000 - 0x00007ffb2f078000 	C:\WINDOWS\System32\PSAPI.DLL
0x00007ffb2cb10000 - 0x00007ffb2cb4b000 	C:\WINDOWS\SYSTEM32\IPHLPAPI.DLL
0x00007ffb2fcc0000 - 0x00007ffb2fcc8000 	C:\WINDOWS\System32\NSI.dll
0x00007ffb09d60000 - 0x00007ffb09d69000 	C:\Users\admin\.vscode\extensions\redhat.java-1.54.0-win32-x64\jre\21.0.10-win32-x86_64\bin\extnet.dll
0x00007ffb2d020000 - 0x00007ffb2d038000 	C:\WINDOWS\SYSTEM32\CRYPTSP.dll
0x00007ffb2c750000 - 0x00007ffb2c788000 	C:\WINDOWS\system32\rsaenh.dll
0x00007ffb2d670000 - 0x00007ffb2d69e000 	C:\WINDOWS\SYSTEM32\USERENV.dll
0x00007ffb2d040000 - 0x00007ffb2d04c000 	C:\WINDOWS\SYSTEM32\CRYPTBASE.dll
0x00007ffb09da0000 - 0x00007ffb09dae000 	C:\Users\admin\.vscode\extensions\redhat.java-1.54.0-win32-x64\jre\21.0.10-win32-x86_64\bin\sunmscapi.dll
0x00007ffb2df00000 - 0x00007ffb2e05d000 	C:\WINDOWS\System32\CRYPT32.dll
0x00007ffb2d140000 - 0x00007ffb2d167000 	C:\WINDOWS\SYSTEM32\ncrypt.dll
0x00007ffb2d100000 - 0x00007ffb2d13b000 	C:\WINDOWS\SYSTEM32\NTASN1.dll
0x00007ffb09d90000 - 0x00007ffb09d97000 	C:\WINDOWS\system32\wshunix.dll
0x00007ffb27d00000 - 0x00007ffb27d17000 	C:\WINDOWS\system32\napinsp.dll
0x00007ffb0e250000 - 0x00007ffb0e26b000 	C:\WINDOWS\system32\pnrpnsp.dll
0x00007ffb28080000 - 0x00007ffb2809d000 	C:\WINDOWS\system32\wshbth.dll
0x00007ffb28b30000 - 0x00007ffb28b4d000 	C:\WINDOWS\system32\NLAapi.dll
0x00007ffb2cb50000 - 0x00007ffb2cc1a000 	C:\WINDOWS\SYSTEM32\DNSAPI.dll
0x00007ffb0e050000 - 0x00007ffb0e062000 	C:\WINDOWS\System32\winrnr.dll
0x00007ffb1c170000 - 0x00007ffb1c17a000 	C:\Windows\System32\rasadhlp.dll
0x00007ffb1c1a0000 - 0x00007ffb1c220000 	C:\WINDOWS\System32\fwpuclnt.dll
0x00007ffb16b40000 - 0x00007ffb16b47000 	C:\Users\admin\.vscode\extensions\redhat.java-1.54.0-win32-x64\jre\21.0.10-win32-x86_64\bin\rmi.dll

JVMTI agents:
C:\Users\admin\.gradle\wrapper\dists\gradle-8.14-all\c2qonpi39x1mddn7hk5gh9iqj\gradle-8.14\lib\agents\gradle-instrumentation-agent-8.14.jar path:C:\Users\admin\.vscode\extensions\redhat.java-1.54.0-win32-x64\jre\21.0.10-win32-x86_64\bin\instrument.dll, loaded, initialized, instrumentlib options:none

dbghelp: loaded successfully - version: 4.0.5 - missing functions: none
symbol engine: initialized successfully - sym options: 0x614 - pdb path: .;C:\Users\admin\.vscode\extensions\redhat.java-1.54.0-win32-x64\jre\21.0.10-win32-x86_64\bin;C:\WINDOWS\SYSTEM32;C:\WINDOWS\WinSxS\amd64_microsoft.windows.common-controls_6595b64144ccf1df_6.0.19041.6456_none_60b8a6cb71f64256;C:\Users\admin\.vscode\extensions\redhat.java-1.54.0-win32-x64\jre\21.0.10-win32-x86_64\bin\server;C:\Users\admin\.gradle\native\1def1411415f61bf3af743bc5b6707747c0891f09f0c88961ee8f79bc544acac\windows-amd64;C:\Users\admin\.gradle\native\0.2.7\x86_64-windows-gnu

VM Arguments:
jvm_args: --add-opens=java.base/java.lang=ALL-UNNAMED --add-opens=java.base/java.lang.invoke=ALL-UNNAMED --add-opens=java.base/java.util=ALL-UNNAMED --add-opens=java.prefs/java.util.prefs=ALL-UNNAMED --add-exports=jdk.compiler/com.sun.tools.javac.api=ALL-UNNAMED --add-exports=jdk.compiler/com.sun.tools.javac.util=ALL-UNNAMED --add-opens=java.base/java.util=ALL-UNNAMED --add-opens=java.prefs/java.util.prefs=ALL-UNNAMED --add-opens=java.base/java.nio.charset=ALL-UNNAMED --add-opens=java.base/java.net=ALL-UNNAMED --add-opens=java.base/java.util.concurrent.atomic=ALL-UNNAMED --add-opens=java.xml/javax.xml.namespace=ALL-UNNAMED -XX:MaxMetaspaceSize=4G -XX:ReservedCodeCacheSize=512m -XX:+HeapDumpOnOutOfMemoryError -Xmx8G -Dfile.encoding=UTF-8 -Duser.country=IN -Duser.language=en -Duser.variant -javaagent:C:\Users\admin\.gradle\wrapper\dists\gradle-8.14-all\c2qonpi39x1mddn7hk5gh9iqj\gradle-8.14\lib\agents\gradle-instrumentation-agent-8.14.jar 
java_command: org.gradle.launcher.daemon.bootstrap.GradleDaemon 8.14
java_class_path (initial): C:\Users\admin\.gradle\wrapper\dists\gradle-8.14-all\c2qonpi39x1mddn7hk5gh9iqj\gradle-8.14\lib\gradle-daemon-main-8.14.jar
Launcher Type: SUN_STANDARD

[Global flags]
     intx CICompilerCount                          = 4                                         {product} {ergonomic}
     uint ConcGCThreads                            = 2                                         {product} {ergonomic}
     uint G1ConcRefinementThreads                  = 8                                         {product} {ergonomic}
   size_t G1HeapRegionSize                         = 4194304                                   {product} {ergonomic}
    uintx GCDrainStackTargetSize                   = 64                                        {product} {ergonomic}
     bool HeapDumpOnOutOfMemoryError               = true                                   {manageable} {command line}
   size_t InitialHeapSize                          = 130023424                                 {product} {ergonomic}
   size_t MarkStackSize                            = 4194304                                   {product} {ergonomic}
   size_t MaxHeapSize                              = 8589934592                                {product} {command line}
   size_t MaxMetaspaceSize                         = 4294967296                                {product} {command line}
   size_t MaxNewSize                               = 5150605312                                {product} {ergonomic}
   size_t MinHeapDeltaBytes                        = 4194304                                   {product} {ergonomic}
   size_t MinHeapSize                              = 8388608                                   {product} {ergonomic}
    uintx NonNMethodCodeHeapSize                   = 5839372                                {pd product} {ergonomic}
    uintx NonProfiledCodeHeapSize                  = 265515770                              {pd product} {ergonomic}
    uintx ProfiledCodeHeapSize                     = 265515770                              {pd product} {ergonomic}
    uintx ReservedCodeCacheSize                    = 536870912                              {pd product} {command line}
     bool SegmentedCodeCache                       = true                                      {product} {ergonomic}
   size_t SoftMaxHeapSize                          = 8589934592                             {manageable} {ergonomic}
     bool UseCompressedOops                        = true                           {product lp64_product} {ergonomic}
     bool UseG1GC                                  = true                                      {product} {ergonomic}
     bool UseLargePagesIndividualAllocation        = false                                  {pd product} {ergonomic}

Logging:
Log output configuration:
 #0: stdout all=warning uptime,level,tags foldmultilines=false
 #1: stderr all=off uptime,level,tags foldmultilines=false

Release file:
JAVA_VERSION="21.0.10" 
MODULES="java.base java.compiler java.datatransfer java.xml java.prefs java.desktop java.instrument java.logging java.management java.security.sasl java.naming java.rmi java.management.rmi java.net.http java.scripting java.security.jgss java.transaction.xa java.sql java.sql.rowset java.xml.crypto java.se java.smartcardio jdk.accessibility jdk.internal.jvmstat jdk.attach jdk.charsets jdk.internal.opt jdk.zipfs jdk.compiler jdk.crypto.ec jdk.crypto.cryptoki jdk.crypto.mscapi jdk.dynalink jdk.internal.ed jdk.editpad jdk.hotspot.agent jdk.httpserver jdk.internal.le jdk.internal.vm.ci jdk.internal.vm.compiler jdk.internal.vm.compiler.management jdk.jartool jdk.javadoc jdk.jcmd jdk.management jdk.management.agent jdk.jconsole jdk.jdeps jdk.jdwp.agent jdk.jdi jdk.jfr jdk.jshell jdk.jsobject jdk.jstatd jdk.localedata jdk.management.jfr jdk.naming.dns jdk.naming.rmi jdk.net jdk.nio.mapmode jdk.random jdk.sctp jdk.security.auth jdk.security.jgss jdk.unsupported jdk.unsupported.desktop jdk.xml.dom" 

Environment Variables:
JAVA_HOME=C:\Program Files\Eclipse Adoptium\jdk-25.0.2.10-hotspot
PATH=C:\Users\admin\AppData\Local\Programs\Python\Python313\Scripts\;C:\Users\admin\AppData\Local\Programs\Python\Python313\;C:\WINDOWS\system32;C:\WINDOWS;C:\WINDOWS\System32\Wbem;C:\WINDOWS\System32\WindowsPowerShell\v1.0\;C:\WINDOWS\System32\OpenSSH\;C:\ProgramData\chocolatey\bin;C:\Program Files\Git\cmd;C:\src\flutter\bin;C:\Android\cmdline-tools\latest\bin;C:\Android\platform-tools;C:\Program Files\Eclipse Adoptium\jdk-25.0.2.10-hotspot\bin;C:\Program Files\nodejs\;C:\Program Files\dotnet\;C:\Users\admin\AppData\Local\Programs\Python\Launcher\;C:\Users\admin\AppData\Local\Microsoft\WindowsApps;C:\Users\admin\AppData\Local\Programs\Microsoft VS Code\bin;C:\Users\admin\AppData\Roaming\npm;C:\Program Files\Antigravity\bin;C:\Users\admin\.dotnet\tools
USERNAME=admin
OS=Windows_NT
PROCESSOR_IDENTIFIER=Intel64 Family 6 Model 126 Stepping 5, GenuineIntel
TMP=C:\Users\admin\AppData\Local\Temp
TEMP=C:\Users\admin\AppData\Local\Temp




Periodic native trim disabled

---------------  S Y S T E M  ---------------

OS:
 Windows 10 , 64 bit Build 19041 (10.0.19041.5915)
OS uptime: 19 days 2:36 hours

CPU: total 8 (initial active 8) (4 cores per cpu, 2 threads per core) family 6 model 126 stepping 5 microcode 0xa0, cx8, cmov, fxsr, ht, mmx, 3dnowpref, sse, sse2, sse3, ssse3, sse4.1, sse4.2, popcnt, lzcnt, tsc, tscinvbit, avx, avx2, aes, erms, clmul, bmi1, bmi2, adx, avx512f, avx512dq, avx512cd, avx512bw, avx512vl, sha, fma, vzeroupper, avx512_vpopcntdq, avx512_vpclmulqdq, avx512_vaes, avx512_vnni, clflush, clflushopt, avx512_vbmi2, avx512_vbmi, rdtscp, rdpid, fsrm, gfni, avx512_bitalg, f16c, pku, avx512_ifma
Processor Information for the first 8 processors :
  Max Mhz: 1190, Current Mhz: 991, Mhz Limit: 987

Memory: 4k page, system-wide physical 7934M (532M free)
TotalPageFile size 16126M (AvailPageFile size 137M)
current process WorkingSet (physical memory assigned to process): 652M, peak: 1021M
current process commit charge ("private bytes"): 1349M, peak: 1853M

vm_info: OpenJDK 64-Bit Server VM (21.0.10+7-LTS) for windows-amd64 JRE (21.0.10+7-LTS), built on 2026-01-20T00:00:00Z by "admin" with MS VC++ 17.12 (VS2022)

END.
