#
# There is insufficient memory for the Java Runtime Environment to continue.
# Native memory allocation (malloc) failed to allocate 483312 bytes. Error detail: Chunk::new
# Possible reasons:
#   The system is out of physical RAM or swap space
#   This process is running with CompressedOops enabled, and the Java Heap may be blocking the growth of the native heap
# Possible solutions:
#   Reduce memory load on the system
#   Increase physical memory or swap space
#   Check if swap backing store is full
#   Decrease Java heap size (-Xmx/-Xms)
#   Decrease number of Java threads
#   Decrease Java thread stack sizes (-Xss)
#   Set larger code cache with -XX:ReservedCodeCacheSize=
#   JVM is running with Unscaled Compressed Oops mode in which the Java heap is
#     placed in the first 4GB address space. The Java Heap base address is the
#     maximum limit for the native heap growth. Please use -XX:HeapBaseMinAddress
#     to set the Java Heap base and to place the Java Heap above 4GB virtual address.
# This output file may be truncated or incomplete.
#
#  Out of Memory Error (arena.cpp:168), pid=9468, tid=9592
#
# JRE version: OpenJDK Runtime Environment Temurin-21.0.10+7 (21.0.10+7) (build 21.0.10+7-LTS)
# Java VM: OpenJDK 64-Bit Server VM Temurin-21.0.10+7 (21.0.10+7-LTS, mixed mode, sharing, tiered, compressed oops, compressed class ptrs, g1 gc, windows-amd64)
# No core dump will be written. Minidumps are not enabled by default on client versions of Windows
#

---------------  S U M M A R Y ------------

Command Line: org.jetbrains.kotlin.cli.jvm.K2JVMCompiler @C:\Users\admin\flutter\packages\flutter_tools\gradle\build\20260525_6625980990484481449.compiler.options

Host: Intel(R) Core(TM) i5-1035G1 CPU @ 1.00GHz, 8 cores, 7G,  Windows 10 , 64 bit Build 19041 (10.0.19041.5915)
Time: Mon May 25 18:10:33 2026 India Standard Time elapsed time: 20.159310 seconds (0d 0h 0m 20s)

---------------  T H R E A D  ---------------

Current thread (0x0000026ffe2e4630):  JavaThread "C2 CompilerThread1" daemon [_thread_in_native, id=9592, stack(0x000000e91aa00000,0x000000e91ab00000) (1024K)]


Current CompileTask:
C2:20159 13623       4       org.jetbrains.kotlin.resolve.calls.util.CallUtilKt::getCall (227 bytes)

Stack: [0x000000e91aa00000,0x000000e91ab00000]
Native frames: (J=compiled Java code, j=interpreted, Vv=VM code, C=native code)
V  [jvm.dll+0x6d7a39]
V  [jvm.dll+0x8b4b26]
V  [jvm.dll+0x8b70de]
V  [jvm.dll+0x8b77c3]
V  [jvm.dll+0x284346]
V  [jvm.dll+0xc66ed]
V  [jvm.dll+0xc6c31]
V  [jvm.dll+0x3bec3b]
V  [jvm.dll+0x38b162]
V  [jvm.dll+0x38a5aa]
V  [jvm.dll+0x24c560]
V  [jvm.dll+0x24bb40]
V  [jvm.dll+0x1cb34e]
V  [jvm.dll+0x25b85d]
V  [jvm.dll+0x259dea]
V  [jvm.dll+0x3f857e]
V  [jvm.dll+0x85f59d]
V  [jvm.dll+0x6d626d]
C  [ucrtbase.dll+0x21bb2]
C  [KERNEL32.DLL+0x17374]
C  [ntdll.dll+0x4cc91]


---------------  P R O C E S S  ---------------

Threads class SMR info:
_java_thread_list=0x0000026ffe79a860, length=12, elements={
0x0000026fa2520b20, 0x0000026fbbe93db0, 0x0000026fbbe98c90, 0x0000026fbbe9ab00,
0x0000026fbbe9c9a0, 0x0000026fbbea5460, 0x0000026fbbea88e0, 0x0000026fbbeae9f0,
0x0000026ffd020090, 0x0000026fbbea7530, 0x0000026fbbea8250, 0x0000026ffe2e4630
}

Java Threads: ( => current thread )
  0x0000026fa2520b20 JavaThread "main"                              [_thread_in_Java, id=18532, stack(0x000000e919100000,0x000000e919200000) (1024K)]
  0x0000026fbbe93db0 JavaThread "Reference Handler"          daemon [_thread_blocked, id=2228, stack(0x000000e919900000,0x000000e919a00000) (1024K)]
  0x0000026fbbe98c90 JavaThread "Finalizer"                  daemon [_thread_blocked, id=11380, stack(0x000000e919a00000,0x000000e919b00000) (1024K)]
  0x0000026fbbe9ab00 JavaThread "Signal Dispatcher"          daemon [_thread_blocked, id=12452, stack(0x000000e919b00000,0x000000e919c00000) (1024K)]
  0x0000026fbbe9c9a0 JavaThread "Attach Listener"            daemon [_thread_blocked, id=6224, stack(0x000000e919c00000,0x000000e919d00000) (1024K)]
  0x0000026fbbea5460 JavaThread "Service Thread"             daemon [_thread_blocked, id=5108, stack(0x000000e919d00000,0x000000e919e00000) (1024K)]
  0x0000026fbbea88e0 JavaThread "Monitor Deflation Thread"   daemon [_thread_blocked, id=10692, stack(0x000000e919e00000,0x000000e919f00000) (1024K)]
  0x0000026fbbeae9f0 JavaThread "C2 CompilerThread0"         daemon [_thread_in_native, id=7852, stack(0x000000e919f00000,0x000000e91a000000) (1024K)]
  0x0000026ffd020090 JavaThread "C1 CompilerThread0"         daemon [_thread_in_native, id=4948, stack(0x000000e91a000000,0x000000e91a100000) (1024K)]
  0x0000026fbbea7530 JavaThread "Notification Thread"        daemon [_thread_blocked, id=17012, stack(0x000000e91a100000,0x000000e91a200000) (1024K)]
  0x0000026fbbea8250 JavaThread "Common-Cleaner"             daemon [_thread_blocked, id=20052, stack(0x000000e91a200000,0x000000e91a300000) (1024K)]
=>0x0000026ffe2e4630 JavaThread "C2 CompilerThread1"         daemon [_thread_in_native, id=9592, stack(0x000000e91aa00000,0x000000e91ab00000) (1024K)]
Total: 12

Other Threads:
  0x0000026fbbe75d50 VMThread "VM Thread"                           [id=15516, stack(0x000000e919800000,0x000000e919900000) (1024K)]
  0x0000026fbbe66cd0 WatcherThread "VM Periodic Task Thread"        [id=19240, stack(0x000000e919700000,0x000000e919800000) (1024K)]
  0x0000026fa48a3db0 WorkerThread "GC Thread#0"                     [id=11532, stack(0x000000e919200000,0x000000e919300000) (1024K)]
  0x0000026ffd80e510 WorkerThread "GC Thread#1"                     [id=20080, stack(0x000000e91a400000,0x000000e91a500000) (1024K)]
  0x0000026ffd7ddfe0 WorkerThread "GC Thread#2"                     [id=13852, stack(0x000000e91a500000,0x000000e91a600000) (1024K)]
  0x0000026ffd7f19e0 WorkerThread "GC Thread#3"                     [id=5940, stack(0x000000e91a600000,0x000000e91a700000) (1024K)]
  0x0000026ffd7f1d90 WorkerThread "GC Thread#4"                     [id=19596, stack(0x000000e91a700000,0x000000e91a800000) (1024K)]
  0x0000026ffd844d80 WorkerThread "GC Thread#5"                     [id=18808, stack(0x000000e91a800000,0x000000e91a900000) (1024K)]
  0x0000026ffdcf5f20 WorkerThread "GC Thread#6"                     [id=3032, stack(0x000000e91a300000,0x000000e91a400000) (1024K)]
  0x0000026ffdcf5060 WorkerThread "GC Thread#7"                     [id=12208, stack(0x000000e91a900000,0x000000e91aa00000) (1024K)]
  0x0000026fa48b4db0 ConcurrentGCThread "G1 Main Marker"            [id=13044, stack(0x000000e919300000,0x000000e919400000) (1024K)]
  0x0000026fa48b58c0 WorkerThread "G1 Conc#0"                       [id=7488, stack(0x000000e919400000,0x000000e919500000) (1024K)]
  0x0000026ffdcf5410 WorkerThread "G1 Conc#1"                       [id=15884, stack(0x000000e91ac00000,0x000000e91ad00000) (1024K)]
  0x0000026fbbd36430 ConcurrentGCThread "G1 Refine#0"               [id=19184, stack(0x000000e919500000,0x000000e919600000) (1024K)]
  0x0000026fbbd36f70 ConcurrentGCThread "G1 Service"                [id=1340, stack(0x000000e919600000,0x000000e919700000) (1024K)]
Total: 15

Threads with active compile tasks:
C2 CompilerThread0  20192 13678       4       org.jetbrains.kotlin.types.TypeSubstitutionKt::replace (89 bytes)
C1 CompilerThread0  20192 13698       3       org.jetbrains.kotlin.ir.util.DeclarationParentsVisitor::visitCall (8 bytes)
C2 CompilerThread1  20192 13623       4       org.jetbrains.kotlin.resolve.calls.util.CallUtilKt::getCall (227 bytes)
Total: 3

VM state: not at safepoint (normal execution)

VM Mutex/Monitor currently owned by a thread: None

Heap address: 0x0000000084000000, size: 1984 MB, Compressed Oops mode: 32-bit

CDS archive(s) mapped at: [0x0000026fbc000000-0x0000026fbcba0000-0x0000026fbcba0000), size 12189696, SharedBaseAddress: 0x0000026fbc000000, ArchiveRelocationMode: 1.
Compressed class space mapped at: 0x0000026fbd000000-0x0000026ffd000000, reserved size: 1073741824
Narrow klass base: 0x0000026fbc000000, Narrow klass shift: 0, Narrow klass range: 0x100000000

GC Precious Log:
 CardTable entry size: 512
 Card Set container configuration: InlinePtr #cards 5 size 8 Array Of Cards #cards 12 size 40 Howl #buckets 4 coarsen threshold 1843 Howl Bitmap #cards 512 size 80 coarsen threshold 460 Card regions per heap region 1 cards per card region 2048
 CPUs: 8 total, 8 available
 Memory: 7934M
 Large Page Support: Disabled
 NUMA Support: Disabled
 Compressed Oops: Enabled (32-bit)
 Heap Region Size: 1M
 Heap Min Capacity: 8M
 Heap Initial Capacity: 124M
 Heap Max Capacity: 1984M
 Pre-touch: Disabled
 Parallel Workers: 8
 Concurrent Workers: 2
 Concurrent Refinement Workers: 8
 Periodic GC: Disabled

Heap:
 garbage-first heap   total 158720K, used 114052K [0x0000000084000000, 0x0000000100000000)
  region size 1024K, 29 young (29696K), 6 survivors (6144K)
 Metaspace       used 65245K, committed 66176K, reserved 1114112K
  class space    used 7338K, committed 7744K, reserved 1048576K

Heap Regions: E=young(eden), S=young(survivor), O=old, HS=humongous(starts), HC=humongous(continues), CS=collection set, F=free, TAMS=top-at-mark-start, PB=parsable bottom
|   0|0x0000000084000000, 0x0000000084100000, 0x0000000084100000|100%|HS|  |TAMS 0x0000000084000000| PB 0x0000000084000000| Complete 
|   1|0x0000000084100000, 0x0000000084200000, 0x0000000084200000|100%|HC|  |TAMS 0x0000000084100000| PB 0x0000000084100000| Complete 
|   2|0x0000000084200000, 0x0000000084300000, 0x0000000084300000|100%|HC|  |TAMS 0x0000000084200000| PB 0x0000000084200000| Complete 
|   3|0x0000000084300000, 0x0000000084400000, 0x0000000084400000|100%| O|  |TAMS 0x0000000084300000| PB 0x0000000084300000| Untracked 
|   4|0x0000000084400000, 0x0000000084500000, 0x0000000084500000|100%| O|  |TAMS 0x0000000084400000| PB 0x0000000084400000| Untracked 
|   5|0x0000000084500000, 0x0000000084600000, 0x0000000084600000|100%| O|  |TAMS 0x0000000084500000| PB 0x0000000084500000| Untracked 
|   6|0x0000000084600000, 0x0000000084700000, 0x0000000084700000|100%|HS|  |TAMS 0x0000000084600000| PB 0x0000000084600000| Complete 
|   7|0x0000000084700000, 0x0000000084800000, 0x0000000084800000|100%|HC|  |TAMS 0x0000000084700000| PB 0x0000000084700000| Complete 
|   8|0x0000000084800000, 0x0000000084900000, 0x0000000084900000|100%|HC|  |TAMS 0x0000000084800000| PB 0x0000000084800000| Complete 
|   9|0x0000000084900000, 0x0000000084a00000, 0x0000000084a00000|100%|HC|  |TAMS 0x0000000084900000| PB 0x0000000084900000| Complete 
|  10|0x0000000084a00000, 0x0000000084b00000, 0x0000000084b00000|100%|HC|  |TAMS 0x0000000084a00000| PB 0x0000000084a00000| Complete 
|  11|0x0000000084b00000, 0x0000000084c00000, 0x0000000084c00000|100%|HC|  |TAMS 0x0000000084b00000| PB 0x0000000084b00000| Complete 
|  12|0x0000000084c00000, 0x0000000084d00000, 0x0000000084d00000|100%|HS|  |TAMS 0x0000000084c00000| PB 0x0000000084c00000| Complete 
|  13|0x0000000084d00000, 0x0000000084e00000, 0x0000000084e00000|100%|HS|  |TAMS 0x0000000084d00000| PB 0x0000000084d00000| Complete 
|  14|0x0000000084e00000, 0x0000000084f00000, 0x0000000084f00000|100%|HS|  |TAMS 0x0000000084e00000| PB 0x0000000084e00000| Complete 
|  15|0x0000000084f00000, 0x0000000085000000, 0x0000000085000000|100%|HC|  |TAMS 0x0000000084f00000| PB 0x0000000084f00000| Complete 
|  16|0x0000000085000000, 0x0000000085100000, 0x0000000085100000|100%|HS|  |TAMS 0x0000000085000000| PB 0x0000000085000000| Complete 
|  17|0x0000000085100000, 0x0000000085200000, 0x0000000085200000|100%| O|  |TAMS 0x0000000085100000| PB 0x0000000085100000| Untracked 
|  18|0x0000000085200000, 0x0000000085300000, 0x0000000085300000|100%| O|  |TAMS 0x0000000085200000| PB 0x0000000085200000| Untracked 
|  19|0x0000000085300000, 0x0000000085400000, 0x0000000085400000|100%| O|  |TAMS 0x0000000085300000| PB 0x0000000085300000| Untracked 
|  20|0x0000000085400000, 0x0000000085500000, 0x0000000085500000|100%| O|  |TAMS 0x0000000085400000| PB 0x0000000085400000| Untracked 
|  21|0x0000000085500000, 0x0000000085600000, 0x0000000085600000|100%| O|  |TAMS 0x0000000085500000| PB 0x0000000085500000| Untracked 
|  22|0x0000000085600000, 0x0000000085700000, 0x0000000085700000|100%| O|  |TAMS 0x0000000085600000| PB 0x0000000085600000| Untracked 
|  23|0x0000000085700000, 0x0000000085800000, 0x0000000085800000|100%| O|  |TAMS 0x0000000085700000| PB 0x0000000085700000| Untracked 
|  24|0x0000000085800000, 0x0000000085900000, 0x0000000085900000|100%| O|  |TAMS 0x0000000085800000| PB 0x0000000085800000| Untracked 
|  25|0x0000000085900000, 0x0000000085a00000, 0x0000000085a00000|100%| O|  |TAMS 0x0000000085900000| PB 0x0000000085900000| Untracked 
|  26|0x0000000085a00000, 0x0000000085b00000, 0x0000000085b00000|100%| O|  |TAMS 0x0000000085a00000| PB 0x0000000085a00000| Untracked 
|  27|0x0000000085b00000, 0x0000000085c00000, 0x0000000085c00000|100%| O|  |TAMS 0x0000000085b00000| PB 0x0000000085b00000| Untracked 
|  28|0x0000000085c00000, 0x0000000085d00000, 0x0000000085d00000|100%| O|  |TAMS 0x0000000085c00000| PB 0x0000000085c00000| Untracked 
|  29|0x0000000085d00000, 0x0000000085e00000, 0x0000000085e00000|100%| O|  |TAMS 0x0000000085d00000| PB 0x0000000085d00000| Untracked 
|  30|0x0000000085e00000, 0x0000000085f00000, 0x0000000085f00000|100%| O|  |TAMS 0x0000000085e00000| PB 0x0000000085e00000| Untracked 
|  31|0x0000000085f00000, 0x0000000086000000, 0x0000000086000000|100%| O|  |TAMS 0x0000000085f00000| PB 0x0000000085f00000| Untracked 
|  32|0x0000000086000000, 0x0000000086100000, 0x0000000086100000|100%| O|  |TAMS 0x0000000086000000| PB 0x0000000086000000| Untracked 
|  33|0x0000000086100000, 0x0000000086200000, 0x0000000086200000|100%| O|  |TAMS 0x0000000086100000| PB 0x0000000086100000| Untracked 
|  34|0x0000000086200000, 0x0000000086300000, 0x0000000086300000|100%| O|  |TAMS 0x0000000086200000| PB 0x0000000086200000| Untracked 
|  35|0x0000000086300000, 0x0000000086400000, 0x0000000086400000|100%| O|  |TAMS 0x0000000086300000| PB 0x0000000086300000| Untracked 
|  36|0x0000000086400000, 0x0000000086500000, 0x0000000086500000|100%| O|  |TAMS 0x0000000086400000| PB 0x0000000086400000| Untracked 
|  37|0x0000000086500000, 0x0000000086600000, 0x0000000086600000|100%| O|  |TAMS 0x0000000086500000| PB 0x0000000086500000| Untracked 
|  38|0x0000000086600000, 0x0000000086700000, 0x0000000086700000|100%| O|  |TAMS 0x0000000086600000| PB 0x0000000086600000| Untracked 
|  39|0x0000000086700000, 0x0000000086800000, 0x0000000086800000|100%| O|  |TAMS 0x0000000086700000| PB 0x0000000086700000| Untracked 
|  40|0x0000000086800000, 0x0000000086900000, 0x0000000086900000|100%| O|  |TAMS 0x0000000086800000| PB 0x0000000086800000| Untracked 
|  41|0x0000000086900000, 0x0000000086a00000, 0x0000000086a00000|100%| O|  |TAMS 0x0000000086900000| PB 0x0000000086900000| Untracked 
|  42|0x0000000086a00000, 0x0000000086b00000, 0x0000000086b00000|100%| O|  |TAMS 0x0000000086a00000| PB 0x0000000086a00000| Untracked 
|  43|0x0000000086b00000, 0x0000000086c00000, 0x0000000086c00000|100%| O|  |TAMS 0x0000000086b00000| PB 0x0000000086b00000| Untracked 
|  44|0x0000000086c00000, 0x0000000086d00000, 0x0000000086d00000|100%| O|  |TAMS 0x0000000086c00000| PB 0x0000000086c00000| Untracked 
|  45|0x0000000086d00000, 0x0000000086e00000, 0x0000000086e00000|100%| O|  |TAMS 0x0000000086d00000| PB 0x0000000086d00000| Untracked 
|  46|0x0000000086e00000, 0x0000000086f00000, 0x0000000086f00000|100%| O|  |TAMS 0x0000000086e00000| PB 0x0000000086e00000| Untracked 
|  47|0x0000000086f00000, 0x0000000087000000, 0x0000000087000000|100%| O|  |TAMS 0x0000000086f00000| PB 0x0000000086f00000| Untracked 
|  48|0x0000000087000000, 0x0000000087100000, 0x0000000087100000|100%| O|  |TAMS 0x0000000087000000| PB 0x0000000087000000| Untracked 
|  49|0x0000000087100000, 0x0000000087200000, 0x0000000087200000|100%| O|  |TAMS 0x0000000087100000| PB 0x0000000087100000| Untracked 
|  50|0x0000000087200000, 0x0000000087300000, 0x0000000087300000|100%| O|  |TAMS 0x0000000087200000| PB 0x0000000087200000| Untracked 
|  51|0x0000000087300000, 0x0000000087400000, 0x0000000087400000|100%| O|  |TAMS 0x0000000087300000| PB 0x0000000087300000| Untracked 
|  52|0x0000000087400000, 0x0000000087500000, 0x0000000087500000|100%| O|Cm|TAMS 0x0000000087400000| PB 0x0000000087400000| Complete 
|  53|0x0000000087500000, 0x0000000087600000, 0x0000000087600000|100%| O|  |TAMS 0x0000000087500000| PB 0x0000000087500000| Untracked 
|  54|0x0000000087600000, 0x0000000087700000, 0x0000000087700000|100%| O|  |TAMS 0x0000000087600000| PB 0x0000000087600000| Untracked 
|  55|0x0000000087700000, 0x0000000087800000, 0x0000000087800000|100%| O|  |TAMS 0x0000000087700000| PB 0x0000000087700000| Untracked 
|  56|0x0000000087800000, 0x0000000087900000, 0x0000000087900000|100%| O|  |TAMS 0x0000000087800000| PB 0x0000000087800000| Untracked 
|  57|0x0000000087900000, 0x0000000087a00000, 0x0000000087a00000|100%| O|  |TAMS 0x0000000087900000| PB 0x0000000087900000| Untracked 
|  58|0x0000000087a00000, 0x0000000087b00000, 0x0000000087b00000|100%| O|  |TAMS 0x0000000087a00000| PB 0x0000000087a00000| Untracked 
|  59|0x0000000087b00000, 0x0000000087c00000, 0x0000000087c00000|100%| O|  |TAMS 0x0000000087b00000| PB 0x0000000087b00000| Untracked 
|  60|0x0000000087c00000, 0x0000000087d00000, 0x0000000087d00000|100%|HS|  |TAMS 0x0000000087c00000| PB 0x0000000087c00000| Complete 
|  61|0x0000000087d00000, 0x0000000087e00000, 0x0000000087e00000|100%|HC|  |TAMS 0x0000000087d00000| PB 0x0000000087d00000| Complete 
|  62|0x0000000087e00000, 0x0000000087f00000, 0x0000000087f00000|100%| O|  |TAMS 0x0000000087e00000| PB 0x0000000087e00000| Untracked 
|  63|0x0000000087f00000, 0x0000000088000000, 0x0000000088000000|100%| O|  |TAMS 0x0000000087f00000| PB 0x0000000087f00000| Untracked 
|  64|0x0000000088000000, 0x0000000088100000, 0x0000000088100000|100%| O|  |TAMS 0x0000000088000000| PB 0x0000000088000000| Untracked 
|  65|0x0000000088100000, 0x0000000088200000, 0x0000000088200000|100%| O|  |TAMS 0x0000000088100000| PB 0x0000000088100000| Untracked 
|  66|0x0000000088200000, 0x0000000088300000, 0x0000000088300000|100%| O|  |TAMS 0x0000000088200000| PB 0x0000000088200000| Untracked 
|  67|0x0000000088300000, 0x0000000088400000, 0x0000000088400000|100%| O|  |TAMS 0x0000000088300000| PB 0x0000000088300000| Untracked 
|  68|0x0000000088400000, 0x0000000088500000, 0x0000000088500000|100%| O|  |TAMS 0x0000000088400000| PB 0x0000000088400000| Untracked 
|  69|0x0000000088500000, 0x0000000088600000, 0x0000000088600000|100%| O|  |TAMS 0x0000000088500000| PB 0x0000000088500000| Untracked 
|  70|0x0000000088600000, 0x0000000088700000, 0x0000000088700000|100%| O|  |TAMS 0x0000000088600000| PB 0x0000000088600000| Untracked 
|  71|0x0000000088700000, 0x0000000088800000, 0x0000000088800000|100%| O|Cm|TAMS 0x0000000088700000| PB 0x0000000088700000| Complete 
|  72|0x0000000088800000, 0x0000000088900000, 0x0000000088900000|100%| O|  |TAMS 0x0000000088800000| PB 0x0000000088800000| Untracked 
|  73|0x0000000088900000, 0x0000000088900000, 0x0000000088a00000|  0%| F|  |TAMS 0x0000000088900000| PB 0x0000000088900000| Untracked 
|  74|0x0000000088a00000, 0x0000000088a00000, 0x0000000088b00000|  0%| F|  |TAMS 0x0000000088a00000| PB 0x0000000088a00000| Untracked 
|  75|0x0000000088b00000, 0x0000000088b00000, 0x0000000088c00000|  0%| F|  |TAMS 0x0000000088b00000| PB 0x0000000088b00000| Untracked 
|  76|0x0000000088c00000, 0x0000000088c00000, 0x0000000088d00000|  0%| F|  |TAMS 0x0000000088c00000| PB 0x0000000088c00000| Untracked 
|  77|0x0000000088d00000, 0x0000000088d00000, 0x0000000088e00000|  0%| F|  |TAMS 0x0000000088d00000| PB 0x0000000088d00000| Untracked 
|  78|0x0000000088e00000, 0x0000000088e00000, 0x0000000088f00000|  0%| F|  |TAMS 0x0000000088e00000| PB 0x0000000088e00000| Untracked 
|  79|0x0000000088f00000, 0x0000000088f00000, 0x0000000089000000|  0%| F|  |TAMS 0x0000000088f00000| PB 0x0000000088f00000| Untracked 
|  80|0x0000000089000000, 0x0000000089000000, 0x0000000089100000|  0%| F|  |TAMS 0x0000000089000000| PB 0x0000000089000000| Untracked 
|  81|0x0000000089100000, 0x0000000089100000, 0x0000000089200000|  0%| F|  |TAMS 0x0000000089100000| PB 0x0000000089100000| Untracked 
|  82|0x0000000089200000, 0x0000000089200000, 0x0000000089300000|  0%| F|  |TAMS 0x0000000089200000| PB 0x0000000089200000| Untracked 
|  83|0x0000000089300000, 0x0000000089300000, 0x0000000089400000|  0%| F|  |TAMS 0x0000000089300000| PB 0x0000000089300000| Untracked 
|  84|0x0000000089400000, 0x0000000089400000, 0x0000000089500000|  0%| F|  |TAMS 0x0000000089400000| PB 0x0000000089400000| Untracked 
|  85|0x0000000089500000, 0x0000000089500000, 0x0000000089600000|  0%| F|  |TAMS 0x0000000089500000| PB 0x0000000089500000| Untracked 
|  86|0x0000000089600000, 0x0000000089661380, 0x0000000089700000| 37%| S|CS|TAMS 0x0000000089600000| PB 0x0000000089600000| Complete 
|  87|0x0000000089700000, 0x0000000089800000, 0x0000000089800000|100%| S|CS|TAMS 0x0000000089700000| PB 0x0000000089700000| Complete 
|  88|0x0000000089800000, 0x0000000089900000, 0x0000000089900000|100%| S|CS|TAMS 0x0000000089800000| PB 0x0000000089800000| Complete 
|  89|0x0000000089900000, 0x0000000089a00000, 0x0000000089a00000|100%| S|CS|TAMS 0x0000000089900000| PB 0x0000000089900000| Complete 
|  90|0x0000000089a00000, 0x0000000089b00000, 0x0000000089b00000|100%| S|CS|TAMS 0x0000000089a00000| PB 0x0000000089a00000| Complete 
|  91|0x0000000089b00000, 0x0000000089c00000, 0x0000000089c00000|100%| S|CS|TAMS 0x0000000089b00000| PB 0x0000000089b00000| Complete 
|  92|0x0000000089c00000, 0x0000000089c00000, 0x0000000089d00000|  0%| F|  |TAMS 0x0000000089c00000| PB 0x0000000089c00000| Untracked 
|  93|0x0000000089d00000, 0x0000000089d00000, 0x0000000089e00000|  0%| F|  |TAMS 0x0000000089d00000| PB 0x0000000089d00000| Untracked 
|  94|0x0000000089e00000, 0x0000000089e00000, 0x0000000089f00000|  0%| F|  |TAMS 0x0000000089e00000| PB 0x0000000089e00000| Untracked 
|  95|0x0000000089f00000, 0x0000000089f00000, 0x000000008a000000|  0%| F|  |TAMS 0x0000000089f00000| PB 0x0000000089f00000| Untracked 
|  96|0x000000008a000000, 0x000000008a000000, 0x000000008a100000|  0%| F|  |TAMS 0x000000008a000000| PB 0x000000008a000000| Untracked 
|  97|0x000000008a100000, 0x000000008a100000, 0x000000008a200000|  0%| F|  |TAMS 0x000000008a100000| PB 0x000000008a100000| Untracked 
|  98|0x000000008a200000, 0x000000008a200000, 0x000000008a300000|  0%| F|  |TAMS 0x000000008a200000| PB 0x000000008a200000| Untracked 
|  99|0x000000008a300000, 0x000000008a300000, 0x000000008a400000|  0%| F|  |TAMS 0x000000008a300000| PB 0x000000008a300000| Untracked 
| 100|0x000000008a400000, 0x000000008a400000, 0x000000008a500000|  0%| F|  |TAMS 0x000000008a400000| PB 0x000000008a400000| Untracked 
| 101|0x000000008a500000, 0x000000008a500000, 0x000000008a600000|  0%| F|  |TAMS 0x000000008a500000| PB 0x000000008a500000| Untracked 
| 102|0x000000008a600000, 0x000000008a600000, 0x000000008a700000|  0%| F|  |TAMS 0x000000008a600000| PB 0x000000008a600000| Untracked 
| 103|0x000000008a700000, 0x000000008a700000, 0x000000008a800000|  0%| F|  |TAMS 0x000000008a700000| PB 0x000000008a700000| Untracked 
| 104|0x000000008a800000, 0x000000008a800000, 0x000000008a900000|  0%| F|  |TAMS 0x000000008a800000| PB 0x000000008a800000| Untracked 
| 105|0x000000008a900000, 0x000000008a900000, 0x000000008aa00000|  0%| F|  |TAMS 0x000000008a900000| PB 0x000000008a900000| Untracked 
| 106|0x000000008aa00000, 0x000000008aa00000, 0x000000008ab00000|  0%| F|  |TAMS 0x000000008aa00000| PB 0x000000008aa00000| Untracked 
| 107|0x000000008ab00000, 0x000000008ab00000, 0x000000008ac00000|  0%| F|  |TAMS 0x000000008ab00000| PB 0x000000008ab00000| Untracked 
| 108|0x000000008ac00000, 0x000000008ac00000, 0x000000008ad00000|  0%| F|  |TAMS 0x000000008ac00000| PB 0x000000008ac00000| Untracked 
| 109|0x000000008ad00000, 0x000000008ad00000, 0x000000008ae00000|  0%| F|  |TAMS 0x000000008ad00000| PB 0x000000008ad00000| Untracked 
| 110|0x000000008ae00000, 0x000000008ae00000, 0x000000008af00000|  0%| F|  |TAMS 0x000000008ae00000| PB 0x000000008ae00000| Untracked 
| 111|0x000000008af00000, 0x000000008af00000, 0x000000008b000000|  0%| F|  |TAMS 0x000000008af00000| PB 0x000000008af00000| Untracked 
| 112|0x000000008b000000, 0x000000008b000000, 0x000000008b100000|  0%| F|  |TAMS 0x000000008b000000| PB 0x000000008b000000| Untracked 
| 113|0x000000008b100000, 0x000000008b100000, 0x000000008b200000|  0%| F|  |TAMS 0x000000008b100000| PB 0x000000008b100000| Untracked 
| 114|0x000000008b200000, 0x000000008b200000, 0x000000008b300000|  0%| F|  |TAMS 0x000000008b200000| PB 0x000000008b200000| Untracked 
| 115|0x000000008b300000, 0x000000008b300000, 0x000000008b400000|  0%| F|  |TAMS 0x000000008b300000| PB 0x000000008b300000| Untracked 
| 116|0x000000008b400000, 0x000000008b400000, 0x000000008b500000|  0%| F|  |TAMS 0x000000008b400000| PB 0x000000008b400000| Untracked 
| 117|0x000000008b500000, 0x000000008b500000, 0x000000008b600000|  0%| F|  |TAMS 0x000000008b500000| PB 0x000000008b500000| Untracked 
| 118|0x000000008b600000, 0x000000008b600000, 0x000000008b700000|  0%| F|  |TAMS 0x000000008b600000| PB 0x000000008b600000| Untracked 
| 119|0x000000008b700000, 0x000000008b700000, 0x000000008b800000|  0%| F|  |TAMS 0x000000008b700000| PB 0x000000008b700000| Untracked 
| 120|0x000000008b800000, 0x000000008b800000, 0x000000008b900000|  0%| F|  |TAMS 0x000000008b800000| PB 0x000000008b800000| Untracked 
| 121|0x000000008b900000, 0x000000008b980000, 0x000000008ba00000| 50%| E|  |TAMS 0x000000008b900000| PB 0x000000008b900000| Complete 
| 122|0x000000008ba00000, 0x000000008bb00000, 0x000000008bb00000|100%| E|CS|TAMS 0x000000008ba00000| PB 0x000000008ba00000| Complete 
| 123|0x000000008bb00000, 0x000000008bc00000, 0x000000008bc00000|100%| E|CS|TAMS 0x000000008bb00000| PB 0x000000008bb00000| Complete 
| 124|0x000000008bc00000, 0x000000008bd00000, 0x000000008bd00000|100%| E|CS|TAMS 0x000000008bc00000| PB 0x000000008bc00000| Complete 
| 125|0x000000008bd00000, 0x000000008be00000, 0x000000008be00000|100%| E|CS|TAMS 0x000000008bd00000| PB 0x000000008bd00000| Complete 
| 126|0x000000008be00000, 0x000000008bf00000, 0x000000008bf00000|100%| E|CS|TAMS 0x000000008be00000| PB 0x000000008be00000| Complete 
| 127|0x000000008bf00000, 0x000000008c000000, 0x000000008c000000|100%| E|CS|TAMS 0x000000008bf00000| PB 0x000000008bf00000| Complete 
| 128|0x000000008c000000, 0x000000008c100000, 0x000000008c100000|100%| E|CS|TAMS 0x000000008c000000| PB 0x000000008c000000| Complete 
| 129|0x000000008c100000, 0x000000008c200000, 0x000000008c200000|100%| E|CS|TAMS 0x000000008c100000| PB 0x000000008c100000| Complete 
| 130|0x000000008c200000, 0x000000008c300000, 0x000000008c300000|100%| E|CS|TAMS 0x000000008c200000| PB 0x000000008c200000| Complete 
| 131|0x000000008c300000, 0x000000008c400000, 0x000000008c400000|100%| E|CS|TAMS 0x000000008c300000| PB 0x000000008c300000| Complete 
| 132|0x000000008c400000, 0x000000008c500000, 0x000000008c500000|100%| E|CS|TAMS 0x000000008c400000| PB 0x000000008c400000| Complete 
| 133|0x000000008c500000, 0x000000008c600000, 0x000000008c600000|100%| E|CS|TAMS 0x000000008c500000| PB 0x000000008c500000| Complete 
| 134|0x000000008c600000, 0x000000008c700000, 0x000000008c700000|100%| E|CS|TAMS 0x000000008c600000| PB 0x000000008c600000| Complete 
| 135|0x000000008c700000, 0x000000008c800000, 0x000000008c800000|100%| E|CS|TAMS 0x000000008c700000| PB 0x000000008c700000| Complete 
| 136|0x000000008c800000, 0x000000008c900000, 0x000000008c900000|100%| E|CS|TAMS 0x000000008c800000| PB 0x000000008c800000| Complete 
| 137|0x000000008c900000, 0x000000008ca00000, 0x000000008ca00000|100%| E|CS|TAMS 0x000000008c900000| PB 0x000000008c900000| Complete 
| 138|0x000000008ca00000, 0x000000008cb00000, 0x000000008cb00000|100%| E|CS|TAMS 0x000000008ca00000| PB 0x000000008ca00000| Complete 
| 139|0x000000008cb00000, 0x000000008cc00000, 0x000000008cc00000|100%| E|CS|TAMS 0x000000008cb00000| PB 0x000000008cb00000| Complete 
| 140|0x000000008cc00000, 0x000000008cd00000, 0x000000008cd00000|100%| E|CS|TAMS 0x000000008cc00000| PB 0x000000008cc00000| Complete 
| 141|0x000000008cd00000, 0x000000008ce00000, 0x000000008ce00000|100%| E|CS|TAMS 0x000000008cd00000| PB 0x000000008cd00000| Complete 
| 142|0x000000008ce00000, 0x000000008cf00000, 0x000000008cf00000|100%| E|CS|TAMS 0x000000008ce00000| PB 0x000000008ce00000| Complete 
| 143|0x000000008cf00000, 0x000000008d000000, 0x000000008d000000|100%| E|CS|TAMS 0x000000008cf00000| PB 0x000000008cf00000| Complete 
|1973|0x00000000ff500000, 0x00000000ff600000, 0x00000000ff600000|100%| O|  |TAMS 0x00000000ff500000| PB 0x00000000ff500000| Untracked 
|1974|0x00000000ff600000, 0x00000000ff700000, 0x00000000ff700000|100%| O|  |TAMS 0x00000000ff600000| PB 0x00000000ff600000| Untracked 
|1975|0x00000000ff700000, 0x00000000ff800000, 0x00000000ff800000|100%| O|  |TAMS 0x00000000ff700000| PB 0x00000000ff700000| Untracked 
|1976|0x00000000ff800000, 0x00000000ff900000, 0x00000000ff900000|100%| O|  |TAMS 0x00000000ff800000| PB 0x00000000ff800000| Untracked 
|1977|0x00000000ff900000, 0x00000000ffa00000, 0x00000000ffa00000|100%| O|  |TAMS 0x00000000ff900000| PB 0x00000000ff900000| Untracked 
|1978|0x00000000ffa00000, 0x00000000ffb00000, 0x00000000ffb00000|100%| O|  |TAMS 0x00000000ffa00000| PB 0x00000000ffa00000| Untracked 
|1979|0x00000000ffb00000, 0x00000000ffc00000, 0x00000000ffc00000|100%| O|  |TAMS 0x00000000ffb00000| PB 0x00000000ffb00000| Untracked 
|1980|0x00000000ffc00000, 0x00000000ffd00000, 0x00000000ffd00000|100%| O|  |TAMS 0x00000000ffc00000| PB 0x00000000ffc00000| Untracked 
|1981|0x00000000ffd00000, 0x00000000ffe00000, 0x00000000ffe00000|100%| O|  |TAMS 0x00000000ffd00000| PB 0x00000000ffd00000| Untracked 
|1982|0x00000000ffe00000, 0x00000000fff00000, 0x00000000fff00000|100%| O|  |TAMS 0x00000000ffe00000| PB 0x00000000ffe00000| Untracked 
|1983|0x00000000fff00000, 0x0000000100000000, 0x0000000100000000|100%| O|  |TAMS 0x00000000fff00000| PB 0x00000000fff00000| Untracked 

Card table byte_map: [0x0000026fb7170000,0x0000026fb7550000] _byte_map_base: 0x0000026fb6d50000

Marking Bits: (CMBitMap*) 0x0000026fa48a4cd0
 Bits: [0x0000026fb7550000, 0x0000026fb9450000)

Polling page: 0x0000026fa2760000

Metaspace:

Usage:
  Non-class:     56.55 MB used.
      Class:      7.17 MB used.
       Both:     63.72 MB used.

Virtual space:
  Non-class space:       64.00 MB reserved,      57.06 MB ( 89%) committed,  1 nodes.
      Class space:        1.00 GB reserved,       7.56 MB ( <1%) committed,  1 nodes.
             Both:        1.06 GB reserved,      64.62 MB (  6%) committed. 

Chunk freelists:
   Non-Class:  6.67 MB
       Class:  8.25 MB
        Both:  14.93 MB

MaxMetaspaceSize: unlimited
CompressedClassSpaceSize: 1.00 GB
Initial GC threshold: 21.00 MB
Current GC threshold: 95.75 MB
CDS: on
 - commit_granule_bytes: 65536.
 - commit_granule_words: 8192.
 - virtual_space_node_default_size: 8388608.
 - enlarge_chunks_in_place: 1.
 - use_allocation_guard: 0.


Internal statistics:

num_allocs_failed_limit: 12.
num_arena_births: 1504.
num_arena_deaths: 0.
num_vsnodes_births: 2.
num_vsnodes_deaths: 0.
num_space_committed: 1032.
num_space_uncommitted: 0.
num_chunks_returned_to_freelist: 12.
num_chunks_taken_from_freelist: 4097.
num_chunk_merges: 12.
num_chunk_splits: 3013.
num_chunks_enlarged: 2270.
num_inconsistent_stats: 0.

CodeHeap 'non-profiled nmethods': size=120000Kb used=7356Kb max_used=7356Kb free=112643Kb
 bounds [0x0000026faf530000, 0x0000026fafc60000, 0x0000026fb6a60000]
CodeHeap 'profiled nmethods': size=120000Kb used=37915Kb max_used=37915Kb free=82084Kb
 bounds [0x0000026fa7a60000, 0x0000026fa9f70000, 0x0000026faef90000]
CodeHeap 'non-nmethods': size=5760Kb used=1816Kb max_used=1872Kb free=3943Kb
 bounds [0x0000026faef90000, 0x0000026faf200000, 0x0000026faf530000]
CodeCache: size=245760Kb, used=47087Kb, max_used=47143Kb, free=198670Kb
 total_blobs=12725, nmethods=11966, adapters=660, full_count=0
Compilation: enabled, stopped_count=0, restarted_count=0

Compilation events (20 events):
Event: 20.149 Thread 0x0000026fbbeae9f0 nmethod 13663 0x0000026fafc5d290 code [0x0000026fafc5d420, 0x0000026fafc5d4b0]
Event: 20.149 Thread 0x0000026ffd020090 13647       3       org.jetbrains.kotlin.ir.expressions.impl.IrCallImpl$Companion::fromSymbolDescriptor$default (109 bytes)
Event: 20.150 Thread 0x0000026ffd020090 nmethod 13647 0x0000026fa9f38690 code [0x0000026fa9f38920, 0x0000026fa9f39608]
Event: 20.150 Thread 0x0000026ffd020090 13648       3       org.jetbrains.kotlin.ir.expressions.impl.IrCallImpl$Companion::fromSymbolDescriptor (34 bytes)
Event: 20.151 Thread 0x0000026fbbeae9f0 13665       4       org.jetbrains.kotlin.psi.KtOperationReferenceExpression::getReferencedNameElement (17 bytes)
Event: 20.151 Thread 0x0000026ffd020090 nmethod 13648 0x0000026fa9f39a10 code [0x0000026fa9f39cc0, 0x0000026fa9f3a808]
Event: 20.151 Thread 0x0000026ffd020090 13664       1       org.jetbrains.kotlin.psi2ir.generators.StatementGenerator::getScope (5 bytes)
Event: 20.151 Thread 0x0000026ffd020090 nmethod 13664 0x0000026fafc5d590 code [0x0000026fafc5d720, 0x0000026fafc5d7e8]
Event: 20.151 Thread 0x0000026ffd020090 13662       3       org.jetbrains.kotlin.psi2ir.generators.DeclarationGenerator::toIrType (15 bytes)
Event: 20.152 Thread 0x0000026ffd020090 nmethod 13662 0x0000026fa9f3ac90 code [0x0000026fa9f3af60, 0x0000026fa9f3bb00]
Event: 20.152 Thread 0x0000026ffd020090 13649       1       org.jetbrains.kotlin.ir.builders.IrBuilder::getContext (5 bytes)
Event: 20.153 Thread 0x0000026ffd020090 nmethod 13649 0x0000026fafc5d890 code [0x0000026fafc5da20, 0x0000026fafc5dae8]
Event: 20.153 Thread 0x0000026ffd020090 13666       3       org.jetbrains.kotlin.ir.util.SymbolTableSlice$Scoped$SliceScope::set (16 bytes)
Event: 20.153 Thread 0x0000026ffd020090 nmethod 13666 0x0000026fa9f3bf90 code [0x0000026fa9f3c140, 0x0000026fa9f3c318]
Event: 20.153 Thread 0x0000026ffd020090 13667       3       org.jetbrains.kotlin.backend.jvm.JvmIrSpecialAnnotationSymbolProvider::toConstructorCall (18 bytes)
Event: 20.153 Thread 0x0000026ffd020090 nmethod 13667 0x0000026fa9f3c410 code [0x0000026fa9f3c5c0, 0x0000026fa9f3c7c0]
Event: 20.153 Thread 0x0000026ffd020090 13652       1       org.jetbrains.kotlin.ir.symbols.impl.IrSymbolBase::getSignature (2 bytes)
Event: 20.153 Thread 0x0000026ffd020090 nmethod 13652 0x0000026fafc5db90 code [0x0000026fafc5dd20, 0x0000026fafc5ddf0]
Event: 20.153 Thread 0x0000026ffd020090 13645       3       org.jetbrains.kotlin.ir.util.SymbolTable::enterScope (16 bytes)
Event: 20.154 Thread 0x0000026ffd020090 nmethod 13645 0x0000026fa9f3c910 code [0x0000026fa9f3cbe0, 0x0000026fa9f3d808]

GC Heap History (20 events):
Event: 5.618 GC heap before
{Heap before GC invocations=8 (full 0):
 garbage-first heap   total 107520K, used 87340K [0x0000000084000000, 0x0000000100000000)
  region size 1024K, 43 young (44032K), 3 survivors (3072K)
 Metaspace       used 41097K, committed 41920K, reserved 1114112K
  class space    used 5137K, committed 5504K, reserved 1048576K
}
Event: 5.633 GC heap after
{Heap after GC invocations=9 (full 0):
 garbage-first heap   total 107520K, used 49823K [0x0000000084000000, 0x0000000100000000)
  region size 1024K, 6 young (6144K), 6 survivors (6144K)
 Metaspace       used 41097K, committed 41920K, reserved 1114112K
  class space    used 5137K, committed 5504K, reserved 1048576K
}
Event: 6.554 GC heap before
{Heap before GC invocations=9 (full 0):
 garbage-first heap   total 107520K, used 88735K [0x0000000084000000, 0x0000000100000000)
  region size 1024K, 45 young (46080K), 6 survivors (6144K)
 Metaspace       used 46946K, committed 47744K, reserved 1114112K
  class space    used 5839K, committed 6208K, reserved 1048576K
}
Event: 6.571 GC heap after
{Heap after GC invocations=10 (full 0):
 garbage-first heap   total 107520K, used 52736K [0x0000000084000000, 0x0000000100000000)
  region size 1024K, 3 young (3072K), 3 survivors (3072K)
 Metaspace       used 46946K, committed 47744K, reserved 1114112K
  class space    used 5839K, committed 6208K, reserved 1048576K
}
Event: 8.010 GC heap before
{Heap before GC invocations=10 (full 0):
 garbage-first heap   total 107520K, used 91648K [0x0000000084000000, 0x0000000100000000)
  region size 1024K, 41 young (41984K), 3 survivors (3072K)
 Metaspace       used 50210K, committed 51008K, reserved 1114112K
  class space    used 6088K, committed 6464K, reserved 1048576K
}
Event: 8.033 GC heap after
{Heap after GC invocations=11 (full 0):
 garbage-first heap   total 129024K, used 60374K [0x0000000084000000, 0x0000000100000000)
  region size 1024K, 6 young (6144K), 6 survivors (6144K)
 Metaspace       used 50210K, committed 51008K, reserved 1114112K
  class space    used 6088K, committed 6464K, reserved 1048576K
}
Event: 9.870 GC heap before
{Heap before GC invocations=12 (full 0):
 garbage-first heap   total 129024K, used 108502K [0x0000000084000000, 0x0000000100000000)
  region size 1024K, 53 young (54272K), 6 survivors (6144K)
 Metaspace       used 54133K, committed 54976K, reserved 1114112K
  class space    used 6489K, committed 6912K, reserved 1048576K
}
Event: 9.889 GC heap after
{Heap after GC invocations=13 (full 0):
 garbage-first heap   total 129024K, used 67147K [0x0000000084000000, 0x0000000100000000)
  region size 1024K, 7 young (7168K), 7 survivors (7168K)
 Metaspace       used 54133K, committed 54976K, reserved 1114112K
  class space    used 6489K, committed 6912K, reserved 1048576K
}
Event: 11.561 GC heap before
{Heap before GC invocations=13 (full 0):
 garbage-first heap   total 129024K, used 111179K [0x0000000084000000, 0x0000000100000000)
  region size 1024K, 49 young (50176K), 7 survivors (7168K)
 Metaspace       used 55616K, committed 56448K, reserved 1114112K
  class space    used 6537K, committed 6912K, reserved 1048576K
}
Event: 11.579 GC heap after
{Heap after GC invocations=14 (full 0):
 garbage-first heap   total 129024K, used 72035K [0x0000000084000000, 0x0000000100000000)
  region size 1024K, 6 young (6144K), 6 survivors (6144K)
 Metaspace       used 55616K, committed 56448K, reserved 1114112K
  class space    used 6537K, committed 6912K, reserved 1048576K
}
Event: 13.430 GC heap before
{Heap before GC invocations=14 (full 0):
 garbage-first heap   total 129024K, used 112995K [0x0000000084000000, 0x0000000100000000)
  region size 1024K, 46 young (47104K), 6 survivors (6144K)
 Metaspace       used 56551K, committed 57408K, reserved 1114112K
  class space    used 6559K, committed 6976K, reserved 1048576K
}
Event: 13.447 GC heap after
{Heap after GC invocations=15 (full 0):
 garbage-first heap   total 129024K, used 77541K [0x0000000084000000, 0x0000000100000000)
  region size 1024K, 6 young (6144K), 6 survivors (6144K)
 Metaspace       used 56551K, committed 57408K, reserved 1114112K
  class space    used 6559K, committed 6976K, reserved 1048576K
}
Event: 14.865 GC heap before
{Heap before GC invocations=16 (full 0):
 garbage-first heap   total 132096K, used 115429K [0x0000000084000000, 0x0000000100000000)
  region size 1024K, 41 young (41984K), 6 survivors (6144K)
 Metaspace       used 57076K, committed 57920K, reserved 1114112K
  class space    used 6585K, committed 6976K, reserved 1048576K
}
Event: 14.882 GC heap after
{Heap after GC invocations=17 (full 0):
 garbage-first heap   total 132096K, used 83262K [0x0000000084000000, 0x0000000100000000)
  region size 1024K, 4 young (4096K), 4 survivors (4096K)
 Metaspace       used 57076K, committed 57920K, reserved 1114112K
  class space    used 6585K, committed 6976K, reserved 1048576K
}
Event: 16.565 GC heap before
{Heap before GC invocations=17 (full 0):
 garbage-first heap   total 132096K, used 119102K [0x0000000084000000, 0x0000000100000000)
  region size 1024K, 39 young (39936K), 4 survivors (4096K)
 Metaspace       used 57562K, committed 58432K, reserved 1114112K
  class space    used 6625K, committed 7040K, reserved 1048576K
}
Event: 16.583 GC heap after
{Heap after GC invocations=18 (full 0):
 garbage-first heap   total 132096K, used 86024K [0x0000000084000000, 0x0000000100000000)
  region size 1024K, 4 young (4096K), 4 survivors (4096K)
 Metaspace       used 57562K, committed 58432K, reserved 1114112K
  class space    used 6625K, committed 7040K, reserved 1048576K
}
Event: 17.783 GC heap before
{Heap before GC invocations=18 (full 0):
 garbage-first heap   total 132096K, used 119816K [0x0000000084000000, 0x0000000100000000)
  region size 1024K, 37 young (37888K), 4 survivors (4096K)
 Metaspace       used 58009K, committed 58816K, reserved 1114112K
  class space    used 6651K, committed 7040K, reserved 1048576K
}
Event: 17.795 GC heap after
{Heap after GC invocations=19 (full 0):
 garbage-first heap   total 158720K, used 88965K [0x0000000084000000, 0x0000000100000000)
  region size 1024K, 3 young (3072K), 3 survivors (3072K)
 Metaspace       used 58009K, committed 58816K, reserved 1114112K
  class space    used 6651K, committed 7040K, reserved 1048576K
}
Event: 19.400 GC heap before
{Heap before GC invocations=20 (full 0):
 garbage-first heap   total 158720K, used 142213K [0x0000000084000000, 0x0000000100000000)
  region size 1024K, 55 young (56320K), 3 survivors (3072K)
 Metaspace       used 60509K, committed 61312K, reserved 1114112K
  class space    used 6891K, committed 7296K, reserved 1048576K
}
Event: 19.410 GC heap after
{Heap after GC invocations=21 (full 0):
 garbage-first heap   total 158720K, used 91524K [0x0000000084000000, 0x0000000100000000)
  region size 1024K, 6 young (6144K), 6 survivors (6144K)
 Metaspace       used 60509K, committed 61312K, reserved 1114112K
  class space    used 6891K, committed 7296K, reserved 1048576K
}

Dll operation events (7 events):
Event: 0.008 Loaded shared library C:\Users\admin\.vscode\extensions\redhat.java-1.54.0-win32-x64\jre\21.0.10-win32-x86_64\bin\java.dll
Event: 0.093 Loaded shared library C:\Users\admin\.vscode\extensions\redhat.java-1.54.0-win32-x64\jre\21.0.10-win32-x86_64\bin\net.dll
Event: 0.096 Loaded shared library C:\Users\admin\.vscode\extensions\redhat.java-1.54.0-win32-x64\jre\21.0.10-win32-x86_64\bin\nio.dll
Event: 0.135 Loaded shared library C:\Users\admin\.vscode\extensions\redhat.java-1.54.0-win32-x64\jre\21.0.10-win32-x86_64\bin\zip.dll
Event: 0.170 Loaded shared library C:\Users\admin\.vscode\extensions\redhat.java-1.54.0-win32-x64\jre\21.0.10-win32-x86_64\bin\zip.dll
Event: 0.172 Loaded shared library C:\Users\admin\.vscode\extensions\redhat.java-1.54.0-win32-x64\jre\21.0.10-win32-x86_64\bin\jimage.dll
Event: 2.159 Loaded shared library C:\Users\admin\.vscode\extensions\redhat.java-1.54.0-win32-x64\jre\21.0.10-win32-x86_64\bin\verify.dll

Deoptimization events (20 events):
Event: 20.007 Thread 0x0000026fa2520b20 Uncommon trap: trap_request=0xffffffc6 fr.pc=0x0000026faf9c0e54 relative=0x00000000000007d4
Event: 20.007 Thread 0x0000026fa2520b20 Uncommon trap: reason=bimorphic_or_optimized_type_check action=maybe_recompile pc=0x0000026faf9c0e54 method=org.jetbrains.kotlin.storage.LockBasedStorageManager$LockBasedLazyValue.invoke()Ljava/lang/Object; @ 24 c2
Event: 20.007 Thread 0x0000026fa2520b20 DEOPT PACKING pc=0x0000026faf9c0e54 sp=0x000000e9191fbd90
Event: 20.007 Thread 0x0000026fa2520b20 DEOPT UNPACKING pc=0x0000026faefe7ba2 sp=0x000000e9191fbc78 mode 2
Event: 20.009 Thread 0x0000026fa2520b20 Uncommon trap: trap_request=0xffffffc6 fr.pc=0x0000026faf824a78 relative=0x00000000000005b8
Event: 20.009 Thread 0x0000026fa2520b20 Uncommon trap: reason=bimorphic_or_optimized_type_check action=maybe_recompile pc=0x0000026faf824a78 method=org.jetbrains.kotlin.storage.LockBasedStorageManager$LockBasedLazyValue.invoke()Ljava/lang/Object; @ 24 c2
Event: 20.009 Thread 0x0000026fa2520b20 DEOPT PACKING pc=0x0000026faf824a78 sp=0x000000e9191fb340
Event: 20.009 Thread 0x0000026fa2520b20 DEOPT UNPACKING pc=0x0000026faefe7ba2 sp=0x000000e9191fb2f0 mode 2
Event: 20.084 Thread 0x0000026fa2520b20 Uncommon trap: trap_request=0xffffff45 fr.pc=0x0000026fafb0edd8 relative=0x0000000000002158
Event: 20.084 Thread 0x0000026fa2520b20 Uncommon trap: reason=unstable_if action=reinterpret pc=0x0000026fafb0edd8 method=org.jetbrains.kotlin.types.TypeSubstitutionKt.replace(Lorg/jetbrains/kotlin/types/KotlinType;Ljava/util/List;Lorg/jetbrains/kotlin/descriptors/annotations/Annotations;Ljava/
Event: 20.084 Thread 0x0000026fa2520b20 DEOPT PACKING pc=0x0000026fafb0edd8 sp=0x000000e9191fafd0
Event: 20.084 Thread 0x0000026fa2520b20 DEOPT UNPACKING pc=0x0000026faefe7ba2 sp=0x000000e9191faf78 mode 2
Event: 20.104 Thread 0x0000026fa2520b20 Uncommon trap: trap_request=0xffffffc6 fr.pc=0x0000026fafbef1c8 relative=0x00000000000002c8
Event: 20.104 Thread 0x0000026fa2520b20 Uncommon trap: reason=bimorphic_or_optimized_type_check action=maybe_recompile pc=0x0000026fafbef1c8 method=kotlin.collections.CollectionsKt___CollectionsKt.singleOrNull(Ljava/lang/Iterable;)Ljava/lang/Object; @ 31 c2
Event: 20.104 Thread 0x0000026fa2520b20 DEOPT PACKING pc=0x0000026fafbef1c8 sp=0x000000e9191f8fa0
Event: 20.104 Thread 0x0000026fa2520b20 DEOPT UNPACKING pc=0x0000026faefe7ba2 sp=0x000000e9191f8f28 mode 2
Event: 20.105 Thread 0x0000026fa2520b20 Uncommon trap: trap_request=0xffffffc6 fr.pc=0x0000026fafbef1c8 relative=0x00000000000002c8
Event: 20.105 Thread 0x0000026fa2520b20 Uncommon trap: reason=bimorphic_or_optimized_type_check action=maybe_recompile pc=0x0000026fafbef1c8 method=kotlin.collections.CollectionsKt___CollectionsKt.singleOrNull(Ljava/lang/Iterable;)Ljava/lang/Object; @ 31 c2
Event: 20.105 Thread 0x0000026fa2520b20 DEOPT PACKING pc=0x0000026fafbef1c8 sp=0x000000e9191f90b0
Event: 20.105 Thread 0x0000026fa2520b20 DEOPT UNPACKING pc=0x0000026faefe7ba2 sp=0x000000e9191f9038 mode 2

Classes loaded (20 events):
Event: 7.239 Loading class java/util/RegularEnumSet$EnumSetIterator
Event: 7.239 Loading class java/util/RegularEnumSet$EnumSetIterator done
Event: 9.073 Loading class java/util/Collections$2
Event: 9.073 Loading class java/util/Collections$2 done
Event: 16.745 Loading class java/util/regex/Pattern$Bound
Event: 16.745 Loading class java/util/regex/Pattern$Bound done
Event: 16.745 Loading class java/util/regex/Pattern$LookBehindEndNode
Event: 16.745 Loading class java/util/regex/Pattern$LookBehindEndNode done
Event: 16.746 Loading class java/util/regex/Pattern$NotBehind
Event: 16.746 Loading class java/util/regex/Pattern$NotBehind done
Event: 19.318 Loading class java/text/MessageFormat
Event: 19.319 Loading class java/text/MessageFormat done
Event: 19.327 Loading class jdk/internal/reflect/MethodHandleBooleanFieldAccessorImpl
Event: 19.327 Loading class jdk/internal/reflect/MethodHandleBooleanFieldAccessorImpl done
Event: 19.377 Loading class java/text/ChoiceFormat
Event: 19.378 Loading class java/text/ChoiceFormat done
Event: 19.391 Loading class java/lang/invoke/DirectMethodHandle$1
Event: 19.391 Loading class java/lang/invoke/DirectMethodHandle$1 done
Event: 19.399 Loading class java/text/MessageFormat$Field
Event: 19.399 Loading class java/text/MessageFormat$Field done

Classes unloaded (0 events):
No events

Classes redefined (0 events):
No events

Internal exceptions (20 events):
Event: 18.491 Thread 0x0000026fa2520b20 Implicit null exception at 0x0000026faf5d94ba to 0x0000026faf5d9728
Event: 19.328 Thread 0x0000026fa2520b20 Exception <a 'java/lang/NoSuchMethodError'{0x0000000089eb3460}: 'void java.lang.invoke.Invokers$Holder.invokeExact_MT(java.lang.Object, java.lang.Object, java.lang.Object, java.lang.Object)'> (0x0000000089eb3460) 
thrown [s\src\hotspot\share\interpreter\linkResolver.cpp, line 773]
Event: 19.554 Thread 0x0000026fa2520b20 Exception <a 'java/lang/NoSuchMethodError'{0x000000008caf2968}: 'java.lang.Object java.lang.invoke.DirectMethodHandle$Holder.newInvokeSpecial(java.lang.Object, java.lang.Object, java.lang.Object, java.lang.Object, java.lang.Object, int, java.lang.Object)'> (0x000000008caf2968) 
thrown [s\src\hotspot\share\interpreter\linkResolver.cpp, line 773]
Event: 19.555 Thread 0x0000026fa2520b20 Exception <a 'java/lang/NoSuchMethodError'{0x000000008caf6b80}: 'java.lang.Object java.lang.invoke.DirectMethodHandle$Holder.invokeSpecial(java.lang.Object, java.lang.Object, java.lang.Object, java.lang.Object, java.lang.Object, java.lang.Object, int, java.lang.Object)'> (0x000000008caf6b80) 
thrown [s\src\hotspot\share\interpreter\linkResolver.cpp, line 773]
Event: 19.555 Thread 0x0000026fa2520b20 Exception <a 'java/lang/NoSuchMethodError'{0x000000008cafa728}: 'java.lang.Object java.lang.invoke.Invokers$Holder.linkToTargetMethod(java.lang.Object, java.lang.Object, java.lang.Object, java.lang.Object, int, java.lang.Object, java.lang.Object)'> (0x000000008cafa728) 
thrown [s\src\hotspot\share\interpreter\linkResolver.cpp, line 773]
Event: 19.656 Thread 0x0000026fa2520b20 Exception <a 'java/lang/NoSuchMethodError'{0x000000008c6fe7b8}: 'java.lang.Object java.lang.invoke.DirectMethodHandle$Holder.newInvokeSpecial(java.lang.Object, java.lang.Object, int, int, java.lang.Object, java.lang.Object, java.lang.Object)'> (0x000000008c6fe7b8) 
thrown [s\src\hotspot\share\interpreter\linkResolver.cpp, line 773]
Event: 19.691 Thread 0x0000026fa2520b20 Exception <a 'java/lang/NoSuchMethodError'{0x000000008c487268}: 'java.lang.Object java.lang.invoke.DirectMethodHandle$Holder.newInvokeSpecial(java.lang.Object, java.lang.Object, int, int, java.lang.Object, java.lang.Object, java.lang.Object, java.lang.Object)'> (0x000000008c487268) 
thrown [s\src\hotspot\share\interpreter\linkResolver.cpp, line 773]
Event: 19.698 Thread 0x0000026fa2520b20 Exception <a 'java/lang/NoSuchMethodError'{0x000000008c4d7f20}: 'java.lang.Object java.lang.invoke.DirectMethodHandle$Holder.invokeStatic(java.lang.Object, java.lang.Object, java.lang.Object, int, int, java.lang.Object, java.lang.Object)'> (0x000000008c4d7f20) 
thrown [s\src\hotspot\share\interpreter\linkResolver.cpp, line 773]
Event: 19.699 Thread 0x0000026fa2520b20 Exception <a 'java/lang/NoSuchMethodError'{0x000000008c4e0758}: 'java.lang.Object java.lang.invoke.DirectMethodHandle$Holder.newInvokeSpecial(java.lang.Object, java.lang.Object, java.lang.Object, int, int, java.lang.Object)'> (0x000000008c4e0758) 
thrown [s\src\hotspot\share\interpreter\linkResolver.cpp, line 773]
Event: 19.699 Thread 0x0000026fa2520b20 Exception <a 'java/lang/NoSuchMethodError'{0x000000008c4e7c00}: 'java.lang.Object java.lang.invoke.Invokers$Holder.linkToTargetMethod(java.lang.Object, java.lang.Object, int, int, java.lang.Object, java.lang.Object)'> (0x000000008c4e7c00) 
thrown [s\src\hotspot\share\interpreter\linkResolver.cpp, line 773]
Event: 19.726 Thread 0x0000026fa2520b20 Exception <a 'java/lang/NoSuchMethodError'{0x000000008c3b0860}: 'java.lang.Object java.lang.invoke.DirectMethodHandle$Holder.newInvokeSpecial(java.lang.Object, java.lang.Object, java.lang.Object, int, int, java.lang.Object, java.lang.Object)'> (0x000000008c3b0860) 
thrown [s\src\hotspot\share\interpreter\linkResolver.cpp, line 773]
Event: 19.726 Thread 0x0000026fa2520b20 Exception <a 'java/lang/NoSuchMethodError'{0x000000008c3b7fc8}: 'java.lang.Object java.lang.invoke.Invokers$Holder.linkToTargetMethod(java.lang.Object, java.lang.Object, int, int, java.lang.Object, java.lang.Object, java.lang.Object)'> (0x000000008c3b7fc8) 
thrown [s\src\hotspot\share\interpreter\linkResolver.cpp, line 773]
Event: 19.735 Thread 0x0000026fa2520b20 Exception <a 'java/lang/NoSuchMethodError'{0x000000008c3f90e8}: 'java.lang.Object java.lang.invoke.DirectMethodHandle$Holder.newInvokeSpecial(java.lang.Object, java.lang.Object, java.lang.Object, int, int, java.lang.Object, java.lang.Object, java.lang.Object, java.lang.Object)'> (0x000000008c3f90e8) 
thrown [s\src\hotspot\share\interpreter\linkResolver.cpp, line 773]
Event: 19.736 Thread 0x0000026fa2520b20 Exception <a 'java/lang/NoSuchMethodError'{0x000000008c201618}: 'java.lang.Object java.lang.invoke.Invokers$Holder.linkToTargetMethod(java.lang.Object, java.lang.Object, int, int, java.lang.Object, java.lang.Object, java.lang.Object, java.lang.Object, java.lang.Object)'> (0x000000008c201618) 
thrown [s\src\hotspot\share\interpreter\linkResolver.cpp, line 773]
Event: 19.929 Thread 0x0000026fa2520b20 Exception <a 'java/lang/NoSuchMethodError'{0x000000008bd77180}: 'java.lang.Object java.lang.invoke.DirectMethodHandle$Holder.invokeStatic(java.lang.Object, java.lang.Object, java.lang.Object, int, int, java.lang.Object, java.lang.Object, java.lang.Object)'> (0x000000008bd77180) 
thrown [s\src\hotspot\share\interpreter\linkResolver.cpp, line 773]
Event: 19.929 Thread 0x0000026fa2520b20 Exception <a 'java/lang/NoSuchMethodError'{0x000000008bd7ec68}: 'java.lang.Object java.lang.invoke.DirectMethodHandle$Holder.newInvokeSpecial(java.lang.Object, java.lang.Object, java.lang.Object, int, int)'> (0x000000008bd7ec68) 
thrown [s\src\hotspot\share\interpreter\linkResolver.cpp, line 773]
Event: 19.929 Thread 0x0000026fa2520b20 Exception <a 'java/lang/NoSuchMethodError'{0x000000008bd82b48}: 'java.lang.Object java.lang.invoke.DirectMethodHandle$Holder.invokeSpecial(java.lang.Object, java.lang.Object, java.lang.Object, java.lang.Object, int, int)'> (0x000000008bd82b48) 
thrown [s\src\hotspot\share\interpreter\linkResolver.cpp, line 773]
Event: 19.930 Thread 0x0000026fa2520b20 Exception <a 'java/lang/NoSuchMethodError'{0x000000008bd862d8}: 'java.lang.Object java.lang.invoke.Invokers$Holder.linkToTargetMethod(java.lang.Object, java.lang.Object, int, int, java.lang.Object)'> (0x000000008bd862d8) 
thrown [s\src\hotspot\share\interpreter\linkResolver.cpp, line 773]
Event: 20.026 Thread 0x0000026fa2520b20 Exception <a 'java/lang/NoSuchMethodError'{0x000000008bcf0550}: 'java.lang.Object java.lang.invoke.DirectMethodHandle$Holder.newInvokeSpecial(java.lang.Object, int, int, java.lang.Object, java.lang.Object, java.lang.Object, java.lang.Object, java.lang.Object)'> (0x000000008bcf0550) 
thrown [s\src\hotspot\share\interpreter\linkResolver.cpp, line 773]
Event: 20.026 Thread 0x0000026fa2520b20 Exception <a 'java/lang/NoSuchMethodError'{0x000000008bcf4c48}: 'java.lang.Object java.lang.invoke.DirectMethodHandle$Holder.invokeSpecial(java.lang.Object, java.lang.Object, int, int, java.lang.Object, java.lang.Object, java.lang.Object, java.lang.Object, java.lang.Object)'> (0x000000008bcf4c48) 
thrown [s\src\hotspot\share\interpreter\linkResolver.cpp, line 773]

ZGC Phase Switch (0 events):
No events

VM Operations (20 events):
Event: 19.286 Executing non-safepoint VM operation: HandshakeAllThreads (Deoptimize)
Event: 19.286 Executing non-safepoint VM operation: HandshakeAllThreads (Deoptimize) done
Event: 19.399 Executing non-safepoint VM operation: HandshakeAllThreads (Deoptimize)
Event: 19.399 Executing non-safepoint VM operation: HandshakeAllThreads (Deoptimize) done
Event: 19.400 Executing safepoint VM operation: G1CollectForAllocation (G1 Evacuation Pause)
Event: 19.410 Executing safepoint VM operation: G1CollectForAllocation (G1 Evacuation Pause) done
Event: 19.498 Executing non-safepoint VM operation: HandshakeAllThreads (Deoptimize)
Event: 19.499 Executing non-safepoint VM operation: HandshakeAllThreads (Deoptimize) done
Event: 19.549 Executing non-safepoint VM operation: HandshakeAllThreads (Deoptimize)
Event: 19.550 Executing non-safepoint VM operation: HandshakeAllThreads (Deoptimize) done
Event: 19.553 Executing non-safepoint VM operation: HandshakeAllThreads (Deoptimize)
Event: 19.553 Executing non-safepoint VM operation: HandshakeAllThreads (Deoptimize) done
Event: 19.567 Executing non-safepoint VM operation: HandshakeAllThreads (Deoptimize)
Event: 19.567 Executing non-safepoint VM operation: HandshakeAllThreads (Deoptimize) done
Event: 19.779 Executing non-safepoint VM operation: HandshakeAllThreads (Deoptimize)
Event: 19.780 Executing non-safepoint VM operation: HandshakeAllThreads (Deoptimize) done
Event: 19.900 Executing safepoint VM operation: ICBufferFull
Event: 19.900 Executing safepoint VM operation: ICBufferFull done
Event: 20.024 Executing safepoint VM operation: ICBufferFull
Event: 20.024 Executing safepoint VM operation: ICBufferFull done

Memory protections (0 events):
No events

Nmethod flushes (20 events):
Event: 17.920 Thread 0x0000026fbbe75d50 flushing  nmethod 0x0000026fa8935890
Event: 17.920 Thread 0x0000026fbbe75d50 flushing  nmethod 0x0000026fa89af090
Event: 17.920 Thread 0x0000026fbbe75d50 flushing  nmethod 0x0000026fa89b0b90
Event: 17.920 Thread 0x0000026fbbe75d50 flushing  nmethod 0x0000026fa89b2690
Event: 17.920 Thread 0x0000026fbbe75d50 flushing  nmethod 0x0000026fa8a1de90
Event: 17.920 Thread 0x0000026fbbe75d50 flushing  nmethod 0x0000026fa8a6fa90
Event: 17.920 Thread 0x0000026fbbe75d50 flushing  nmethod 0x0000026fa8b7e790
Event: 17.920 Thread 0x0000026fbbe75d50 flushing  nmethod 0x0000026fa8b7f890
Event: 17.920 Thread 0x0000026fbbe75d50 flushing  nmethod 0x0000026fa8b82c10
Event: 17.920 Thread 0x0000026fbbe75d50 flushing  nmethod 0x0000026fa8bb5610
Event: 17.920 Thread 0x0000026fbbe75d50 flushing  nmethod 0x0000026fa8c7fc10
Event: 17.920 Thread 0x0000026fbbe75d50 flushing  nmethod 0x0000026fa8c83390
Event: 17.920 Thread 0x0000026fbbe75d50 flushing  nmethod 0x0000026fa8d9b810
Event: 17.920 Thread 0x0000026fbbe75d50 flushing  nmethod 0x0000026fa8e27110
Event: 17.920 Thread 0x0000026fbbe75d50 flushing  nmethod 0x0000026fa91c1010
Event: 17.920 Thread 0x0000026fbbe75d50 flushing  nmethod 0x0000026fa923bb10
Event: 17.920 Thread 0x0000026fbbe75d50 flushing  nmethod 0x0000026fa92df710
Event: 17.920 Thread 0x0000026fbbe75d50 flushing  nmethod 0x0000026fa92e2610
Event: 17.920 Thread 0x0000026fbbe75d50 flushing  nmethod 0x0000026fa92ff490
Event: 17.920 Thread 0x0000026fbbe75d50 flushing  nmethod 0x0000026fa92ff890

Events (18 events):
Event: 0.035 Thread 0x0000026fa2520b20 Thread added: 0x0000026fa2520b20
Event: 0.054 Thread 0x0000026fa2520b20 Thread added: 0x0000026fbbe93db0
Event: 0.054 Thread 0x0000026fa2520b20 Thread added: 0x0000026fbbe98c90
Event: 0.055 Thread 0x0000026fa2520b20 Thread added: 0x0000026fbbe9ab00
Event: 0.055 Thread 0x0000026fa2520b20 Thread added: 0x0000026fbbe9c9a0
Event: 0.055 Thread 0x0000026fa2520b20 Thread added: 0x0000026fbbea5460
Event: 0.055 Thread 0x0000026fa2520b20 Thread added: 0x0000026fbbea88e0
Event: 0.055 Thread 0x0000026fa2520b20 Thread added: 0x0000026fbbeae9f0
Event: 0.055 Thread 0x0000026fa2520b20 Thread added: 0x0000026ffd020090
Event: 0.085 Thread 0x0000026fa2520b20 Thread added: 0x0000026fbbea7530
Event: 0.088 Thread 0x0000026fa2520b20 Thread added: 0x0000026fbbea8250
Event: 0.121 Thread 0x0000026fbbeae9f0 Thread added: 0x0000026ffd1c8960
Event: 0.327 Thread 0x0000026ffd020090 Thread added: 0x0000026ffd502c00
Event: 0.641 Thread 0x0000026ffd502c00 Thread exited: 0x0000026ffd502c00
Event: 1.136 Thread 0x0000026ffd1c8960 Thread exited: 0x0000026ffd1c8960
Event: 2.321 Thread 0x0000026ffd020090 Thread added: 0x0000026ffe2e4630
Event: 2.338 Thread 0x0000026ffe2e4630 Thread added: 0x0000026ffe0ff730
Event: 4.214 Thread 0x0000026ffe0ff730 Thread exited: 0x0000026ffe0ff730


Dynamic libraries:
0x00007ff6c1d50000 - 0x00007ff6c1d5e000 	C:\Users\admin\.vscode\extensions\redhat.java-1.54.0-win32-x64\jre\21.0.10-win32-x86_64\bin\java.exe
0x00007ffb300f0000 - 0x00007ffb302e8000 	C:\WINDOWS\SYSTEM32\ntdll.dll
0x00007ffb2f1e0000 - 0x00007ffb2f2a2000 	C:\WINDOWS\System32\KERNEL32.DLL
0x00007ffb2d8d0000 - 0x00007ffb2dbc6000 	C:\WINDOWS\System32\KERNELBASE.dll
0x00007ffb2de00000 - 0x00007ffb2df00000 	C:\WINDOWS\System32\ucrtbase.dll
0x00007ffb053f0000 - 0x00007ffb05408000 	C:\Users\admin\.vscode\extensions\redhat.java-1.54.0-win32-x64\jre\21.0.10-win32-x86_64\bin\jli.dll
0x00007ffb2e4d0000 - 0x00007ffb2e671000 	C:\WINDOWS\System32\USER32.dll
0x00007ffb2d8a0000 - 0x00007ffb2d8c2000 	C:\WINDOWS\System32\win32u.dll
0x00007ffb2ff10000 - 0x00007ffb2ff3b000 	C:\WINDOWS\System32\GDI32.dll
0x00007ffb2dbd0000 - 0x00007ffb2dce9000 	C:\WINDOWS\System32\gdi32full.dll
0x00007ffb2d780000 - 0x00007ffb2d81d000 	C:\WINDOWS\System32\msvcp_win.dll
0x00007ffaf9a70000 - 0x00007ffaf9a8e000 	C:\Users\admin\.vscode\extensions\redhat.java-1.54.0-win32-x64\jre\21.0.10-win32-x86_64\bin\VCRUNTIME140.dll
0x00007ffb19c70000 - 0x00007ffb19f0b000 	C:\WINDOWS\WinSxS\amd64_microsoft.windows.common-controls_6595b64144ccf1df_6.0.19041.6456_none_60b8a6cb71f64256\COMCTL32.dll
0x00007ffb30010000 - 0x00007ffb300ae000 	C:\WINDOWS\System32\msvcrt.dll
0x00007ffb2fa20000 - 0x00007ffb2fa4f000 	C:\WINDOWS\System32\IMM32.DLL
0x00007ffb053e0000 - 0x00007ffb053ec000 	C:\Users\admin\.vscode\extensions\redhat.java-1.54.0-win32-x64\jre\21.0.10-win32-x86_64\bin\vcruntime140_1.dll
0x00007ffaf99e0000 - 0x00007ffaf9a6d000 	C:\Users\admin\.vscode\extensions\redhat.java-1.54.0-win32-x64\jre\21.0.10-win32-x86_64\bin\msvcp140.dll
0x00007ffa8e290000 - 0x00007ffa8f031000 	C:\Users\admin\.vscode\extensions\redhat.java-1.54.0-win32-x64\jre\21.0.10-win32-x86_64\bin\server\jvm.dll
0x00007ffb2f120000 - 0x00007ffb2f1d1000 	C:\WINDOWS\System32\ADVAPI32.dll
0x00007ffb2f080000 - 0x00007ffb2f11f000 	C:\WINDOWS\System32\sechost.dll
0x00007ffb2e830000 - 0x00007ffb2e950000 	C:\WINDOWS\System32\RPCRT4.dll
0x00007ffb2dd40000 - 0x00007ffb2dd67000 	C:\WINDOWS\System32\bcrypt.dll
0x00007ffb2fb30000 - 0x00007ffb2fb9b000 	C:\WINDOWS\System32\WS2_32.dll
0x00007ffb2d5e0000 - 0x00007ffb2d62b000 	C:\WINDOWS\SYSTEM32\POWRPROF.dll
0x00007ffb19fd0000 - 0x00007ffb19ff7000 	C:\WINDOWS\SYSTEM32\WINMM.dll
0x00007ffb26900000 - 0x00007ffb2690a000 	C:\WINDOWS\SYSTEM32\VERSION.dll
0x00007ffb2d5c0000 - 0x00007ffb2d5d2000 	C:\WINDOWS\SYSTEM32\UMPDC.dll
0x00007ffb2bf90000 - 0x00007ffb2bfa2000 	C:\WINDOWS\SYSTEM32\kernel.appcore.dll
0x00007ffb04640000 - 0x00007ffb0464a000 	C:\Users\admin\.vscode\extensions\redhat.java-1.54.0-win32-x64\jre\21.0.10-win32-x86_64\bin\jimage.dll
0x00007ffb2b380000 - 0x00007ffb2b581000 	C:\WINDOWS\SYSTEM32\DBGHELP.DLL
0x00007ffb0be80000 - 0x00007ffb0beb4000 	C:\WINDOWS\SYSTEM32\dbgcore.DLL
0x00007ffb2dd70000 - 0x00007ffb2ddf2000 	C:\WINDOWS\System32\bcryptPrimitives.dll
0x00007ffaf99c0000 - 0x00007ffaf99e0000 	C:\Users\admin\.vscode\extensions\redhat.java-1.54.0-win32-x64\jre\21.0.10-win32-x86_64\bin\java.dll
0x00007ffb2f2b0000 - 0x00007ffb2fa20000 	C:\WINDOWS\System32\SHELL32.dll
0x00007ffb2b7d0000 - 0x00007ffb2bf75000 	C:\WINDOWS\SYSTEM32\windows.storage.dll
0x00007ffb2e170000 - 0x00007ffb2e4c4000 	C:\WINDOWS\System32\combase.dll
0x00007ffb2d0d0000 - 0x00007ffb2d0fb000 	C:\WINDOWS\SYSTEM32\Wldp.dll
0x00007ffb2ff40000 - 0x00007ffb3000d000 	C:\WINDOWS\System32\OLEAUT32.dll
0x00007ffb2efc0000 - 0x00007ffb2f06d000 	C:\WINDOWS\System32\SHCORE.dll
0x00007ffb2ee70000 - 0x00007ffb2eecb000 	C:\WINDOWS\System32\shlwapi.dll
0x00007ffb2d6b0000 - 0x00007ffb2d6d4000 	C:\WINDOWS\SYSTEM32\profapi.dll
0x00007ffb03870000 - 0x00007ffb03880000 	C:\Users\admin\.vscode\extensions\redhat.java-1.54.0-win32-x64\jre\21.0.10-win32-x86_64\bin\net.dll
0x00007ffb25870000 - 0x00007ffb2597a000 	C:\WINDOWS\SYSTEM32\WINHTTP.dll
0x00007ffb2ce30000 - 0x00007ffb2ce9a000 	C:\WINDOWS\system32\mswsock.dll
0x00007ffaf8c90000 - 0x00007ffaf8ca6000 	C:\Users\admin\.vscode\extensions\redhat.java-1.54.0-win32-x64\jre\21.0.10-win32-x86_64\bin\nio.dll
0x00007ffaf99a0000 - 0x00007ffaf99b8000 	C:\Users\admin\.vscode\extensions\redhat.java-1.54.0-win32-x64\jre\21.0.10-win32-x86_64\bin\zip.dll
0x00007ffafdd10000 - 0x00007ffafdd20000 	C:\Users\admin\.vscode\extensions\redhat.java-1.54.0-win32-x64\jre\21.0.10-win32-x86_64\bin\verify.dll

JVMTI agents: none

dbghelp: loaded successfully - version: 4.0.5 - missing functions: none
symbol engine: initialized successfully - sym options: 0x614 - pdb path: .;C:\Users\admin\.vscode\extensions\redhat.java-1.54.0-win32-x64\jre\21.0.10-win32-x86_64\bin;C:\WINDOWS\SYSTEM32;C:\WINDOWS\WinSxS\amd64_microsoft.windows.common-controls_6595b64144ccf1df_6.0.19041.6456_none_60b8a6cb71f64256;C:\Users\admin\.vscode\extensions\redhat.java-1.54.0-win32-x64\jre\21.0.10-win32-x86_64\bin\server

VM Arguments:
java_command: org.jetbrains.kotlin.cli.jvm.K2JVMCompiler @C:\Users\admin\flutter\packages\flutter_tools\gradle\build\20260525_6625980990484481449.compiler.options
java_class_path (initial): C:\Users\admin\.gradle\caches\modules-2\files-2.1\org.jetbrains.kotlin\kotlin-compiler-embeddable\2.0.21\79346ed53db48b18312a472602eb5c057070c54d\kotlin-compiler-embeddable-2.0.21.jar;C:\Users\admin\.gradle\caches\modules-2\files-2.1\org.jetbrains.kotlin\kotlin-stdlib\2.0.21\618b539767b4899b4660a83006e052b63f1db551\kotlin-stdlib-2.0.21.jar;C:\Users\admin\.gradle\caches\modules-2\files-2.1\org.jetbrains.kotlin\kotlin-script-runtime\2.0.21\c9b044380ad41f89aa89aa896c2d32a8c0b2129d\kotlin-script-runtime-2.0.21.jar;C:\Users\admin\.gradle\caches\modules-2\files-2.1\org.jetbrains.kotlin\kotlin-reflect\1.6.10\1cbe9c92c12a94eea200d23c2bbaedaf3daf5132\kotlin-reflect-1.6.10.jar;C:\Users\admin\.gradle\caches\modules-2\files-2.1\org.jetbrains.kotlin\kotlin-daemon-embeddable\2.0.21\c9e933b23287de9b5a17e2116b4657bb91aea72c\kotlin-daemon-embeddable-2.0.21.jar;C:\Users\admin\.gradle\caches\modules-2\files-2.1\org.jetbrains.intellij.deps\trove4j\1.0.20200330\3afb14d5f9ceb459d724e907a21145e8ff394f02\trove4j-1.0.20200330.jar;C:\Users\admin\.gradle\caches\modules-2\files-2.1\org.jetbrains.kotlinx\kotlinx-coroutines-core-jvm\1.6.4\2c997cd1c0ef33f3e751d3831929aeff1390cb30\kotlinx-coroutines-core-jvm-1.6.4.jar;C:\Users\admin\.gradle\caches\modules-2\files-2.1\org.jetbrains\annotations\13.0\919f0dfe192fb4e063e7dacadee7f8bb9a2672a9\annotations-13.0.jar
Launcher Type: SUN_STANDARD

[Global flags]
     intx CICompilerCount                          = 4                                         {product} {ergonomic}
     uint ConcGCThreads                            = 2                                         {product} {ergonomic}
     uint G1ConcRefinementThreads                  = 8                                         {product} {ergonomic}
   size_t G1HeapRegionSize                         = 1048576                                   {product} {ergonomic}
    uintx GCDrainStackTargetSize                   = 64                                        {product} {ergonomic}
   size_t InitialHeapSize                          = 130023424                                 {product} {ergonomic}
   size_t MarkStackSize                            = 4194304                                   {product} {ergonomic}
   size_t MaxHeapSize                              = 2080374784                                {product} {ergonomic}
   size_t MaxNewSize                               = 1247805440                                {product} {ergonomic}
   size_t MinHeapDeltaBytes                        = 1048576                                   {product} {ergonomic}
   size_t MinHeapSize                              = 8388608                                   {product} {ergonomic}
    uintx NonNMethodCodeHeapSize                   = 5839372                                {pd product} {ergonomic}
    uintx NonProfiledCodeHeapSize                  = 122909434                              {pd product} {ergonomic}
    uintx ProfiledCodeHeapSize                     = 122909434                              {pd product} {ergonomic}
    uintx ReservedCodeCacheSize                    = 251658240                              {pd product} {ergonomic}
     bool SegmentedCodeCache                       = true                                      {product} {ergonomic}
   size_t SoftMaxHeapSize                          = 2080374784                             {manageable} {ergonomic}
     bool UseCompressedOops                        = true                           {product lp64_product} {ergonomic}
     bool UseG1GC                                  = true                                      {product} {ergonomic}
     bool UseLargePagesIndividualAllocation        = false                                  {pd product} {ergonomic}

Logging:
Log output configuration:
 #0: stdout all=warning uptime,level,tags foldmultilines=false
 #1: stderr all=off uptime,level,tags foldmultilines=false

Release file:
JAVA_VERSION="21.0.10" 
MODULES="java.base java.compiler java.datatransfer java.xml java.prefs java.desktop java.instrument java.logging java.management java.security.sasl java.naming java.rmi java.management.rmi java.net.http java.scripting java.security.jgss java.transaction.xa java.sql java.sql.rowset java.xml.crypto java.se java.smartcardio jdk.accessibility jdk.internal.jvmstat jdk.attach jdk.charsets jdk.internal.opt jdk.zipfs jdk.compiler jdk.crypto.ec jdk.crypto.cryptoki jdk.crypto.mscapi jdk.dynalink jdk.internal.ed jdk.editpad jdk.hotspot.agent jdk.httpserver jdk.internal.le jdk.internal.vm.ci jdk.internal.vm.compiler jdk.internal.vm.compiler.management jdk.jartool jdk.javadoc jdk.jcmd jdk.management jdk.management.agent jdk.jconsole jdk.jdeps jdk.jdwp.agent jdk.jdi jdk.jfr jdk.jshell jdk.jsobject jdk.jstatd jdk.localedata jdk.management.jfr jdk.naming.dns jdk.naming.rmi jdk.net jdk.nio.mapmode jdk.random jdk.sctp jdk.security.auth jdk.security.jgss jdk.unsupported jdk.unsupported.desktop jdk.xml.dom" 

Environment Variables:
JAVA_HOME=C:\Program Files\Eclipse Adoptium\jdk-25.0.2.10-hotspot
PATH=C:\Users\admin\AppData\Local\Programs\Python\Python313\Scripts\;C:\Users\admin\AppData\Local\Programs\Python\Python313\;C:\WINDOWS\system32;C:\WINDOWS;C:\WINDOWS\System32\Wbem;C:\WINDOWS\System32\WindowsPowerShell\v1.0\;C:\WINDOWS\System32\OpenSSH\;C:\ProgramData\chocolatey\bin;C:\Program Files\Git\cmd;C:\src\flutter\bin;C:\Android\cmdline-tools\latest\bin;C:\Android\platform-tools;C:\Program Files\Eclipse Adoptium\jdk-25.0.2.10-hotspot\bin;C:\Program Files\nodejs\;C:\Program Files\dotnet\;C:\Users\admin\AppData\Local\Programs\Python\Launcher\;C:\Users\admin\AppData\Local\Microsoft\WindowsApps;C:\Users\admin\AppData\Local\Programs\Microsoft VS Code\bin;C:\Users\admin\AppData\Roaming\npm;C:\Program Files\Antigravity\bin;C:\Users\admin\.dotnet\tools
USERNAME=admin
OS=Windows_NT
PROCESSOR_IDENTIFIER=Intel64 Family 6 Model 126 Stepping 5, GenuineIntel
TMP=C:\Users\admin\AppData\Local\Temp
TEMP=C:\Users\admin\AppData\Local\Temp




Periodic native trim disabled

---------------  S Y S T E M  ---------------

OS:
 Windows 10 , 64 bit Build 19041 (10.0.19041.5915)
OS uptime: 19 days 2:54 hours

CPU: total 8 (initial active 8) (4 cores per cpu, 2 threads per core) family 6 model 126 stepping 5 microcode 0xa0, cx8, cmov, fxsr, ht, mmx, 3dnowpref, sse, sse2, sse3, ssse3, sse4.1, sse4.2, popcnt, lzcnt, tsc, tscinvbit, avx, avx2, aes, erms, clmul, bmi1, bmi2, adx, avx512f, avx512dq, avx512cd, avx512bw, avx512vl, sha, fma, vzeroupper, avx512_vpopcntdq, avx512_vpclmulqdq, avx512_vaes, avx512_vnni, clflush, clflushopt, avx512_vbmi2, avx512_vbmi, rdtscp, rdpid, fsrm, gfni, avx512_bitalg, f16c, pku, avx512_ifma
Processor Information for the first 8 processors :
  Max Mhz: 1190, Current Mhz: 991, Mhz Limit: 987

Memory: 4k page, system-wide physical 7934M (384M free)
TotalPageFile size 16126M (AvailPageFile size 84M)
current process WorkingSet (physical memory assigned to process): 382M, peak: 386M
current process commit charge ("private bytes"): 419M, peak: 422M

vm_info: OpenJDK 64-Bit Server VM (21.0.10+7-LTS) for windows-amd64 JRE (21.0.10+7-LTS), built on 2026-01-20T00:00:00Z by "admin" with MS VC++ 17.12 (VS2022)

END.
